TN:
SF:Simulator/web/js/collab-client.mjs
FN:4,createCollabClient
FN:8,emit
FN:10,(anonymous_2)
FN:13,connect
FN:18,(anonymous_4)
FN:19,(anonymous_5)
FN:20,(anonymous_6)
FN:21,(anonymous_7)
FN:34,send
FN:40,createSession
FN:41,joinSession
FN:42,updateSession
FN:43,close
FN:45,on
FN:47,(anonymous_14)
FNF:15
FNH:0
FNDA:0,createCollabClient
FNDA:0,emit
FNDA:0,(anonymous_2)
FNDA:0,connect
FNDA:0,(anonymous_4)
FNDA:0,(anonymous_5)
FNDA:0,(anonymous_6)
FNDA:0,(anonymous_7)
FNDA:0,send
FNDA:0,createSession
FNDA:0,joinSession
FNDA:0,updateSession
FNDA:0,close
FNDA:0,on
FNDA:0,(anonymous_14)
DA:5,0
DA:6,0
DA:9,0
DA:10,0
DA:14,0
DA:15,0
DA:17,0
DA:18,0
DA:19,0
DA:20,0
DA:21,0
DA:22,0
DA:23,0
DA:24,0
DA:25,0
DA:26,0
DA:27,0
DA:28,0
DA:31,0
DA:35,0
DA:36,0
DA:37,0
DA:40,0
DA:41,0
DA:42,0
DA:43,0
DA:45,0
DA:47,0
LF:28
LH:0
BRDA:9,0,0,0
BRDA:9,0,1,0
BRDA:14,1,0,0
BRDA:14,1,1,0
BRDA:15,2,0,0
BRDA:15,2,1,0
BRDA:26,3,0,0
BRDA:26,3,1,0
BRDA:26,4,0,0
BRDA:26,4,1,0
BRDA:27,5,0,0
BRDA:27,5,1,0
BRDA:27,6,0,0
BRDA:27,6,1,0
BRDA:28,7,0,0
BRDA:28,7,1,0
BRDA:28,8,0,0
BRDA:28,8,1,0
BRDA:35,9,0,0
BRDA:35,9,1,0
BRDA:36,10,0,0
BRDA:36,10,1,0
BRDA:43,11,0,0
BRDA:43,11,1,0
BRDA:45,12,0,0
BRDA:45,12,1,0
BRF:26
BRH:0
end_of_record
TN:
SF:Simulator/web/js/controls.mjs
FNF:0
FNH:0
LF:0
LH:0
BRF:0
BRH:0
end_of_record
TN:
SF:Simulator/web/js/gcode-parser.mjs
FN:2,normalizeLine
FN:6,parseLine
FN:13,(anonymous_2)
FN:29,parse
FN:33,(anonymous_4)
FN:34,(anonymous_5)
FNF:6
FNH:6
FNDA:32,normalizeLine
FNDA:26,parseLine
FNDA:32,(anonymous_2)
FNDA:8,parse
FNDA:17,(anonymous_4)
FNDA:17,(anonymous_5)
DA:3,32
DA:7,26
DA:8,26
DA:10,14
DA:11,14
DA:13,14
DA:14,32
DA:15,32
DA:16,32
DA:17,32
DA:18,32
DA:19,32
DA:20,32
DA:22,0
DA:26,14
DA:30,8
DA:31,5
DA:33,17
DA:34,17
LF:19
LH:18
BRDA:3,0,0,32
BRDA:3,0,1,7
BRDA:8,1,0,12
BRDA:8,1,1,14
BRDA:8,2,0,26
BRDA:8,2,1,21
BRDA:8,2,2,16
BRDA:14,3,0,0
BRDA:14,3,1,32
BRDA:16,4,0,32
BRDA:16,4,1,0
BRDA:18,5,0,2
BRDA:18,5,1,30
BRDA:19,6,0,2
BRDA:19,6,1,30
BRDA:30,7,0,3
BRDA:30,7,1,5
BRF:17
BRH:15
end_of_record
TN:
SF:Simulator/web/js/gcode-transform.mjs
FNF:0
FNH:0
LF:0
LH:0
BRF:0
BRH:0
end_of_record
TN:
SF:Simulator/web/js/mesh.mjs
FNF:0
FNH:0
LF:0
LH:0
BRF:0
BRH:0
end_of_record
TN:
SF:Simulator/web/js/three-helper.mjs
FN:2,createSceneDefaults
FN:11,initThreeJS
FNF:2
FNH:2
FNDA:13,createSceneDefaults
FNDA:10,initThreeJS
DA:3,13
DA:12,10
DA:13,10
DA:14,9
DA:16,8
DA:17,8
DA:19,8
DA:20,8
DA:22,8
DA:23,8
DA:25,8
DA:26,8
DA:27,8
DA:29,8
DA:30,8
DA:32,8
DA:33,8
DA:34,8
DA:35,8
DA:36,8
DA:38,8
DA:39,8
DA:41,8
DA:42,8
DA:43,8
DA:44,8
DA:45,8
DA:47,8
DA:48,8
DA:49,8
DA:50,8
DA:51,8
DA:53,8
LF:33
LH:33
BRDA:11,0,0,7
BRDA:12,1,0,1
BRDA:12,1,1,9
BRDA:13,2,0,1
BRDA:13,2,1,9
BRDA:14,3,0,1
BRDA:14,3,1,8
BRDA:29,4,0,8
BRDA:29,4,1,7
BRDA:30,5,0,8
BRDA:30,5,1,7
BRF:11
BRH:11
end_of_record
TN:
SF:Simulator/web/js/tool-library.mjs
FNF:0
FNH:0
DA:14,0
DA:15,0
DA:16,0
DA:17,0
LF:4
LH:0
BRDA:14,0,0,0
BRDA:14,0,1,0
BRF:2
BRH:0
end_of_record
TN:
SF:Simulator/web/js/toolpath-renderer.mjs
FNF:0
FNH:0
DA:13,0
DA:14,0
DA:15,0
LF:3
LH:0
BRDA:13,0,0,0
BRDA:13,0,1,0
BRF:2
BRH:0
end_of_record
TN:
SF:Simulator/web/js/toolpath.mjs
FN:4,renderToolpath
FN:17,(anonymous_1)
FNF:2
FNH:0
FNDA:0,renderToolpath
FNDA:0,(anonymous_1)
DA:5,0
DA:6,0
DA:9,0
DA:10,0
DA:11,0
DA:15,0
DA:16,0
DA:17,0
DA:18,0
DA:20,0
DA:21,0
DA:23,0
DA:26,0
DA:27,0
DA:28,0
DA:29,0
DA:31,0
DA:32,0
DA:33,0
DA:34,0
DA:36,0
LF:21
LH:0
BRDA:4,0,0,0
BRDA:5,1,0,0
BRDA:5,1,1,0
BRDA:5,2,0,0
BRDA:5,2,1,0
BRDA:6,3,0,0
BRDA:6,3,1,0
BRDA:9,4,0,0
BRDA:9,4,1,0
BRDA:9,5,0,0
BRDA:9,5,1,0
BRDA:9,5,2,0
BRDA:10,6,0,0
BRDA:10,6,1,0
BRDA:21,7,0,0
BRDA:21,7,1,0
BRDA:21,8,0,0
BRDA:21,8,1,0
BRDA:22,9,0,0
BRDA:22,9,1,0
BRDA:22,10,0,0
BRDA:22,10,1,0
BRDA:29,11,0,0
BRDA:29,11,1,0
BRF:24
BRH:0
end_of_record
TN:
SF:modules/backend/collab/index.js
FN:4,(anonymous_0)
FN:9,(anonymous_1)
FN:23,(anonymous_2)
FN:34,(anonymous_3)
FN:51,(anonymous_4)
FN:62,(anonymous_5)
FN:67,createCollabServer
FNF:7
FNH:7
FNDA:27,(anonymous_0)
FNDA:30,(anonymous_1)
FNDA:6,(anonymous_2)
FNDA:7,(anonymous_3)
FNDA:4,(anonymous_4)
FNDA:5,(anonymous_5)
FNDA:27,createCollabServer
DA:1,5
DA:5,27
DA:6,27
DA:10,30
DA:11,29
DA:18,29
DA:19,29
DA:20,29
DA:24,6
DA:25,6
DA:26,5
DA:27,1
DA:29,4
DA:30,4
DA:31,4
DA:35,7
DA:36,7
DA:39,6
DA:40,1
DA:42,5
DA:43,1
DA:46,4
DA:47,4
DA:48,4
DA:52,4
DA:53,4
DA:54,3
DA:55,1
DA:57,2
DA:58,2
DA:59,2
DA:63,5
DA:68,27
DA:71,5
LF:34
LH:34
BRDA:9,0,0,4
BRDA:9,1,0,19
BRDA:10,2,0,1
BRDA:10,2,1,29
BRDA:15,3,0,29
BRDA:15,3,1,23
BRDA:16,4,0,29
BRDA:16,4,1,20
BRDA:25,5,0,1
BRDA:25,5,1,5
BRDA:26,6,0,1
BRDA:26,6,1,4
BRDA:26,7,0,5
BRDA:26,7,1,2
BRDA:34,8,0,5
BRDA:36,9,0,1
BRDA:36,9,1,6
BRDA:39,10,0,1
BRDA:39,10,1,5
BRDA:42,11,0,1
BRDA:42,11,1,4
BRDA:42,12,0,5
BRDA:42,12,1,2
BRDA:51,13,0,1
BRDA:53,14,0,1
BRDA:53,14,1,3
BRDA:54,15,0,1
BRDA:54,15,1,2
BRDA:54,16,0,3
BRDA:54,16,1,3
BRF:30
BRH:30
end_of_record
TN:
SF:modules/backend/collab/ws-server.js
FN:4,createWsCollabServer
FN:22,addClientToSession
FN:31,removeClient
FN:42,broadcastToSession
FN:51,(anonymous_4)
FN:53,(anonymous_5)
FN:122,(anonymous_6)
FN:128,(anonymous_7)
FN:139,(anonymous_8)
FN:149,(anonymous_9)
FNF:10
FNH:5
FNDA:7,createWsCollabServer
FNDA:0,addClientToSession
FNDA:0,removeClient
FNDA:3,broadcastToSession
FNDA:0,(anonymous_4)
FNDA:0,(anonymous_5)
FNDA:0,(anonymous_6)
FNDA:1,(anonymous_7)
FNDA:1,(anonymous_8)
FNDA:1,(anonymous_9)
DA:6,7
DA:9,7
DA:11,0
DA:14,7
DA:15,7
DA:17,6
DA:20,6
DA:23,0
DA:24,0
DA:25,0
DA:27,0
DA:28,0
DA:32,0
DA:33,0
DA:34,0
DA:35,0
DA:36,0
DA:37,0
DA:43,3
DA:44,3
DA:45,0
DA:46,0
DA:47,0
DA:51,6
DA:53,0
DA:54,0
DA:55,0
DA:56,0
DA:60,0
DA:62,0
DA:63,0
DA:64,0
DA:66,0
DA:67,0
DA:68,0
DA:69,0
DA:70,0
DA:72,0
DA:74,0
DA:75,0
DA:82,0
DA:83,0
DA:84,0
DA:85,0
DA:86,0
DA:88,0
DA:89,0
DA:95,0
DA:96,0
DA:97,0
DA:99,0
DA:100,0
DA:106,0
DA:107,0
DA:108,0
DA:109,0
DA:110,0
DA:117,0
DA:118,0
DA:122,0
DA:123,0
DA:128,6
DA:129,1
DA:130,1
DA:139,6
DA:140,1
DA:149,6
DA:150,1
DA:151,1
DA:159,6
DA:162,2
LF:71
LH:19
BRDA:4,0,0,0
BRDA:14,1,0,6
BRDA:15,2,0,1
BRDA:15,2,1,6
BRDA:23,3,0,0
BRDA:23,3,1,0
BRDA:33,4,0,0
BRDA:33,4,1,0
BRDA:35,5,0,0
BRDA:35,5,1,0
BRDA:37,6,0,0
BRDA:37,6,1,0
BRDA:44,7,0,3
BRDA:44,7,1,0
BRDA:45,8,0,0
BRDA:45,8,1,0
BRDA:47,9,0,0
BRDA:47,9,1,0
BRDA:47,10,0,0
BRDA:47,10,1,0
BRDA:56,11,0,0
BRDA:56,11,1,0
BRDA:60,12,0,0
BRDA:60,12,1,0
BRDA:60,12,2,0
BRDA:63,13,0,0
BRDA:63,13,1,0
BRDA:66,14,0,0
BRDA:66,14,1,0
BRDA:67,15,0,0
BRDA:67,15,1,0
BRDA:67,16,0,0
BRDA:67,16,1,0
BRDA:68,17,0,0
BRDA:68,17,1,0
BRDA:70,18,0,0
BRDA:70,18,1,0
BRDA:82,19,0,0
BRDA:82,19,1,0
BRDA:84,20,0,0
BRDA:84,20,1,0
BRDA:85,21,0,0
BRDA:85,21,1,0
BRDA:92,22,0,0
BRDA:92,22,1,0
BRDA:95,23,0,0
BRDA:95,23,1,0
BRDA:97,24,0,0
BRDA:97,24,1,0
BRDA:99,25,0,0
BRDA:99,25,1,0
BRDA:106,26,0,0
BRDA:106,26,1,0
BRDA:117,27,0,0
BRDA:117,27,1,0
BRDA:117,28,0,0
BRDA:117,28,1,0
BRDA:129,29,0,1
BRDA:129,29,1,0
BRDA:150,30,0,1
BRDA:150,30,1,0
BRF:61
BRH:6
end_of_record
TN:
SF:modules/backend/firmware/mock-grbl.js
FN:5,(anonymous_0)
FN:16,(anonymous_1)
FN:22,(anonymous_2)
FN:24,(anonymous_3)
FN:29,(anonymous_4)
FN:60,(anonymous_5)
FN:63,(anonymous_6)
FN:92,(anonymous_7)
FN:98,(anonymous_8)
FN:108,(anonymous_9)
FN:112,(anonymous_10)
FN:119,(anonymous_11)
FN:135,(anonymous_12)
FN:139,(anonymous_13)
FN:142,(anonymous_14)
FN:150,(anonymous_15)
FN:156,(anonymous_16)
FN:165,(anonymous_17)
FN:170,(anonymous_18)
FN:181,(anonymous_19)
FN:192,createMockGRBL
FNF:21
FNH:21
FNDA:21,(anonymous_0)
FNDA:13,(anonymous_1)
FNDA:61,(anonymous_2)
FNDA:31,(anonymous_3)
FNDA:23,(anonymous_4)
FNDA:15,(anonymous_5)
FNDA:15,(anonymous_6)
FNDA:14,(anonymous_7)
FNDA:15,(anonymous_8)
FNDA:18,(anonymous_9)
FNDA:1,(anonymous_10)
FNDA:1,(anonymous_11)
FNDA:13,(anonymous_12)
FNDA:1,(anonymous_13)
FNDA:1,(anonymous_14)
FNDA:2,(anonymous_15)
FNDA:2,(anonymous_16)
FNDA:3,(anonymous_17)
FNDA:11,(anonymous_18)
FNDA:1,(anonymous_19)
FNDA:21,createMockGRBL
DA:6,21
DA:7,21
DA:8,21
DA:9,21
DA:10,21
DA:11,21
DA:12,21
DA:13,21
DA:17,13
DA:18,13
DA:23,61
DA:24,61
DA:30,23
DA:33,23
DA:34,1
DA:35,1
DA:37,22
DA:38,1
DA:39,1
DA:41,21
DA:42,1
DA:43,1
DA:45,20
DA:46,2
DA:47,2
DA:49,18
DA:50,2
DA:51,2
DA:53,16
DA:54,1
DA:55,1
DA:59,15
DA:60,15
DA:64,15
DA:67,15
DA:68,4
DA:69,4
DA:70,4
DA:71,4
DA:72,4
DA:76,15
DA:77,15
DA:78,15
DA:79,15
DA:82,15
DA:83,3
DA:85,15
DA:86,1
DA:89,15
DA:92,15
DA:93,14
DA:94,14
DA:99,15
DA:100,15
DA:102,15
DA:103,26
DA:105,15
DA:109,18
DA:113,1
DA:116,1
DA:120,1
DA:135,13
DA:136,1
DA:140,1
DA:141,1
DA:142,1
DA:143,1
DA:144,1
DA:145,1
DA:146,1
DA:151,2
DA:152,2
DA:153,2
DA:157,2
DA:158,2
DA:159,2
DA:161,2
DA:166,3
DA:171,11
DA:182,1
DA:183,1
DA:184,1
DA:185,1
DA:186,1
DA:187,1
DA:188,1
DA:193,21
DA:196,1
LF:88
LH:88
BRDA:5,0,0,0
BRDA:12,1,0,21
BRDA:12,1,1,0
BRDA:17,2,0,13
BRDA:17,2,1,0
BRDA:23,3,0,61
BRDA:23,3,1,0
BRDA:33,4,0,1
BRDA:33,4,1,22
BRDA:37,5,0,1
BRDA:37,5,1,21
BRDA:41,6,0,1
BRDA:41,6,1,20
BRDA:45,7,0,2
BRDA:45,7,1,18
BRDA:49,8,0,2
BRDA:49,8,1,16
BRDA:53,9,0,1
BRDA:53,9,1,15
BRDA:67,10,0,4
BRDA:67,10,1,11
BRDA:67,11,0,15
BRDA:67,11,1,13
BRDA:68,12,0,2
BRDA:68,12,1,2
BRDA:69,13,0,2
BRDA:69,13,1,2
BRDA:70,14,0,3
BRDA:70,14,1,1
BRDA:71,15,0,2
BRDA:71,15,1,2
BRDA:76,16,0,1
BRDA:76,16,1,14
BRDA:77,17,0,2
BRDA:77,17,1,13
BRDA:78,18,0,2
BRDA:78,18,1,13
BRDA:79,19,0,1
BRDA:79,19,1,14
BRDA:82,20,0,3
BRDA:82,20,1,12
BRDA:82,21,0,15
BRDA:82,21,1,13
BRDA:85,22,0,1
BRDA:85,22,1,14
BRDA:157,23,0,2
BRDA:157,23,1,0
BRF:47
BRH:42
end_of_record
TN:
SF:modules/backend/firmware-gateway/index.js
FN:8,(anonymous_0)
FN:15,(anonymous_1)
FN:18,(anonymous_2)
FN:27,(anonymous_3)
FN:30,(anonymous_4)
FN:39,(anonymous_5)
FN:45,(anonymous_6)
FN:52,(anonymous_7)
FN:55,createGateway
FNF:9
FNH:9
FNDA:8,(anonymous_0)
FNDA:4,(anonymous_1)
FNDA:3,(anonymous_2)
FNDA:5,(anonymous_3)
FNDA:3,(anonymous_4)
FNDA:3,(anonymous_5)
FNDA:1,(anonymous_6)
FNDA:2,(anonymous_7)
FNDA:8,createGateway
DA:1,1
DA:9,8
DA:10,8
DA:11,8
DA:12,8
DA:16,4
DA:18,3
DA:19,3
DA:20,3
DA:21,3
DA:24,1
DA:28,5
DA:29,4
DA:30,3
DA:31,3
DA:32,3
DA:33,3
DA:35,1
DA:36,1
DA:40,3
DA:41,2
DA:42,2
DA:43,2
DA:45,1
DA:46,1
DA:47,1
DA:49,1
DA:52,2
DA:56,8
DA:59,1
LF:30
LH:30
BRDA:8,0,0,0
BRDA:8,1,0,0
BRDA:16,2,0,3
BRDA:16,2,1,1
BRDA:28,3,0,1
BRDA:28,3,1,4
BRDA:29,4,0,3
BRDA:29,4,1,1
BRDA:40,5,0,1
BRDA:40,5,1,2
BRDA:43,6,0,1
BRDA:43,6,1,1
BRDA:55,7,0,0
BRF:13
BRH:10
end_of_record
TN:
SF:modules/backend/firmware-queue/index.js
FN:4,(anonymous_0)
FN:10,(anonymous_1)
FN:16,(anonymous_2)
FN:22,(anonymous_3)
FN:24,(anonymous_4)
FN:26,(anonymous_5)
FN:31,(anonymous_6)
FN:47,createQueue
FNF:8
FNH:8
FNDA:15,(anonymous_0)
FNDA:18,(anonymous_1)
FNDA:10,(anonymous_2)
FNDA:1,(anonymous_3)
FNDA:7,(anonymous_4)
FNDA:2,(anonymous_5)
FNDA:8,(anonymous_6)
FNDA:15,createQueue
DA:1,1
DA:5,15
DA:6,15
DA:7,15
DA:11,18
DA:12,18
DA:13,18
DA:17,10
DA:18,10
DA:19,10
DA:22,1
DA:24,7
DA:27,2
DA:28,2
DA:32,8
DA:33,7
DA:34,7
DA:35,6
DA:36,6
DA:37,6
DA:38,6
DA:39,6
DA:40,6
DA:42,6
DA:47,15
DA:49,1
LF:26
LH:26
BRDA:18,0,0,8
BRDA:18,0,1,2
BRDA:32,1,0,1
BRDA:32,1,1,7
BRDA:34,2,0,1
BRDA:34,2,1,6
BRF:6
BRH:6
end_of_record
TN:
SF:modules/backend/gateway/ws-bridge.js
FN:5,createWsBridge
FN:22,(anonymous_1)
FN:24,(anonymous_2)
FN:35,(anonymous_3)
FN:42,(anonymous_4)
FNF:5
FNH:0
FNDA:0,createWsBridge
FNDA:0,(anonymous_1)
FNDA:0,(anonymous_2)
FNDA:0,(anonymous_3)
FNDA:0,(anonymous_4)
DA:8,0
DA:11,0
DA:13,0
DA:16,0
DA:17,0
DA:19,0
DA:22,0
DA:24,0
DA:25,0
DA:27,0
DA:30,0
DA:35,0
DA:36,0
DA:39,0
DA:42,0
DA:45,0
DA:48,0
LF:17
LH:0
BRDA:5,0,0,0
BRDA:16,1,0,0
BRDA:17,2,0,0
BRDA:17,2,1,0
BRDA:30,3,0,0
BRDA:30,3,1,0
BRDA:30,4,0,0
BRDA:30,4,1,0
BRDA:36,5,0,0
BRDA:36,5,1,0
BRDA:36,6,0,0
BRDA:36,6,1,0
BRF:12
BRH:0
end_of_record
TN:
SF:modules/backend/server/http-server.js
FN:8,parseJSONBody
FN:9,(anonymous_1)
FN:11,(anonymous_2)
FN:12,(anonymous_3)
FN:23,createSimpleHttpServer
FN:24,(anonymous_5)
FNF:6
FNH:6
FNDA:12,parseJSONBody
FNDA:12,(anonymous_1)
FNDA:12,(anonymous_2)
FNDA:12,(anonymous_3)
FNDA:4,createSimpleHttpServer
FNDA:27,(anonymous_5)
DA:1,4
DA:2,4
DA:3,4
DA:4,4
DA:5,4
DA:6,4
DA:9,12
DA:10,12
DA:11,12
DA:12,12
DA:13,12
DA:14,12
DA:16,2
DA:19,12
DA:24,4
DA:25,27
DA:26,27
DA:27,27
DA:28,1
DA:29,1
DA:33,26
DA:34,3
DA:35,3
DA:36,3
DA:39,23
DA:40,7
DA:41,7
DA:42,6
DA:43,6
DA:44,4
DA:45,4
DA:46,4
DA:48,3
DA:49,3
DA:53,16
DA:54,5
DA:55,5
DA:56,4
DA:57,4
DA:58,3
DA:59,3
DA:60,3
DA:62,2
DA:63,2
DA:67,11
DA:68,4
DA:69,4
DA:70,4
DA:71,2
DA:72,2
DA:73,2
DA:75,2
DA:76,2
DA:81,7
DA:82,4
DA:83,4
DA:84,4
DA:85,2
DA:86,2
DA:88,2
DA:89,2
DA:90,2
DA:94,3
DA:95,3
DA:96,3
DA:100,3
DA:101,2
DA:102,2
DA:103,2
DA:104,2
DA:105,2
DA:106,2
DA:110,1
DA:111,1
DA:114,4
DA:117,4
LF:76
LH:76
BRDA:14,0,0,12
BRDA:14,0,1,0
BRDA:27,1,0,1
BRDA:27,1,1,26
BRDA:33,2,0,3
BRDA:33,2,1,23
BRDA:33,3,0,26
BRDA:33,3,1,14
BRDA:39,4,0,7
BRDA:39,4,1,16
BRDA:39,5,0,23
BRDA:39,5,1,12
BRDA:53,6,0,5
BRDA:53,6,1,11
BRDA:53,7,0,16
BRDA:53,7,1,5
BRDA:56,8,0,4
BRDA:56,8,1,0
BRDA:67,9,0,4
BRDA:67,9,1,7
BRDA:67,10,0,11
BRDA:67,10,1,11
BRDA:81,11,0,4
BRDA:81,11,1,3
BRDA:81,12,0,7
BRDA:81,12,1,7
BRDA:84,13,0,2
BRDA:84,13,1,2
BRDA:95,14,0,3
BRDA:95,14,1,0
BRDA:98,15,0,1
BRDA:98,15,1,2
BRDA:100,16,0,2
BRDA:100,16,1,1
BRDA:100,17,0,3
BRDA:100,17,1,2
BRDA:102,18,0,2
BRDA:102,18,1,0
BRDA:103,19,0,0
BRDA:103,19,1,2
BRDA:104,20,0,0
BRDA:104,20,1,2
BRF:42
BRH:36
end_of_record
TN:
SF:modules/backend/server/index.js
FN:8,writeGCodeFile
FN:16,readGCodeFile
FN:26,createAppIfAvailable
FN:33,(anonymous_3)
FN:34,(anonymous_4)
FN:41,(anonymous_5)
FN:62,start
FN:65,(anonymous_7)
FNF:8
FNH:7
FNDA:33,writeGCodeFile
FNDA:20,readGCodeFile
FNDA:10,createAppIfAvailable
FNDA:1,(anonymous_3)
FNDA:3,(anonymous_4)
FNDA:2,(anonymous_5)
FNDA:2,start
FNDA:0,(anonymous_7)
DA:1,8
DA:2,8
DA:4,8
DA:5,8
DA:9,33
DA:10,19
DA:11,19
DA:12,19
DA:13,19
DA:17,20
DA:18,20
DA:19,20
DA:20,14
DA:27,10
DA:30,10
DA:31,10
DA:32,10
DA:33,10
DA:34,10
DA:35,3
DA:36,3
DA:37,3
DA:38,1
DA:39,2
DA:41,10
DA:42,2
DA:43,2
DA:44,1
DA:45,1
DA:47,1
DA:52,10
DA:53,10
DA:55,10
DA:57,0
DA:63,2
DA:64,2
DA:65,2
DA:66,2
DA:69,8
LF:39
LH:38
BRDA:5,0,0,0
BRDA:5,0,1,8
BRDA:9,1,0,14
BRDA:9,1,1,19
BRDA:9,2,0,33
BRDA:9,2,1,27
BRDA:17,3,0,20
BRDA:17,3,1,6
BRDA:19,4,0,6
BRDA:19,4,1,14
BRDA:36,5,0,3
BRDA:36,5,1,0
BRDA:53,6,0,10
BRDA:53,6,1,0
BRDA:62,7,0,0
BRDA:64,8,0,0
BRDA:64,8,1,2
BRF:17
BRH:12
end_of_record
TN:
SF:modules/backend/session/index.js
FN:7,saveSession
FN:15,loadSession
FN:23,listSessions
FN:24,(anonymous_3)
FNF:4
FNH:4
FNDA:8,saveSession
FNDA:7,loadSession
FNDA:1,listSessions
FNDA:3,(anonymous_3)
DA:1,6
DA:2,6
DA:4,6
DA:5,6
DA:8,8
DA:9,7
DA:10,7
DA:11,7
DA:12,7
DA:16,7
DA:17,7
DA:18,7
DA:19,4
DA:20,4
DA:24,3
DA:27,6
LF:16
LH:16
BRDA:5,0,0,0
BRDA:5,0,1,6
BRDA:8,1,0,1
BRDA:8,1,1,7
BRDA:8,2,0,8
BRDA:8,2,1,7
BRDA:16,3,0,7
BRDA:16,3,1,0
BRDA:18,4,0,3
BRDA:18,4,1,4
BRF:10
BRH:8
end_of_record
TN:
SF:modules/backend/streaming/position-streamer.js
FN:4,(anonymous_0)
FN:12,(anonymous_1)
FN:15,(anonymous_2)
FN:25,(anonymous_3)
FN:32,(anonymous_4)
FN:35,createStreamer
FNF:6
FNH:6
FNDA:1,(anonymous_0)
FNDA:1,(anonymous_1)
FNDA:5,(anonymous_2)
FNDA:1,(anonymous_3)
FNDA:2,(anonymous_4)
FNDA:1,createStreamer
DA:1,1
DA:5,1
DA:6,1
DA:7,1
DA:8,1
DA:9,1
DA:13,1
DA:14,1
DA:15,1
DA:17,5
DA:18,5
DA:19,5
DA:20,5
DA:21,5
DA:26,1
DA:27,1
DA:28,1
DA:29,1
DA:32,2
DA:35,1
DA:37,1
LF:21
LH:21
BRDA:4,0,0,0
BRDA:4,1,0,0
BRDA:13,2,0,0
BRDA:13,2,1,1
BRDA:26,3,0,0
BRDA:26,3,1,1
BRF:6
BRH:2
end_of_record
TN:
SF:modules/cli/gcode-convert.mjs
FN:3,convertToTwoDigitGCodes
FN:4,(anonymous_1)
FN:5,(anonymous_2)
FN:9,convert
FNF:4
FNH:4
FNDA:7,convertToTwoDigitGCodes
FNDA:13,(anonymous_1)
FNDA:7,(anonymous_2)
FNDA:3,convert
DA:4,7
DA:5,13
DA:10,3
DA:11,2
DA:13,1
LF:5
LH:5
BRDA:4,0,0,7
BRDA:4,0,1,2
BRDA:9,1,0,1
BRDA:10,2,0,1
BRDA:10,2,1,2
BRDA:11,3,0,1
BRDA:11,3,1,1
BRF:7
BRH:7
end_of_record
TN:
SF:modules/cli/gcode-validate.mjs
FN:4,validateGCode
FN:7,(anonymous_1)
FN:8,(anonymous_2)
FN:11,(anonymous_3)
FN:16,(anonymous_4)
FNF:5
FNH:5
FNDA:18,validateGCode
FNDA:31,(anonymous_1)
FNDA:31,(anonymous_2)
FNDA:26,(anonymous_3)
FNDA:56,(anonymous_4)
DA:5,18
DA:7,31
DA:8,31
DA:9,18
DA:11,18
DA:13,26
DA:14,24
DA:16,24
DA:18,56
DA:19,56
DA:20,4
DA:22,52
DA:24,52
DA:25,52
DA:26,1
DA:32,18
LF:16
LH:16
BRDA:5,0,0,18
BRDA:5,0,1,3
BRDA:13,1,0,2
BRDA:13,1,1,24
BRDA:13,2,0,26
BRDA:13,2,1,25
BRDA:19,3,0,4
BRDA:19,3,1,52
BRDA:25,4,0,1
BRDA:25,4,1,51
BRF:10
BRH:10
end_of_record
TN:
SF:modules/cli/simulate-batch.mjs
FN:3,simulateBatchFromText
FN:7,(anonymous_1)
FN:19,(anonymous_2)
FN:20,(anonymous_3)
FN:21,(anonymous_4)
FN:22,(anonymous_5)
FNF:6
FNH:6
FNDA:4,simulateBatchFromText
FNDA:10,(anonymous_1)
FNDA:10,(anonymous_2)
FNDA:10,(anonymous_3)
FNDA:10,(anonymous_4)
FNDA:10,(anonymous_5)
DA:4,4
DA:5,4
DA:6,4
DA:7,4
DA:8,10
DA:9,10
DA:10,10
DA:11,10
DA:12,10
DA:15,4
DA:19,10
DA:20,10
DA:21,10
DA:22,10
DA:26,4
LF:15
LH:15
BRDA:8,0,0,10
BRDA:8,0,1,0
BRDA:9,1,0,7
BRDA:9,1,1,3
BRDA:10,2,0,7
BRDA:10,2,1,3
BRDA:11,3,0,1
BRDA:11,3,1,9
BRDA:12,4,0,4
BRDA:12,4,1,6
BRDA:12,5,0,6
BRDA:12,5,1,0
BRF:12
BRH:10
end_of_record
TN:
SF:modules/cli/toolpath-stats.mjs
FN:1,distance
FN:8,computeToolpathStats
FNF:2
FNH:2
FNDA:3,distance
FNDA:2,computeToolpathStats
DA:2,3
DA:3,3
DA:4,3
DA:5,3
DA:10,2
DA:11,2
DA:13,1
DA:14,1
DA:15,1
DA:16,1
DA:17,1
DA:18,1
DA:20,1
DA:21,1
DA:22,1
DA:23,1
LF:16
LH:16
BRDA:2,0,0,3
BRDA:2,0,1,1
BRDA:2,1,0,3
BRDA:2,1,1,2
BRDA:3,2,0,3
BRDA:3,2,1,1
BRDA:3,3,0,3
BRDA:3,3,1,3
BRDA:4,4,0,3
BRDA:4,4,1,3
BRDA:4,5,0,3
BRDA:4,5,1,3
BRDA:8,6,0,0
BRDA:8,7,0,2
BRDA:11,8,0,1
BRDA:11,8,1,1
BRDA:11,9,0,2
BRDA:11,9,1,2
BRDA:13,10,0,1
BRDA:13,10,1,1
BRDA:22,11,0,1
BRDA:22,11,1,0
BRF:22
BRH:20
end_of_record
TN:
SF:modules/cli/bin/apply-leveling.js
FN:4,main
FN:34,(anonymous_1)
FNF:2
FNH:0
FNDA:0,main
FNDA:0,(anonymous_1)
DA:2,0
DA:5,0
DA:6,0
DA:7,0
DA:8,0
DA:10,0
DA:11,0
DA:12,0
DA:13,0
DA:15,0
DA:16,0
DA:17,0
DA:20,0
DA:21,0
DA:23,0
DA:24,0
DA:26,0
DA:27,0
DA:28,0
DA:30,0
DA:34,0
DA:35,0
DA:36,0
LF:23
LH:0
BRDA:6,0,0,0
BRDA:6,0,1,0
BRDA:11,1,0,0
BRDA:11,1,1,0
BRDA:15,2,0,0
BRDA:15,2,1,0
BRDA:26,3,0,0
BRDA:26,3,1,0
BRDA:26,4,0,0
BRDA:26,4,1,0
BRF:10
BRH:0
end_of_record
TN:
SF:modules/cli/bin/gcode-convert.js
FN:5,main
FNF:1
FNH:0
FNDA:0,main
DA:2,0
DA:3,0
DA:5,0
DA:6,0
DA:7,0
DA:8,0
DA:9,0
DA:10,0
DA:11,0
DA:12,0
DA:13,0
DA:14,0
DA:15,0
LF:13
LH:0
BRDA:7,0,0,0
BRDA:7,0,1,0
BRDA:10,1,0,0
BRDA:10,1,1,0
BRDA:11,2,0,0
BRDA:11,2,1,0
BRF:6
BRH:0
end_of_record
TN:
SF:modules/cli/bin/gcode-validate.js
FN:27,(anonymous_0)
FNF:1
FNH:0
FNDA:0,(anonymous_0)
DA:2,0
DA:3,0
DA:4,0
DA:6,0
DA:7,0
DA:8,0
DA:9,0
DA:10,0
DA:13,0
DA:14,0
DA:15,0
DA:16,0
DA:17,0
DA:20,0
DA:21,0
DA:22,0
DA:23,0
DA:24,0
DA:26,0
DA:27,0
DA:28,0
LF:21
LH:0
BRDA:7,0,0,0
BRDA:7,0,1,0
BRDA:14,1,0,0
BRDA:14,1,1,0
BRDA:22,2,0,0
BRDA:22,2,1,0
BRF:6
BRH:0
end_of_record
TN:
SF:modules/cli/bin/simulate-batch.js
FN:5,main
FNF:1
FNH:0
FNDA:0,main
DA:2,0
DA:3,0
DA:5,0
DA:6,0
DA:7,0
DA:8,0
DA:9,0
DA:11,0
DA:12,0
DA:13,0
DA:14,0
DA:15,0
DA:16,0
DA:17,0
DA:18,0
LF:15
LH:0
BRDA:7,0,0,0
BRDA:7,0,1,0
BRDA:12,1,0,0
BRDA:12,1,1,0
BRF:4
BRH:0
end_of_record
TN:
SF:modules/cli/bin/toolpath-stats.js
FN:5,main
FNF:1
FNH:0
FNDA:0,main
DA:2,0
DA:3,0
DA:5,0
DA:6,0
DA:7,0
DA:8,0
DA:9,0
DA:10,0
DA:11,0
DA:12,0
DA:13,0
DA:14,0
DA:15,0
LF:13
LH:0
BRDA:7,0,0,0
BRDA:7,0,1,0
BRDA:9,1,0,0
BRDA:9,1,1,0
BRDA:11,2,0,0
BRDA:11,2,1,0
BRF:6
BRH:0
end_of_record
TN:
SF:modules/gcode/optimizer.mjs
FN:4,optimizeGCode
FNF:1
FNH:1
FNDA:4,optimizeGCode
DA:5,4
DA:6,2
DA:7,2
DA:8,2
DA:9,2
DA:10,6
DA:11,6
DA:12,6
DA:13,6
DA:15,6
DA:17,1
DA:19,5
DA:20,5
DA:22,2
LF:14
LH:14
BRDA:5,0,0,2
BRDA:5,0,1,2
BRDA:10,1,0,6
BRDA:10,1,1,0
BRDA:11,2,0,6
BRDA:11,2,1,0
BRDA:12,3,0,6
BRDA:12,3,1,0
BRDA:13,4,0,0
BRDA:13,4,1,6
BRDA:15,5,0,1
BRDA:15,5,1,5
BRDA:15,6,0,6
BRDA:15,6,1,0
BRDA:15,6,2,0
BRDA:15,6,3,6
BRDA:15,6,4,1
BRDA:15,6,5,1
BRF:18
BRH:12
end_of_record
TN:
SF:modules/gcode/parser.js
FN:4,normalizeLine
FN:8,parseLine
FN:15,(anonymous_2)
FN:33,parse
FN:37,(anonymous_4)
FN:38,(anonymous_5)
FNF:6
FNH:6
FNDA:27131,normalizeLine
FNDA:27131,parseLine
FNDA:134981,(anonymous_2)
FNDA:7,parse
FNDA:17110,(anonymous_4)
FNDA:17110,(anonymous_5)
DA:5,27131
DA:9,27131
DA:10,27131
DA:12,26822
DA:13,26822
DA:15,26822
DA:16,134981
DA:18,134981
DA:19,134981
DA:20,134378
DA:21,134378
DA:22,134378
DA:23,134378
DA:26,603
DA:30,26822
DA:34,7
DA:35,7
DA:37,17110
DA:38,17110
DA:41,3
LF:20
LH:20
BRDA:5,0,0,27131
BRDA:5,0,1,4
BRDA:10,1,0,309
BRDA:10,1,1,26822
BRDA:10,2,0,27131
BRDA:10,2,1,27026
BRDA:10,2,2,26923
BRDA:16,3,0,0
BRDA:16,3,1,134981
BRDA:19,4,0,134378
BRDA:19,4,1,603
BRDA:21,5,0,1
BRDA:21,5,1,134377
BRDA:22,6,0,1
BRDA:22,6,1,134377
BRDA:34,7,0,0
BRDA:34,7,1,7
BRF:17
BRH:15
end_of_record
TN:
SF:modules/gcode/parser.mjs
FN:2,normalizeLine
FN:8,parseLine
FN:15,(anonymous_2)
FN:56,parse
FN:60,(anonymous_4)
FN:61,(anonymous_5)
FNF:6
FNH:6
FNDA:232,normalizeLine
FNDA:232,parseLine
FNDA:355,(anonymous_2)
FNDA:48,parse
FNDA:204,(anonymous_4)
FNDA:204,(anonymous_5)
DA:3,232
DA:9,232
DA:10,232
DA:12,176
DA:13,176
DA:15,176
DA:16,355
DA:17,355
DA:18,355
DA:19,351
DA:20,351
DA:21,351
DA:22,351
DA:24,4
DA:30,176
DA:31,40
DA:35,176
DA:36,18
DA:40,176
DA:41,29
DA:43,29
DA:44,26
DA:49,176
DA:50,5
DA:53,176
DA:57,48
DA:58,45
DA:60,204
DA:61,204
LF:29
LH:29
BRDA:3,0,0,232
BRDA:3,0,1,48
BRDA:10,1,0,56
BRDA:10,1,1,176
BRDA:10,2,0,232
BRDA:10,2,1,183
BRDA:10,2,2,177
BRDA:16,3,0,0
BRDA:16,3,1,355
BRDA:18,4,0,351
BRDA:18,4,1,4
BRDA:20,5,0,0
BRDA:20,5,1,351
BRDA:21,6,0,0
BRDA:21,6,1,351
BRDA:30,7,0,40
BRDA:30,7,1,136
BRDA:35,8,0,18
BRDA:35,8,1,158
BRDA:35,9,0,176
BRDA:35,9,1,176
BRDA:40,10,0,29
BRDA:40,10,1,147
BRDA:40,11,0,176
BRDA:40,11,1,176
BRDA:43,12,0,26
BRDA:43,12,1,3
BRDA:49,13,0,5
BRDA:49,13,1,171
BRDA:49,14,0,176
BRDA:49,14,1,176
BRDA:57,15,0,3
BRDA:57,15,1,45
BRF:33
BRH:30
end_of_record
TN:
SF:modules/gcode/tool-library.mjs
FN:5,(anonymous_0)
FN:15,(anonymous_1)
FN:39,(anonymous_2)
FN:60,(anonymous_3)
FN:73,(anonymous_4)
FN:83,(anonymous_5)
FN:92,(anonymous_6)
FN:99,(anonymous_7)
FN:108,(anonymous_8)
FN:109,(anonymous_9)
FN:116,(anonymous_10)
FN:124,(anonymous_11)
FN:137,(anonymous_12)
FN:149,(anonymous_13)
FNF:14
FNH:14
FNDA:61,(anonymous_0)
FNDA:110,(anonymous_1)
FNDA:102,(anonymous_2)
FNDA:71,(anonymous_3)
FNDA:5,(anonymous_4)
FNDA:190,(anonymous_5)
FNDA:12,(anonymous_6)
FNDA:8,(anonymous_7)
FNDA:2,(anonymous_8)
FNDA:4,(anonymous_9)
FNDA:8,(anonymous_10)
FNDA:6,(anonymous_11)
FNDA:3,(anonymous_12)
FNDA:18,(anonymous_13)
DA:6,61
DA:7,61
DA:16,110
DA:40,102
DA:52,102
DA:61,71
DA:62,4
DA:63,4
DA:65,71
DA:66,71
DA:74,5
DA:75,4
DA:84,190
DA:93,12
DA:100,8
DA:101,8
DA:109,4
DA:117,8
DA:120,7
DA:123,7
DA:124,6
DA:128,7
DA:129,3
DA:138,3
DA:150,18
DA:155,2
DA:204,2
LF:27
LH:27
BRDA:18,0,0,110
BRDA:18,0,1,61
BRDA:19,1,0,110
BRDA:19,1,1,105
BRDA:20,2,0,110
BRDA:20,2,1,98
BRDA:21,3,0,110
BRDA:21,3,1,107
BRDA:22,4,0,110
BRDA:22,4,1,86
BRDA:23,5,0,110
BRDA:23,5,1,102
BRDA:24,6,0,110
BRDA:24,6,1,107
BRDA:25,7,0,110
BRDA:25,7,1,107
BRDA:26,8,0,110
BRDA:26,8,1,106
BRDA:27,9,0,110
BRDA:27,9,1,109
BRDA:28,10,0,110
BRDA:28,10,1,109
BRDA:29,11,0,110
BRDA:29,11,1,109
BRDA:61,12,0,4
BRDA:61,12,1,67
BRDA:74,13,0,1
BRDA:74,13,1,4
BRDA:117,14,0,2
BRDA:117,14,1,6
BRDA:123,15,0,5
BRDA:123,15,1,2
BRDA:123,16,0,7
BRDA:123,16,1,5
BRDA:128,17,0,3
BRDA:128,17,1,4
BRF:36
BRH:36
end_of_record
TN:
SF:modules/gcode/tooling.mjs
FN:3,scanToolChanges
FN:7,(anonymous_1)
FNF:2
FNH:2
FNDA:6,scanToolChanges
FNDA:11,(anonymous_1)
DA:4,6
DA:5,4
DA:6,4
DA:7,4
DA:8,11
DA:10,11
DA:11,3
DA:12,3
DA:14,11
DA:16,2
DA:17,1
DA:19,2
DA:22,4
LF:13
LH:13
BRDA:4,0,0,2
BRDA:4,0,1,4
BRDA:8,1,0,11
BRDA:8,1,1,0
BRDA:10,2,0,3
BRDA:10,2,1,8
BRDA:14,3,0,2
BRDA:14,3,1,9
BRDA:14,4,0,11
BRDA:14,4,1,11
BRDA:16,5,0,1
BRDA:16,5,1,1
BRF:12
BRH:11
end_of_record
TN:
SF:modules/gcode/toolpath.mjs
FN:11,parseGCodeToPoints
FN:19,(anonymous_1)
FN:93,interpolatePoints
FNF:3
FNH:3
FNDA:35,parseGCodeToPoints
FNDA:117,(anonymous_1)
FNDA:7,interpolatePoints
DA:12,35
DA:13,35
DA:14,35
DA:15,35
DA:16,35
DA:17,35
DA:19,35
DA:21,117
DA:24,117
DA:25,31
DA:26,31
DA:27,22
DA:32,117
DA:33,10
DA:34,10
DA:43,117
DA:44,24
DA:46,24
DA:47,22
DA:48,22
DA:49,22
DA:55,117
DA:56,2
DA:60,117
DA:61,117
DA:62,117
DA:65,117
DA:66,117
DA:67,58
DA:68,58
DA:69,54
DA:74,117
DA:75,117
DA:78,117
DA:79,117
DA:87,35
DA:94,7
DA:95,5
DA:97,3
DA:98,3
DA:99,3
DA:100,3
DA:101,3
DA:104,3
DA:105,0
DA:108,3
DA:109,6
DA:110,6
DA:120,3
DA:121,3
LF:50
LH:49
BRDA:11,0,0,16
BRDA:12,1,0,2
BRDA:12,1,1,33
BRDA:13,2,0,35
BRDA:13,2,1,16
BRDA:21,3,0,117
BRDA:21,3,1,0
BRDA:24,4,0,31
BRDA:24,4,1,86
BRDA:26,5,0,22
BRDA:26,5,1,9
BRDA:32,6,0,10
BRDA:32,6,1,107
BRDA:33,7,0,4
BRDA:33,7,1,6
BRDA:43,8,0,24
BRDA:43,8,1,93
BRDA:46,9,0,22
BRDA:46,9,1,2
BRDA:48,10,0,22
BRDA:48,10,1,0
BRDA:55,11,0,2
BRDA:55,11,1,115
BRDA:60,12,0,20
BRDA:60,12,1,97
BRDA:61,13,0,16
BRDA:61,13,1,101
BRDA:62,14,0,37
BRDA:62,14,1,80
BRDA:66,15,0,58
BRDA:66,15,1,59
BRDA:66,16,0,117
BRDA:66,16,1,58
BRDA:68,17,0,54
BRDA:68,17,1,4
BRDA:68,18,0,58
BRDA:68,18,1,58
BRDA:74,19,0,0
BRDA:74,19,1,117
BRDA:74,20,0,77
BRDA:74,20,1,40
BRDA:75,21,0,9
BRDA:75,21,1,108
BRDA:75,22,0,40
BRDA:75,22,1,68
BRDA:75,23,0,68
BRDA:75,23,1,1
BRDA:75,24,0,68
BRDA:75,24,1,0
BRDA:78,25,0,82
BRDA:78,25,1,35
BRDA:93,26,0,1
BRDA:94,27,0,2
BRDA:94,27,1,5
BRDA:94,28,0,7
BRDA:94,28,1,7
BRDA:95,29,0,2
BRDA:95,29,1,3
BRDA:104,30,0,0
BRDA:104,30,1,3
BRDA:104,31,0,3
BRDA:104,31,1,3
BRF:62
BRH:57
end_of_record
TN:
SF:modules/gcode/transform.mjs
FN:10,bilinearInterpolate
FN:47,applyMeshCompensationToGCode
FN:49,(anonymous_2)
FN:56,(anonymous_3)
FNF:4
FNH:4
FNDA:25,bilinearInterpolate
FNDA:20,applyMeshCompensationToGCode
FNDA:25,(anonymous_2)
FNDA:72,(anonymous_3)
DA:11,25
DA:12,8
DA:13,8
DA:14,8
DA:15,8
DA:17,8
DA:18,8
DA:20,8
DA:21,8
DA:22,8
DA:23,8
DA:24,8
DA:25,8
DA:27,8
DA:28,8
DA:29,8
DA:30,8
DA:32,8
DA:33,8
DA:36,8
DA:37,8
DA:38,8
DA:40,8
DA:48,20
DA:49,16
DA:50,25
DA:51,25
DA:54,22
DA:55,22
DA:56,22
DA:57,72
DA:58,72
DA:61,22
DA:62,15
DA:63,15
DA:64,15
DA:66,15
DA:68,15
DA:69,15
DA:72,7
LF:40
LH:40
BRDA:11,0,0,17
BRDA:11,0,1,8
BRDA:11,1,0,25
BRDA:11,1,1,23
BRDA:11,1,2,9
BRDA:48,2,0,4
BRDA:48,2,1,16
BRDA:51,3,0,3
BRDA:51,3,1,22
BRDA:51,4,0,25
BRDA:51,4,1,24
BRDA:51,4,2,23
BRDA:58,5,0,49
BRDA:58,5,1,23
BRDA:61,6,0,15
BRDA:61,6,1,7
BRDA:61,7,0,22
BRDA:61,7,1,18
BRDA:61,7,2,4
BRDA:62,8,0,15
BRDA:62,8,1,1
BRDA:63,9,0,15
BRDA:63,9,1,1
BRF:23
BRH:23
end_of_record
TN:
SF:modules/presentation/canvas-renderer.mjs
FN:2,renderToolpathToAscii
FN:5,(anonymous_1)
FN:6,(anonymous_2)
FN:13,(anonymous_3)
FN:14,(anonymous_4)
FN:20,(anonymous_5)
FNF:6
FNH:0
FNDA:0,renderToolpathToAscii
FNDA:0,(anonymous_1)
FNDA:0,(anonymous_2)
FNDA:0,(anonymous_3)
FNDA:0,(anonymous_4)
FNDA:0,(anonymous_5)
DA:4,0
DA:5,0
DA:6,0
DA:7,0
DA:8,0
DA:9,0
DA:10,0
DA:11,0
DA:13,0
DA:14,0
DA:15,0
DA:16,0
DA:17,0
DA:20,0
LF:14
LH:0
BRDA:2,0,0,0
BRDA:2,1,0,0
BRDA:4,2,0,0
BRDA:4,2,1,0
BRDA:5,3,0,0
BRDA:5,3,1,0
BRDA:6,4,0,0
BRDA:6,4,1,0
BRDA:7,5,0,0
BRDA:7,5,1,0
BRDA:10,6,0,0
BRDA:10,6,1,0
BRDA:11,7,0,0
BRDA:11,7,1,0
BRF:14
BRH:0
end_of_record
TN:
SF:modules/presentation/controls.mjs
FN:4,createSimpleOrbitControls
FN:13,updateCamera
FN:23,onPointerDown
FN:30,onPointerMove
FN:40,onPointerUp
FN:45,onWheel
FN:56,attach
FN:63,detach
FNF:8
FNH:0
FNDA:0,createSimpleOrbitControls
FNDA:0,updateCamera
FNDA:0,onPointerDown
FNDA:0,onPointerMove
FNDA:0,onPointerUp
FNDA:0,onWheel
FNDA:0,attach
FNDA:0,detach
DA:5,0
DA:6,0
DA:8,0
DA:9,0
DA:10,0
DA:11,0
DA:15,0
DA:16,0
DA:17,0
DA:18,0
DA:19,0
DA:20,0
DA:24,0
DA:25,0
DA:26,0
DA:27,0
DA:31,0
DA:32,0
DA:33,0
DA:34,0
DA:35,0
DA:36,0
DA:37,0
DA:41,0
DA:42,0
DA:46,0
DA:48,0
DA:49,0
DA:50,0
DA:51,0
DA:52,0
DA:53,0
DA:57,0
DA:58,0
DA:59,0
DA:60,0
DA:64,0
DA:65,0
DA:66,0
DA:67,0
DA:70,0
LF:41
LH:0
BRDA:4,0,0,0
BRDA:4,1,0,0
BRDA:5,2,0,0
BRDA:5,2,1,0
BRDA:6,3,0,0
BRDA:6,3,1,0
BRDA:11,4,0,0
BRDA:11,4,1,0
BRDA:27,5,0,0
BRDA:27,5,1,0
BRDA:31,6,0,0
BRDA:31,6,1,0
BRDA:42,7,0,0
BRDA:42,7,1,0
BRDA:49,8,0,0
BRDA:49,8,1,0
BRF:16
BRH:0
end_of_record
TN:
SF:modules/presentation/material-sim.mjs
FN:4,applyToolpathToMesh
FNF:1
FNH:0
FNDA:0,applyToolpathToMesh
DA:5,0
DA:6,0
DA:7,0
DA:8,0
DA:9,0
DA:10,0
DA:12,0
DA:13,0
DA:14,0
DA:15,0
DA:16,0
DA:17,0
DA:18,0
DA:19,0
DA:23,0
DA:28,0
LF:16
LH:0
BRDA:4,0,0,0
BRDA:5,1,0,0
BRDA:5,1,1,0
BRDA:6,2,0,0
BRDA:6,2,1,0
BRDA:8,3,0,0
BRDA:8,3,1,0
BRDA:19,4,0,0
BRDA:19,4,1,0
BRF:9
BRH:0
end_of_record
TN:
SF:modules/presentation/mesh.mjs
FN:3,renderProbePoints
FN:8,(anonymous_1)
FN:20,renderMeshOverlay
FNF:3
FNH:0
FNDA:0,renderProbePoints
FNDA:0,(anonymous_1)
FNDA:0,renderMeshOverlay
DA:4,0
DA:5,0
DA:6,0
DA:8,0
DA:9,0
DA:10,0
DA:11,0
DA:12,0
DA:13,0
DA:16,0
DA:17,0
DA:21,0
DA:22,0
DA:24,0
DA:25,0
DA:26,0
DA:27,0
DA:28,0
DA:29,0
DA:30,0
DA:31,0
DA:32,0
DA:36,0
DA:39,0
DA:40,0
DA:41,0
DA:42,0
DA:43,0
LF:28
LH:0
BRDA:3,0,0,0
BRDA:3,1,0,0
BRDA:4,2,0,0
BRDA:4,2,1,0
BRDA:6,3,0,0
BRDA:6,3,1,0
BRDA:9,4,0,0
BRDA:9,4,1,0
BRDA:10,5,0,0
BRDA:10,5,1,0
BRDA:20,6,0,0
BRDA:20,7,0,0
BRDA:21,8,0,0
BRDA:21,8,1,0
BRDA:22,9,0,0
BRDA:22,9,1,0
BRDA:22,10,0,0
BRDA:22,10,1,0
BRDA:24,11,0,0
BRDA:24,11,1,0
BRDA:39,12,0,0
BRDA:39,12,1,0
BRDA:39,13,0,0
BRDA:39,13,1,0
BRDA:41,14,0,0
BRDA:41,14,1,0
BRF:26
BRH:0
end_of_record
TN:
SF:modules/presentation/three-helper.mjs
FN:4,createSceneDefaults
FN:16,initThreeJS
FN:66,createPositionIndicator
FN:105,(anonymous_3)
FN:113,update
FN:129,remove
FNF:6
FNH:0
FNDA:0,createSceneDefaults
FNDA:0,initThreeJS
FNDA:0,createPositionIndicator
FNDA:0,(anonymous_3)
FNDA:0,update
FNDA:0,remove
DA:5,0
DA:17,0
DA:18,0
DA:19,0
DA:21,0
DA:22,0
DA:24,0
DA:25,0
DA:27,0
DA:28,0
DA:30,0
DA:31,0
DA:32,0
DA:35,0
DA:36,0
DA:38,0
DA:39,0
DA:40,0
DA:41,0
DA:42,0
DA:44,0
DA:45,0
DA:47,0
DA:48,0
DA:49,0
DA:50,0
DA:51,0
DA:53,0
DA:54,0
DA:55,0
DA:56,0
DA:57,0
DA:60,0
DA:67,0
DA:68,0
DA:69,0
DA:70,0
DA:72,0
DA:75,0
DA:76,0
DA:77,0
DA:78,0
DA:79,0
DA:80,0
DA:81,0
DA:82,0
DA:83,0
DA:84,0
DA:85,0
DA:86,0
DA:87,0
DA:89,0
DA:90,0
DA:91,0
DA:92,0
DA:94,0
DA:95,0
DA:98,0
DA:99,0
DA:100,0
DA:101,0
DA:102,0
DA:103,0
DA:105,0
DA:106,0
DA:107,0
DA:110,0
DA:114,0
DA:115,0
DA:116,0
DA:117,0
DA:120,0
DA:125,0
DA:130,0
DA:131,0
DA:135,0
LF:76
LH:0
BRDA:16,0,0,0
BRDA:17,1,0,0
BRDA:17,1,1,0
BRDA:18,2,0,0
BRDA:18,2,1,0
BRDA:19,3,0,0
BRDA:19,3,1,0
BRDA:35,4,0,0
BRDA:35,4,1,0
BRDA:36,5,0,0
BRDA:36,5,1,0
BRDA:66,6,0,0
BRDA:67,7,0,0
BRDA:67,7,1,0
BRDA:68,8,0,0
BRDA:68,8,1,0
BRDA:69,9,0,0
BRDA:69,9,1,0
BRDA:70,10,0,0
BRDA:70,10,1,0
BRDA:91,11,0,0
BRDA:91,11,1,0
BRDA:91,12,0,0
BRDA:91,12,1,0
BRDA:92,13,0,0
BRDA:92,13,1,0
BRDA:92,14,0,0
BRDA:92,14,1,0
BRDA:94,15,0,0
BRDA:94,15,1,0
BRDA:94,16,0,0
BRDA:94,16,1,0
BRDA:105,17,0,0
BRDA:105,17,1,0
BRDA:106,18,0,0
BRDA:106,18,1,0
BRDA:107,19,0,0
BRDA:107,19,1,0
BRDA:107,20,0,0
BRDA:107,20,1,0
BRDA:113,21,0,0
BRDA:114,22,0,0
BRDA:114,22,1,0
BRDA:115,23,0,0
BRDA:115,23,1,0
BRDA:116,24,0,0
BRDA:116,24,1,0
BRDA:120,25,0,0
BRDA:120,25,1,0
BRDA:131,26,0,0
BRDA:131,26,1,0
BRDA:131,27,0,0
BRDA:131,27,1,0
BRF:53
BRH:0
end_of_record
TN:
SF:modules/presentation/toolpath-renderer.mjs
FN:12,renderMultiToolToolpath
FN:22,(anonymous_1)
FN:24,(anonymous_2)
FN:31,(anonymous_3)
FN:51,(anonymous_4)
FN:59,(anonymous_5)
FN:77,(anonymous_6)
FN:101,(anonymous_7)
FN:123,calculateToolpathStats
FN:156,(anonymous_9)
FNF:10
FNH:2
FNDA:0,renderMultiToolToolpath
FNDA:0,(anonymous_1)
FNDA:0,(anonymous_2)
FNDA:0,(anonymous_3)
FNDA:0,(anonymous_4)
FNDA:0,(anonymous_5)
FNDA:0,(anonymous_6)
FNDA:0,(anonymous_7)
FNDA:11,calculateToolpathStats
FNDA:15,(anonymous_9)
DA:14,0
DA:15,0
DA:16,0
DA:17,0
DA:21,0
DA:22,0
DA:24,0
DA:26,0
DA:29,0
DA:31,0
DA:32,0
DA:33,0
DA:34,0
DA:37,0
DA:38,0
DA:39,0
DA:40,0
DA:41,0
DA:42,0
DA:43,0
DA:46,0
DA:51,0
DA:52,0
DA:53,0
DA:54,0
DA:57,0
DA:58,0
DA:59,0
DA:61,0
DA:67,0
DA:68,0
DA:69,0
DA:70,0
DA:71,0
DA:75,0
DA:76,0
DA:77,0
DA:81,0
DA:82,0
DA:84,0
DA:92,0
DA:93,0
DA:94,0
DA:95,0
DA:96,0
DA:97,0
DA:101,0
DA:102,0
DA:103,0
DA:104,0
DA:109,0
DA:110,0
DA:111,0
DA:112,0
DA:113,0
DA:124,11
DA:125,1
DA:128,10
DA:129,10
DA:130,10
DA:132,10
DA:133,26
DA:134,26
DA:137,26
DA:138,26
DA:139,6
DA:140,6
DA:144,26
DA:145,2
DA:148,24
DA:149,24
DA:153,24
DA:156,15
DA:158,10
LF:74
LH:19
BRDA:12,0,0,0
BRDA:14,1,0,0
BRDA:14,1,1,0
BRDA:14,2,0,0
BRDA:14,2,1,0
BRDA:14,3,0,0
BRDA:14,3,1,0
BRDA:15,4,0,0
BRDA:15,4,1,0
BRDA:22,5,0,0
BRDA:22,5,1,0
BRDA:26,6,0,0
BRDA:26,6,1,0
BRDA:26,7,0,0
BRDA:26,7,1,0
BRDA:32,8,0,0
BRDA:32,8,1,0
BRDA:33,9,0,0
BRDA:33,9,1,0
BRDA:38,10,0,0
BRDA:38,10,1,0
BRDA:40,11,0,0
BRDA:40,11,1,0
BRDA:40,12,0,0
BRDA:40,12,1,0
BRDA:42,13,0,0
BRDA:42,13,1,0
BRDA:42,14,0,0
BRDA:42,14,1,0
BRDA:52,15,0,0
BRDA:52,15,1,0
BRDA:52,15,2,0
BRDA:53,16,0,0
BRDA:53,16,1,0
BRDA:57,17,0,0
BRDA:57,17,1,0
BRDA:75,18,0,0
BRDA:75,18,1,0
BRDA:102,19,0,0
BRDA:102,19,1,0
BRDA:124,20,0,1
BRDA:124,20,1,10
BRDA:124,21,0,11
BRDA:124,21,1,11
BRDA:130,22,0,10
BRDA:130,22,1,1
BRDA:137,23,0,26
BRDA:137,23,1,0
BRDA:138,24,0,6
BRDA:138,24,1,20
BRDA:144,25,0,2
BRDA:144,25,1,24
BRDA:144,26,0,26
BRDA:144,26,1,25
BRDA:148,27,0,24
BRDA:148,27,1,0
BRDA:153,28,0,24
BRDA:153,28,1,18
BRF:58
BRH:16
end_of_record
TN:
SF:modules/presentation/touch-controls.mjs
FN:2,createTouchControls
FN:6,(anonymous_1)
FN:10,(anonymous_2)
FN:14,(anonymous_3)
FN:15,(anonymous_4)
FN:18,(anonymous_5)
FNF:6
FNH:0
FNDA:0,createTouchControls
FNDA:0,(anonymous_1)
FNDA:0,(anonymous_2)
FNDA:0,(anonymous_3)
FNDA:0,(anonymous_4)
FNDA:0,(anonymous_5)
DA:4,0
DA:5,0
DA:7,0
DA:8,0
DA:11,0
DA:12,0
DA:14,0
DA:16,0
DA:19,0
LF:9
LH:0
BRDA:2,0,0,0
BRDA:16,1,0,0
BRDA:16,1,1,0
BRDA:19,2,0,0
BRDA:19,2,1,0
BRF:5
BRH:0
end_of_record
TN:
SF:modules/simulation/collision.mjs
FN:3,detectCollisions
FN:5,(anonymous_1)
FNF:2
FNH:0
FNDA:0,detectCollisions
FNDA:0,(anonymous_1)
DA:4,0
DA:5,0
DA:6,0
DA:7,0
DA:8,0
DA:9,0
DA:11,0
LF:7
LH:0
BRDA:3,0,0,0
BRDA:3,1,0,0
BRDA:6,2,0,0
BRDA:6,3,0,0
BRDA:6,4,0,0
BRDA:7,5,0,0
BRDA:7,5,1,0
BRDA:7,6,0,0
BRDA:7,6,1,0
BRDA:8,7,0,0
BRDA:8,7,1,0
BRDA:8,8,0,0
BRDA:8,8,1,0
BRDA:9,9,0,0
BRDA:9,9,1,0
BRDA:9,10,0,0
BRDA:9,10,1,0
BRF:17
BRH:0
end_of_record
