TN:
SF:Simulator/web/js/auth-ui.mjs
FN:7,(anonymous_0)
FN:16,(anonymous_1)
FN:30,(anonymous_2)
FN:144,(anonymous_3)
FN:148,(anonymous_4)
FN:151,(anonymous_5)
FN:152,(anonymous_6)
FN:153,(anonymous_7)
FN:156,(anonymous_8)
FN:157,(anonymous_9)
FN:161,(anonymous_10)
FN:162,(anonymous_11)
FN:168,(anonymous_12)
FN:171,(anonymous_13)
FN:174,(anonymous_14)
FN:177,(anonymous_15)
FN:183,(anonymous_16)
FN:190,(anonymous_17)
FN:197,(anonymous_18)
FN:219,(anonymous_19)
FN:247,(anonymous_20)
FN:277,(anonymous_21)
FN:314,(anonymous_22)
FN:337,(anonymous_23)
FN:363,(anonymous_24)
FN:393,(anonymous_25)
FN:410,(anonymous_26)
FN:426,(anonymous_27)
FN:433,(anonymous_28)
FNF:29
FNH:0
FNDA:0,(anonymous_0)
FNDA:0,(anonymous_1)
FNDA:0,(anonymous_2)
FNDA:0,(anonymous_3)
FNDA:0,(anonymous_4)
FNDA:0,(anonymous_5)
FNDA:0,(anonymous_6)
FNDA:0,(anonymous_7)
FNDA:0,(anonymous_8)
FNDA:0,(anonymous_9)
FNDA:0,(anonymous_10)
FNDA:0,(anonymous_11)
FNDA:0,(anonymous_12)
FNDA:0,(anonymous_13)
FNDA:0,(anonymous_14)
FNDA:0,(anonymous_15)
FNDA:0,(anonymous_16)
FNDA:0,(anonymous_17)
FNDA:0,(anonymous_18)
FNDA:0,(anonymous_19)
FNDA:0,(anonymous_20)
FNDA:0,(anonymous_21)
FNDA:0,(anonymous_22)
FNDA:0,(anonymous_23)
FNDA:0,(anonymous_24)
FNDA:0,(anonymous_25)
FNDA:0,(anonymous_26)
FNDA:0,(anonymous_27)
FNDA:0,(anonymous_28)
DA:8,0
DA:9,0
DA:10,0
DA:18,0
DA:19,0
DA:23,0
DA:24,0
DA:31,0
DA:32,0
DA:33,0
DA:138,0
DA:146,0
DA:148,0
DA:149,0
DA:151,0
DA:152,0
DA:153,0
DA:156,0
DA:157,0
DA:161,0
DA:162,0
DA:163,0
DA:168,0
DA:169,0
DA:171,0
DA:172,0
DA:174,0
DA:175,0
DA:177,0
DA:184,0
DA:191,0
DA:198,0
DA:199,0
DA:200,0
DA:202,0
DA:203,0
DA:204,0
DA:205,0
DA:207,0
DA:208,0
DA:211,0
DA:212,0
DA:220,0
DA:221,0
DA:226,0
DA:227,0
DA:230,0
DA:235,0
DA:237,0
DA:238,0
DA:241,0
DA:248,0
DA:249,0
DA:250,0
DA:252,0
DA:253,0
DA:254,0
DA:256,0
DA:261,0
DA:262,0
DA:263,0
DA:265,0
DA:266,0
DA:267,0
DA:269,0
DA:270,0
DA:278,0
DA:279,0
DA:280,0
DA:282,0
DA:283,0
DA:284,0
DA:285,0
DA:286,0
DA:287,0
DA:289,0
DA:290,0
DA:293,0
DA:298,0
DA:299,0
DA:300,0
DA:302,0
DA:303,0
DA:304,0
DA:306,0
DA:307,0
DA:315,0
DA:316,0
DA:318,0
DA:319,0
DA:321,0
DA:322,0
DA:328,0
DA:330,0
DA:338,0
DA:339,0
DA:340,0
DA:342,0
DA:343,0
DA:344,0
DA:346,0
DA:351,0
DA:352,0
DA:353,0
DA:355,0
DA:356,0
DA:364,0
DA:365,0
DA:366,0
DA:368,0
DA:369,0
DA:370,0
DA:371,0
DA:373,0
DA:374,0
DA:377,0
DA:382,0
DA:383,0
DA:385,0
DA:386,0
DA:394,0
DA:395,0
DA:396,0
DA:397,0
DA:400,0
DA:401,0
DA:402,0
DA:403,0
DA:411,0
DA:412,0
DA:414,0
DA:417,0
DA:418,0
DA:419,0
DA:420,0
DA:427,0
DA:434,0
DA:439,0
DA:440,0
LF:139
LH:0
BRDA:18,0,0,0
BRDA:18,0,1,0
BRDA:163,1,0,0
BRDA:163,1,1,0
BRDA:202,2,0,0
BRDA:202,2,1,0
BRDA:205,3,0,0
BRDA:205,3,1,0
BRDA:211,4,0,0
BRDA:211,4,1,0
BRDA:219,5,0,0
BRDA:226,6,0,0
BRDA:226,6,1,0
BRDA:237,7,0,0
BRDA:237,7,1,0
BRDA:238,8,0,0
BRDA:238,8,1,0
BRDA:289,9,0,0
BRDA:289,9,1,0
BRDA:319,10,0,0
BRDA:319,10,1,0
BRDA:373,11,0,0
BRDA:373,11,1,0
BRDA:439,12,0,0
BRDA:439,12,1,0
BRF:25
BRH:0
end_of_record
TN:
SF:Simulator/web/js/camera-bookmarks.mjs
FN:7,(anonymous_0)
FN:18,(anonymous_1)
FN:26,(anonymous_2)
FN:66,(anonymous_3)
FN:67,(anonymous_4)
FN:88,(anonymous_5)
FN:99,(anonymous_6)
FN:138,(anonymous_7)
FN:139,(anonymous_8)
FN:147,(anonymous_9)
FN:148,(anonymous_10)
FN:159,(anonymous_11)
FN:192,(anonymous_12)
FN:203,(anonymous_13)
FN:218,(anonymous_14)
FN:251,(anonymous_15)
FN:255,(anonymous_16)
FN:262,(anonymous_17)
FN:263,(anonymous_18)
FN:269,(anonymous_19)
FN:280,(anonymous_20)
FN:291,(anonymous_21)
FN:311,(anonymous_22)
FNF:23
FNH:0
FNDA:0,(anonymous_0)
FNDA:0,(anonymous_1)
FNDA:0,(anonymous_2)
FNDA:0,(anonymous_3)
FNDA:0,(anonymous_4)
FNDA:0,(anonymous_5)
FNDA:0,(anonymous_6)
FNDA:0,(anonymous_7)
FNDA:0,(anonymous_8)
FNDA:0,(anonymous_9)
FNDA:0,(anonymous_10)
FNDA:0,(anonymous_11)
FNDA:0,(anonymous_12)
FNDA:0,(anonymous_13)
FNDA:0,(anonymous_14)
FNDA:0,(anonymous_15)
FNDA:0,(anonymous_16)
FNDA:0,(anonymous_17)
FNDA:0,(anonymous_18)
FNDA:0,(anonymous_19)
FNDA:0,(anonymous_20)
FNDA:0,(anonymous_21)
FNDA:0,(anonymous_22)
DA:8,0
DA:9,0
DA:10,0
DA:11,0
DA:12,0
DA:19,0
DA:20,0
DA:27,0
DA:50,0
DA:53,0
DA:54,0
DA:57,0
DA:58,0
DA:60,0
DA:67,0
DA:68,0
DA:70,0
DA:71,0
DA:73,0
DA:74,0
DA:76,0
DA:77,0
DA:78,0
DA:82,0
DA:89,0
DA:90,0
DA:91,0
DA:93,0
DA:94,0
DA:95,0
DA:97,0
DA:99,0
DA:100,0
DA:101,0
DA:105,0
DA:108,0
DA:111,0
DA:118,0
DA:119,0
DA:124,0
DA:127,0
DA:128,0
DA:132,0
DA:139,0
DA:140,0
DA:141,0
DA:148,0
DA:149,0
DA:150,0
DA:151,0
DA:152,0
DA:160,0
DA:183,0
DA:184,0
DA:185,0
DA:193,0
DA:194,0
DA:196,0
DA:204,0
DA:205,0
DA:206,0
DA:207,0
DA:210,0
DA:211,0
DA:219,0
DA:221,0
DA:222,0
DA:223,0
DA:224,0
DA:243,0
DA:244,0
DA:245,0
DA:253,0
DA:256,0
DA:257,0
DA:258,0
DA:262,0
DA:263,0
DA:264,0
DA:269,0
DA:270,0
DA:271,0
DA:272,0
DA:281,0
DA:282,0
DA:284,0
DA:285,0
DA:286,0
DA:289,0
DA:291,0
DA:312,0
DA:313,0
DA:314,0
DA:319,0
DA:320,0
LF:95
LH:0
BRDA:29,0,0,0
BRDA:29,0,1,0
BRDA:40,1,0,0
BRDA:40,1,1,0
BRDA:53,2,0,0
BRDA:53,2,1,0
BRDA:66,3,0,0
BRDA:68,4,0,0
BRDA:68,4,1,0
BRDA:70,5,0,0
BRDA:70,5,1,0
BRDA:76,6,0,0
BRDA:76,6,1,0
BRDA:76,7,0,0
BRDA:76,7,1,0
BRDA:88,8,0,0
BRDA:91,9,0,0
BRDA:91,9,1,0
BRDA:105,10,0,0
BRDA:105,10,1,0
BRDA:118,11,0,0
BRDA:118,11,1,0
BRDA:118,12,0,0
BRDA:118,12,1,0
BRDA:118,12,2,0
BRDA:127,13,0,0
BRDA:127,13,1,0
BRDA:149,14,0,0
BRDA:149,14,1,0
BRDA:184,15,0,0
BRDA:184,15,1,0
BRDA:206,16,0,0
BRDA:206,16,1,0
BRDA:219,17,0,0
BRDA:219,17,1,0
BRDA:258,18,0,0
BRDA:258,18,1,0
BRDA:271,19,0,0
BRDA:271,19,1,0
BRDA:282,20,0,0
BRDA:282,20,1,0
BRDA:284,21,0,0
BRDA:284,21,1,0
BRDA:319,22,0,0
BRDA:319,22,1,0
BRF:45
BRH:0
end_of_record
TN:
SF:Simulator/web/js/collab-client.mjs
FN:4,createCollabClient
FN:8,emit
FN:10,(anonymous_2)
FN:13,connect
FN:18,(anonymous_4)
FN:19,(anonymous_5)
FN:20,(anonymous_6)
FN:21,(anonymous_7)
FN:34,send
FN:40,createSession
FN:41,joinSession
FN:42,updateSession
FN:43,close
FN:45,on
FN:47,(anonymous_14)
FNF:15
FNH:0
FNDA:0,createCollabClient
FNDA:0,emit
FNDA:0,(anonymous_2)
FNDA:0,connect
FNDA:0,(anonymous_4)
FNDA:0,(anonymous_5)
FNDA:0,(anonymous_6)
FNDA:0,(anonymous_7)
FNDA:0,send
FNDA:0,createSession
FNDA:0,joinSession
FNDA:0,updateSession
FNDA:0,close
FNDA:0,on
FNDA:0,(anonymous_14)
DA:5,0
DA:6,0
DA:9,0
DA:10,0
DA:14,0
DA:15,0
DA:17,0
DA:18,0
DA:19,0
DA:20,0
DA:21,0
DA:22,0
DA:23,0
DA:24,0
DA:25,0
DA:26,0
DA:27,0
DA:28,0
DA:31,0
DA:35,0
DA:36,0
DA:37,0
DA:40,0
DA:41,0
DA:42,0
DA:43,0
DA:45,0
DA:47,0
LF:28
LH:0
BRDA:9,0,0,0
BRDA:9,0,1,0
BRDA:14,1,0,0
BRDA:14,1,1,0
BRDA:15,2,0,0
BRDA:15,2,1,0
BRDA:26,3,0,0
BRDA:26,3,1,0
BRDA:26,4,0,0
BRDA:26,4,1,0
BRDA:27,5,0,0
BRDA:27,5,1,0
BRDA:27,6,0,0
BRDA:27,6,1,0
BRDA:28,7,0,0
BRDA:28,7,1,0
BRDA:28,8,0,0
BRDA:28,8,1,0
BRDA:35,9,0,0
BRDA:35,9,1,0
BRDA:36,10,0,0
BRDA:36,10,1,0
BRDA:43,11,0,0
BRDA:43,11,1,0
BRDA:45,12,0,0
BRDA:45,12,1,0
BRF:26
BRH:0
end_of_record
TN:
SF:Simulator/web/js/collaborative-client.mjs
FNF:0
FNH:0
LF:0
LH:0
BRF:0
BRH:0
end_of_record
TN:
SF:Simulator/web/js/collision-detector.mjs
FNF:0
FNH:0
LF:0
LH:0
BRF:0
BRH:0
end_of_record
TN:
SF:Simulator/web/js/controls.mjs
FNF:0
FNH:0
LF:0
LH:0
BRF:0
BRH:0
end_of_record
TN:
SF:Simulator/web/js/file-library-ui.mjs
FN:7,(anonymous_0)
FN:18,(anonymous_1)
FN:25,(anonymous_2)
FN:39,(anonymous_3)
FN:140,(anonymous_4)
FN:141,(anonymous_5)
FN:144,(anonymous_6)
FN:147,(anonymous_7)
FN:148,(anonymous_8)
FN:149,(anonymous_9)
FN:152,(anonymous_10)
FN:153,(anonymous_11)
FN:159,(anonymous_12)
FN:162,(anonymous_13)
FN:168,(anonymous_14)
FN:175,(anonymous_15)
FN:182,(anonymous_16)
FN:208,(anonymous_17)
FN:221,(anonymous_18)
FN:250,(anonymous_19)
FN:260,(anonymous_20)
FN:281,(anonymous_21)
FN:291,(anonymous_22)
FN:322,(anonymous_23)
FN:337,(anonymous_24)
FN:348,(anonymous_25)
FN:358,(anonymous_26)
FN:383,(anonymous_27)
FN:411,(anonymous_28)
FN:419,(anonymous_29)
FN:449,(anonymous_30)
FN:468,(anonymous_31)
FN:483,(anonymous_32)
FN:498,(anonymous_33)
FN:520,(anonymous_34)
FN:529,(anonymous_35)
FN:538,(anonymous_36)
FNF:37
FNH:0
FNDA:0,(anonymous_0)
FNDA:0,(anonymous_1)
FNDA:0,(anonymous_2)
FNDA:0,(anonymous_3)
FNDA:0,(anonymous_4)
FNDA:0,(anonymous_5)
FNDA:0,(anonymous_6)
FNDA:0,(anonymous_7)
FNDA:0,(anonymous_8)
FNDA:0,(anonymous_9)
FNDA:0,(anonymous_10)
FNDA:0,(anonymous_11)
FNDA:0,(anonymous_12)
FNDA:0,(anonymous_13)
FNDA:0,(anonymous_14)
FNDA:0,(anonymous_15)
FNDA:0,(anonymous_16)
FNDA:0,(anonymous_17)
FNDA:0,(anonymous_18)
FNDA:0,(anonymous_19)
FNDA:0,(anonymous_20)
FNDA:0,(anonymous_21)
FNDA:0,(anonymous_22)
FNDA:0,(anonymous_23)
FNDA:0,(anonymous_24)
FNDA:0,(anonymous_25)
FNDA:0,(anonymous_26)
FNDA:0,(anonymous_27)
FNDA:0,(anonymous_28)
FNDA:0,(anonymous_29)
FNDA:0,(anonymous_30)
FNDA:0,(anonymous_31)
FNDA:0,(anonymous_32)
FNDA:0,(anonymous_33)
FNDA:0,(anonymous_34)
FNDA:0,(anonymous_35)
FNDA:0,(anonymous_36)
DA:8,0
DA:9,0
DA:10,0
DA:11,0
DA:12,0
DA:19,0
DA:20,0
DA:23,0
DA:24,0
DA:25,0
DA:26,0
DA:27,0
DA:28,0
DA:30,0
DA:40,0
DA:41,0
DA:42,0
DA:134,0
DA:141,0
DA:142,0
DA:144,0
DA:145,0
DA:147,0
DA:148,0
DA:149,0
DA:152,0
DA:153,0
DA:157,0
DA:159,0
DA:160,0
DA:162,0
DA:169,0
DA:176,0
DA:183,0
DA:184,0
DA:187,0
DA:188,0
DA:197,0
DA:198,0
DA:199,0
DA:202,0
DA:209,0
DA:210,0
DA:211,0
DA:214,0
DA:215,0
DA:222,0
DA:224,0
DA:227,0
DA:230,0
DA:233,0
DA:236,0
DA:238,0
DA:239,0
DA:240,0
DA:241,0
DA:243,0
DA:251,0
DA:253,0
DA:254,0
DA:255,0
DA:258,0
DA:260,0
DA:282,0
DA:284,0
DA:285,0
DA:286,0
DA:289,0
DA:291,0
DA:323,0
DA:324,0
DA:338,0
DA:339,0
DA:349,0
DA:350,0
DA:351,0
DA:353,0
DA:354,0
DA:355,0
DA:356,0
DA:357,0
DA:358,0
DA:360,0
DA:371,0
DA:372,0
DA:373,0
DA:375,0
DA:376,0
DA:384,0
DA:385,0
DA:386,0
DA:388,0
DA:389,0
DA:391,0
DA:399,0
DA:400,0
DA:401,0
DA:403,0
DA:404,0
DA:412,0
DA:413,0
DA:420,0
DA:421,0
DA:422,0
DA:423,0
DA:425,0
DA:439,0
DA:441,0
DA:442,0
DA:450,0
DA:451,0
DA:452,0
DA:453,0
DA:454,0
DA:455,0
DA:456,0
DA:457,0
DA:458,0
DA:460,0
DA:461,0
DA:469,0
DA:471,0
DA:472,0
DA:473,0
DA:475,0
DA:476,0
DA:484,0
DA:486,0
DA:487,0
DA:488,0
DA:490,0
DA:491,0
DA:499,0
DA:501,0
DA:502,0
DA:503,0
DA:506,0
DA:507,0
DA:508,0
DA:509,0
DA:510,0
DA:511,0
DA:513,0
DA:521,0
DA:522,0
DA:523,0
DA:530,0
DA:531,0
DA:532,0
DA:539,0
DA:540,0
DA:541,0
DA:546,0
DA:547,0
LF:154
LH:0
BRDA:23,0,0,0
BRDA:23,0,1,0
BRDA:26,1,0,0
BRDA:26,1,1,0
BRDA:27,2,0,0
BRDA:27,2,1,0
BRDA:182,3,0,0
BRDA:183,4,0,0
BRDA:183,4,1,0
BRDA:183,5,0,0
BRDA:183,5,1,0
BRDA:198,6,0,0
BRDA:198,6,1,0
BRDA:199,7,0,0
BRDA:199,7,1,0
BRDA:209,8,0,0
BRDA:209,8,1,0
BRDA:209,9,0,0
BRDA:209,9,1,0
BRDA:225,10,0,0
BRDA:225,10,1,0
BRDA:231,11,0,0
BRDA:231,11,1,0
BRDA:253,12,0,0
BRDA:253,12,1,0
BRDA:284,13,0,0
BRDA:284,13,1,0
BRDA:327,14,0,0
BRDA:327,14,1,0
BRDA:358,15,0,0
BRDA:358,15,1,0
BRDA:435,16,0,0
BRDA:435,16,1,0
BRDA:469,17,0,0
BRDA:469,17,1,0
BRDA:484,18,0,0
BRDA:484,18,1,0
BRDA:501,19,0,0
BRDA:501,19,1,0
BRDA:530,20,0,0
BRDA:530,20,1,0
BRDA:531,21,0,0
BRDA:531,21,1,0
BRDA:546,22,0,0
BRDA:546,22,1,0
BRF:45
BRH:0
end_of_record
TN:
SF:Simulator/web/js/gcode-optimizer.mjs
FNF:0
FNH:0
LF:0
LH:0
BRF:0
BRH:0
end_of_record
TN:
SF:Simulator/web/js/gcode-parser.mjs
FN:2,normalizeLine
FN:6,parseLine
FN:13,(anonymous_2)
FN:29,parse
FN:33,(anonymous_4)
FN:34,(anonymous_5)
FNF:6
FNH:6
FNDA:32,normalizeLine
FNDA:26,parseLine
FNDA:32,(anonymous_2)
FNDA:8,parse
FNDA:17,(anonymous_4)
FNDA:17,(anonymous_5)
DA:3,32
DA:7,26
DA:8,26
DA:10,14
DA:11,14
DA:13,14
DA:14,32
DA:15,32
DA:16,32
DA:17,32
DA:18,32
DA:19,32
DA:20,32
DA:22,0
DA:26,14
DA:30,8
DA:31,5
DA:33,17
DA:34,17
LF:19
LH:18
BRDA:3,0,0,32
BRDA:3,0,1,7
BRDA:8,1,0,12
BRDA:8,1,1,14
BRDA:8,2,0,26
BRDA:8,2,1,21
BRDA:8,2,2,16
BRDA:14,3,0,0
BRDA:14,3,1,32
BRDA:16,4,0,32
BRDA:16,4,1,0
BRDA:18,5,0,2
BRDA:18,5,1,30
BRDA:19,6,0,2
BRDA:19,6,1,30
BRDA:30,7,0,3
BRDA:30,7,1,5
BRF:17
BRH:15
end_of_record
TN:
SF:Simulator/web/js/gcode-transform.mjs
FNF:0
FNH:0
LF:0
LH:0
BRF:0
BRH:0
end_of_record
TN:
SF:Simulator/web/js/keyboard-shortcuts.mjs
FN:7,(anonymous_0)
FN:16,(anonymous_1)
FN:28,(anonymous_2)
FN:36,(anonymous_3)
FN:38,(anonymous_4)
FN:39,(anonymous_5)
FN:40,(anonymous_6)
FN:43,(anonymous_7)
FN:44,(anonymous_8)
FN:45,(anonymous_9)
FN:46,(anonymous_10)
FN:49,(anonymous_11)
FN:50,(anonymous_12)
FN:53,(anonymous_13)
FN:54,(anonymous_14)
FN:55,(anonymous_15)
FN:58,(anonymous_16)
FN:61,(anonymous_17)
FN:67,(anonymous_18)
FN:68,(anonymous_19)
FN:74,(anonymous_20)
FN:99,(anonymous_21)
FN:114,(anonymous_22)
FN:117,(anonymous_23)
FN:118,(anonymous_24)
FN:125,(anonymous_25)
FN:138,(anonymous_26)
FN:149,(anonymous_27)
FN:154,(anonymous_28)
FN:162,(anonymous_29)
FN:172,(anonymous_30)
FN:173,(anonymous_31)
FN:187,(anonymous_32)
FN:209,(anonymous_33)
FN:210,(anonymous_34)
FN:220,(anonymous_35)
FN:230,(anonymous_36)
FN:244,(anonymous_37)
FN:257,(anonymous_38)
FN:260,(anonymous_39)
FN:273,(anonymous_40)
FN:279,(anonymous_41)
FN:284,(anonymous_42)
FN:289,(anonymous_43)
FN:294,(anonymous_44)
FN:299,(anonymous_45)
FN:304,(anonymous_46)
FN:309,(anonymous_47)
FN:317,(anonymous_48)
FN:322,(anonymous_49)
FN:328,(anonymous_50)
FN:337,(anonymous_51)
FNF:52
FNH:0
FNDA:0,(anonymous_0)
FNDA:0,(anonymous_1)
FNDA:0,(anonymous_2)
FNDA:0,(anonymous_3)
FNDA:0,(anonymous_4)
FNDA:0,(anonymous_5)
FNDA:0,(anonymous_6)
FNDA:0,(anonymous_7)
FNDA:0,(anonymous_8)
FNDA:0,(anonymous_9)
FNDA:0,(anonymous_10)
FNDA:0,(anonymous_11)
FNDA:0,(anonymous_12)
FNDA:0,(anonymous_13)
FNDA:0,(anonymous_14)
FNDA:0,(anonymous_15)
FNDA:0,(anonymous_16)
FNDA:0,(anonymous_17)
FNDA:0,(anonymous_18)
FNDA:0,(anonymous_19)
FNDA:0,(anonymous_20)
FNDA:0,(anonymous_21)
FNDA:0,(anonymous_22)
FNDA:0,(anonymous_23)
FNDA:0,(anonymous_24)
FNDA:0,(anonymous_25)
FNDA:0,(anonymous_26)
FNDA:0,(anonymous_27)
FNDA:0,(anonymous_28)
FNDA:0,(anonymous_29)
FNDA:0,(anonymous_30)
FNDA:0,(anonymous_31)
FNDA:0,(anonymous_32)
FNDA:0,(anonymous_33)
FNDA:0,(anonymous_34)
FNDA:0,(anonymous_35)
FNDA:0,(anonymous_36)
FNDA:0,(anonymous_37)
FNDA:0,(anonymous_38)
FNDA:0,(anonymous_39)
FNDA:0,(anonymous_40)
FNDA:0,(anonymous_41)
FNDA:0,(anonymous_42)
FNDA:0,(anonymous_43)
FNDA:0,(anonymous_44)
FNDA:0,(anonymous_45)
FNDA:0,(anonymous_46)
FNDA:0,(anonymous_47)
FNDA:0,(anonymous_48)
FNDA:0,(anonymous_49)
FNDA:0,(anonymous_50)
FNDA:0,(anonymous_51)
DA:8,0
DA:9,0
DA:10,0
DA:17,0
DA:18,0
DA:19,0
DA:29,0
DA:30,0
DA:38,0
DA:39,0
DA:40,0
DA:43,0
DA:44,0
DA:45,0
DA:46,0
DA:49,0
DA:50,0
DA:53,0
DA:54,0
DA:55,0
DA:58,0
DA:61,0
DA:68,0
DA:76,0
DA:82,0
DA:83,0
DA:87,0
DA:88,0
DA:90,0
DA:91,0
DA:92,0
DA:100,0
DA:101,0
DA:102,0
DA:103,0
DA:105,0
DA:106,0
DA:108,0
DA:115,0
DA:117,0
DA:118,0
DA:126,0
DA:127,0
DA:128,0
DA:129,0
DA:130,0
DA:131,0
DA:139,0
DA:140,0
DA:141,0
DA:142,0
DA:150,0
DA:151,0
DA:153,0
DA:155,0
DA:156,0
DA:160,0
DA:162,0
DA:172,0
DA:173,0
DA:174,0
DA:175,0
DA:176,0
DA:177,0
DA:178,0
DA:188,0
DA:189,0
DA:191,0
DA:192,0
DA:193,0
DA:194,0
DA:205,0
DA:208,0
DA:209,0
DA:210,0
DA:211,0
DA:212,0
DA:213,0
DA:214,0
DA:215,0
DA:220,0
DA:221,0
DA:222,0
DA:231,0
DA:233,0
DA:234,0
DA:235,0
DA:236,0
DA:237,0
DA:244,0
DA:255,0
DA:257,0
DA:258,0
DA:260,0
DA:261,0
DA:262,0
DA:267,0
DA:274,0
DA:276,0
DA:280,0
DA:281,0
DA:285,0
DA:286,0
DA:290,0
DA:291,0
DA:295,0
DA:296,0
DA:300,0
DA:301,0
DA:305,0
DA:306,0
DA:311,0
DA:312,0
DA:313,0
DA:317,0
DA:318,0
DA:323,0
DA:324,0
DA:329,0
DA:330,0
DA:338,0
DA:339,0
DA:340,0
DA:345,0
DA:346,0
LF:125
LH:0
BRDA:76,0,0,0
BRDA:76,0,1,0
BRDA:77,1,0,0
BRDA:77,1,1,0
BRDA:77,1,2,0
BRDA:82,2,0,0
BRDA:82,2,1,0
BRDA:82,3,0,0
BRDA:82,3,1,0
BRDA:90,4,0,0
BRDA:90,4,1,0
BRDA:101,5,0,0
BRDA:101,5,1,0
BRDA:101,6,0,0
BRDA:101,6,1,0
BRDA:102,7,0,0
BRDA:102,7,1,0
BRDA:103,8,0,0
BRDA:103,8,1,0
BRDA:105,9,0,0
BRDA:105,9,1,0
BRDA:106,10,0,0
BRDA:106,10,1,0
BRDA:118,11,0,0
BRDA:118,11,1,0
BRDA:128,12,0,0
BRDA:128,12,1,0
BRDA:141,13,0,0
BRDA:141,13,1,0
BRDA:151,14,0,0
BRDA:151,14,1,0
BRDA:163,15,0,0
BRDA:163,15,1,0
BRDA:176,16,0,0
BRDA:176,16,1,0
BRDA:189,17,0,0
BRDA:189,17,1,0
BRDA:211,18,0,0
BRDA:211,18,1,0
BRDA:213,19,0,0
BRDA:213,19,1,0
BRDA:215,20,0,0
BRDA:215,20,1,0
BRDA:221,21,0,0
BRDA:221,21,1,0
BRDA:233,22,0,0
BRDA:233,22,1,0
BRDA:261,23,0,0
BRDA:261,23,1,0
BRDA:311,24,0,0
BRDA:311,24,1,0
BRDA:323,25,0,0
BRDA:323,25,1,0
BRDA:329,26,0,0
BRDA:329,26,1,0
BRDA:345,27,0,0
BRDA:345,27,1,0
BRF:57
BRH:0
end_of_record
TN:
SF:Simulator/web/js/material-removal.mjs
FNF:0
FNH:0
LF:0
LH:0
BRF:0
BRH:0
end_of_record
TN:
SF:Simulator/web/js/measurement-tools.mjs
FN:7,(anonymous_0)
FN:20,(anonymous_1)
FN:28,(anonymous_2)
FN:41,(anonymous_3)
FN:53,(anonymous_4)
FN:76,(anonymous_5)
FN:98,(anonymous_6)
FN:126,(anonymous_7)
FN:169,(anonymous_8)
FN:197,(anonymous_9)
FN:208,(anonymous_10)
FN:209,(anonymous_11)
FN:224,(anonymous_12)
FN:225,(anonymous_13)
FN:237,(anonymous_14)
FN:248,(anonymous_15)
FN:264,(anonymous_16)
FN:283,(anonymous_17)
FN:293,(anonymous_18)
FN:300,(anonymous_19)
FN:334,(anonymous_20)
FN:338,(anonymous_21)
FN:345,(anonymous_22)
FN:349,(anonymous_23)
FN:353,(anonymous_24)
FN:359,(anonymous_25)
FN:367,(anonymous_26)
FNF:27
FNH:0
FNDA:0,(anonymous_0)
FNDA:0,(anonymous_1)
FNDA:0,(anonymous_2)
FNDA:0,(anonymous_3)
FNDA:0,(anonymous_4)
FNDA:0,(anonymous_5)
FNDA:0,(anonymous_6)
FNDA:0,(anonymous_7)
FNDA:0,(anonymous_8)
FNDA:0,(anonymous_9)
FNDA:0,(anonymous_10)
FNDA:0,(anonymous_11)
FNDA:0,(anonymous_12)
FNDA:0,(anonymous_13)
FNDA:0,(anonymous_14)
FNDA:0,(anonymous_15)
FNDA:0,(anonymous_16)
FNDA:0,(anonymous_17)
FNDA:0,(anonymous_18)
FNDA:0,(anonymous_19)
FNDA:0,(anonymous_20)
FNDA:0,(anonymous_21)
FNDA:0,(anonymous_22)
FNDA:0,(anonymous_23)
FNDA:0,(anonymous_24)
FNDA:0,(anonymous_25)
FNDA:0,(anonymous_26)
DA:8,0
DA:9,0
DA:10,0
DA:11,0
DA:12,0
DA:13,0
DA:14,0
DA:21,0
DA:22,0
DA:29,0
DA:30,0
DA:31,0
DA:32,0
DA:34,0
DA:35,0
DA:42,0
DA:43,0
DA:44,0
DA:45,0
DA:47,0
DA:54,0
DA:56,0
DA:57,0
DA:60,0
DA:62,0
DA:63,0
DA:64,0
DA:65,0
DA:66,0
DA:67,0
DA:70,0
DA:77,0
DA:79,0
DA:80,0
DA:82,0
DA:90,0
DA:91,0
DA:92,0
DA:99,0
DA:101,0
DA:104,0
DA:105,0
DA:108,0
DA:110,0
DA:118,0
DA:119,0
DA:120,0
DA:127,0
DA:128,0
DA:130,0
DA:132,0
DA:133,0
DA:134,0
DA:135,0
DA:138,0
DA:142,0
DA:143,0
DA:144,0
DA:146,0
DA:147,0
DA:148,0
DA:150,0
DA:151,0
DA:152,0
DA:154,0
DA:155,0
DA:158,0
DA:159,0
DA:162,0
DA:163,0
DA:170,0
DA:171,0
DA:172,0
DA:173,0
DA:175,0
DA:176,0
DA:178,0
DA:179,0
DA:180,0
DA:181,0
DA:182,0
DA:184,0
DA:185,0
DA:186,0
DA:188,0
DA:189,0
DA:191,0
DA:198,0
DA:199,0
DA:200,0
DA:201,0
DA:202,0
DA:209,0
DA:210,0
DA:212,0
DA:213,0
DA:214,0
DA:217,0
DA:218,0
DA:225,0
DA:226,0
DA:227,0
DA:230,0
DA:231,0
DA:238,0
DA:239,0
DA:241,0
DA:242,0
DA:243,0
DA:246,0
DA:248,0
DA:265,0
DA:267,0
DA:268,0
DA:269,0
DA:270,0
DA:277,0
DA:284,0
DA:285,0
DA:286,0
DA:294,0
DA:301,0
DA:303,0
DA:304,0
DA:305,0
DA:306,0
DA:327,0
DA:328,0
DA:336,0
DA:339,0
DA:340,0
DA:341,0
DA:345,0
DA:346,0
DA:349,0
DA:350,0
DA:353,0
DA:354,0
DA:355,0
DA:359,0
DA:360,0
DA:373,0
DA:374,0
LF:143
LH:0
BRDA:28,0,0,0
BRDA:54,1,0,0
BRDA:54,1,1,0
BRDA:54,2,0,0
BRDA:54,2,1,0
BRDA:62,3,0,0
BRDA:62,3,1,0
BRDA:62,4,0,0
BRDA:62,4,1,0
BRDA:65,5,0,0
BRDA:65,5,1,0
BRDA:65,6,0,0
BRDA:65,6,1,0
BRDA:77,7,0,0
BRDA:77,7,1,0
BRDA:99,8,0,0
BRDA:99,8,1,0
BRDA:130,9,0,0
BRDA:130,9,1,0
BRDA:144,10,0,0
BRDA:144,10,1,0
BRDA:210,11,0,0
BRDA:210,11,1,0
BRDA:213,12,0,0
BRDA:213,12,1,0
BRDA:226,13,0,0
BRDA:226,13,1,0
BRDA:239,14,0,0
BRDA:239,14,1,0
BRDA:241,15,0,0
BRDA:241,15,1,0
BRDA:250,16,0,0
BRDA:250,16,1,0
BRDA:265,17,0,0
BRDA:265,17,1,0
BRDA:267,18,0,0
BRDA:267,18,1,0
BRDA:268,19,0,0
BRDA:268,19,1,0
BRDA:269,20,0,0
BRDA:269,20,1,0
BRDA:270,21,0,0
BRDA:270,21,1,0
BRDA:272,22,0,0
BRDA:272,22,1,0
BRDA:285,23,0,0
BRDA:285,23,1,0
BRDA:294,24,0,0
BRDA:294,24,1,0
BRDA:301,25,0,0
BRDA:301,25,1,0
BRDA:341,26,0,0
BRDA:341,26,1,0
BRDA:354,27,0,0
BRDA:354,27,1,0
BRDA:373,28,0,0
BRDA:373,28,1,0
BRF:57
BRH:0
end_of_record
TN:
SF:Simulator/web/js/mesh.mjs
FNF:0
FNH:0
LF:0
LH:0
BRF:0
BRH:0
end_of_record
TN:
SF:Simulator/web/js/performance-monitor.mjs
FN:7,(anonymous_0)
FN:25,(anonymous_1)
FN:43,(anonymous_2)
FN:52,(anonymous_3)
FN:59,(anonymous_4)
FN:104,(anonymous_5)
FN:106,(anonymous_6)
FN:112,(anonymous_7)
FN:114,(anonymous_8)
FN:120,(anonymous_9)
FN:128,(anonymous_10)
FN:145,(anonymous_11)
FN:159,(anonymous_12)
FN:197,(anonymous_13)
FN:205,(anonymous_14)
FN:233,(anonymous_15)
FN:245,(anonymous_16)
FN:258,(anonymous_17)
FNF:18
FNH:0
FNDA:0,(anonymous_0)
FNDA:0,(anonymous_1)
FNDA:0,(anonymous_2)
FNDA:0,(anonymous_3)
FNDA:0,(anonymous_4)
FNDA:0,(anonymous_5)
FNDA:0,(anonymous_6)
FNDA:0,(anonymous_7)
FNDA:0,(anonymous_8)
FNDA:0,(anonymous_9)
FNDA:0,(anonymous_10)
FNDA:0,(anonymous_11)
FNDA:0,(anonymous_12)
FNDA:0,(anonymous_13)
FNDA:0,(anonymous_14)
FNDA:0,(anonymous_15)
FNDA:0,(anonymous_16)
FNDA:0,(anonymous_17)
DA:8,0
DA:16,0
DA:17,0
DA:18,0
DA:19,0
DA:26,0
DA:33,0
DA:34,0
DA:37,0
DA:44,0
DA:45,0
DA:46,0
DA:53,0
DA:60,0
DA:62,0
DA:63,0
DA:64,0
DA:67,0
DA:68,0
DA:70,0
DA:71,0
DA:72,0
DA:76,0
DA:77,0
DA:78,0
DA:79,0
DA:83,0
DA:84,0
DA:85,0
DA:86,0
DA:87,0
DA:91,0
DA:92,0
DA:95,0
DA:96,0
DA:97,0
DA:105,0
DA:106,0
DA:113,0
DA:114,0
DA:121,0
DA:122,0
DA:129,0
DA:145,0
DA:160,0
DA:162,0
DA:163,0
DA:164,0
DA:165,0
DA:194,0
DA:197,0
DA:198,0
DA:206,0
DA:208,0
DA:210,0
DA:211,0
DA:212,0
DA:213,0
DA:214,0
DA:219,0
DA:220,0
DA:221,0
DA:222,0
DA:223,0
DA:224,0
DA:226,0
DA:234,0
DA:235,0
DA:236,0
DA:237,0
DA:239,0
DA:246,0
DA:247,0
DA:248,0
DA:249,0
DA:250,0
DA:251,0
DA:252,0
DA:259,0
DA:260,0
DA:266,0
DA:267,0
DA:268,0
DA:269,0
DA:270,0
DA:271,0
DA:272,0
DA:277,0
DA:278,0
LF:89
LH:0
BRDA:25,0,0,0
BRDA:28,1,0,0
BRDA:28,1,1,0
BRDA:29,2,0,0
BRDA:29,2,1,0
BRDA:33,3,0,0
BRDA:33,3,1,0
BRDA:60,4,0,0
BRDA:60,4,1,0
BRDA:70,5,0,0
BRDA:70,5,1,0
BRDA:76,6,0,0
BRDA:76,6,1,0
BRDA:76,7,0,0
BRDA:76,7,1,0
BRDA:83,8,0,0
BRDA:83,8,1,0
BRDA:86,9,0,0
BRDA:86,9,1,0
BRDA:95,10,0,0
BRDA:95,10,1,0
BRDA:105,11,0,0
BRDA:105,11,1,0
BRDA:113,12,0,0
BRDA:113,12,1,0
BRDA:121,13,0,0
BRDA:121,13,1,0
BRDA:131,14,0,0
BRDA:131,14,1,0
BRDA:137,15,0,0
BRDA:137,15,1,0
BRDA:145,16,0,0
BRDA:145,16,1,0
BRDA:160,17,0,0
BRDA:160,17,1,0
BRDA:206,18,0,0
BRDA:206,18,1,0
BRDA:221,19,0,0
BRDA:221,19,1,0
BRDA:223,20,0,0
BRDA:223,20,1,0
BRDA:234,21,0,0
BRDA:234,21,1,0
BRDA:236,22,0,0
BRDA:236,22,1,0
BRDA:277,23,0,0
BRDA:277,23,1,0
BRF:47
BRH:0
end_of_record
TN:
SF:Simulator/web/js/pwa-installer.mjs
FN:7,(anonymous_0)
FN:16,(anonymous_1)
FN:26,(anonymous_2)
FN:39,(anonymous_3)
FN:50,(anonymous_4)
FN:52,(anonymous_5)
FN:66,(anonymous_6)
FN:68,(anonymous_7)
FN:75,(anonymous_8)
FN:83,(anonymous_9)
FN:84,(anonymous_10)
FN:90,(anonymous_11)
FN:102,(anonymous_12)
FN:112,(anonymous_13)
FN:131,(anonymous_14)
FN:142,(anonymous_15)
FN:153,(anonymous_16)
FN:156,(anonymous_17)
FN:166,(anonymous_18)
FN:174,(anonymous_19)
FN:196,(anonymous_20)
FN:200,(anonymous_21)
FNF:22
FNH:0
FNDA:0,(anonymous_0)
FNDA:0,(anonymous_1)
FNDA:0,(anonymous_2)
FNDA:0,(anonymous_3)
FNDA:0,(anonymous_4)
FNDA:0,(anonymous_5)
FNDA:0,(anonymous_6)
FNDA:0,(anonymous_7)
FNDA:0,(anonymous_8)
FNDA:0,(anonymous_9)
FNDA:0,(anonymous_10)
FNDA:0,(anonymous_11)
FNDA:0,(anonymous_12)
FNDA:0,(anonymous_13)
FNDA:0,(anonymous_14)
FNDA:0,(anonymous_15)
FNDA:0,(anonymous_16)
FNDA:0,(anonymous_17)
FNDA:0,(anonymous_18)
FNDA:0,(anonymous_19)
FNDA:0,(anonymous_20)
FNDA:0,(anonymous_21)
DA:8,0
DA:9,0
DA:10,0
DA:17,0
DA:18,0
DA:19,0
DA:20,0
DA:28,0
DA:33,0
DA:40,0
DA:41,0
DA:42,0
DA:45,0
DA:46,0
DA:47,0
DA:50,0
DA:51,0
DA:52,0
DA:53,0
DA:54,0
DA:59,0
DA:68,0
DA:69,0
DA:70,0
DA:71,0
DA:75,0
DA:76,0
DA:77,0
DA:78,0
DA:79,0
DA:83,0
DA:84,0
DA:91,0
DA:93,0
DA:94,0
DA:95,0
DA:103,0
DA:104,0
DA:105,0
DA:113,0
DA:114,0
DA:115,0
DA:118,0
DA:119,0
DA:121,0
DA:123,0
DA:124,0
DA:132,0
DA:133,0
DA:134,0
DA:135,0
DA:143,0
DA:144,0
DA:145,0
DA:146,0
DA:154,0
DA:156,0
DA:157,0
DA:160,0
DA:168,0
DA:176,0
DA:177,0
DA:178,0
DA:179,0
DA:180,0
DA:193,0
DA:196,0
DA:197,0
DA:200,0
DA:201,0
DA:206,0
DA:207,0
DA:208,0
DA:209,0
DA:210,0
DA:211,0
DA:217,0
DA:218,0
LF:78
LH:0
BRDA:29,0,0,0
BRDA:29,0,1,0
BRDA:29,0,2,0
BRDA:40,1,0,0
BRDA:40,1,1,0
BRDA:53,2,0,0
BRDA:53,2,1,0
BRDA:53,3,0,0
BRDA:53,3,1,0
BRDA:91,4,0,0
BRDA:91,4,1,0
BRDA:91,5,0,0
BRDA:91,5,1,0
BRDA:94,6,0,0
BRDA:94,6,1,0
BRDA:104,7,0,0
BRDA:104,7,1,0
BRDA:113,8,0,0
BRDA:113,8,1,0
BRDA:123,9,0,0
BRDA:123,9,1,0
BRDA:134,10,0,0
BRDA:134,10,1,0
BRDA:145,11,0,0
BRDA:145,11,1,0
BRDA:154,12,0,0
BRDA:154,12,1,0
BRDA:176,13,0,0
BRDA:176,13,1,0
BRDA:206,14,0,0
BRDA:206,14,1,0
BRDA:217,15,0,0
BRDA:217,15,1,0
BRF:33
BRH:0
end_of_record
TN:
SF:Simulator/web/js/renderer-2d.mjs
FNF:0
FNH:0
LF:0
LH:0
BRF:0
BRH:0
end_of_record
TN:
SF:Simulator/web/js/screenshot-exporter.mjs
FN:7,(anonymous_0)
FN:16,(anonymous_1)
FN:23,(anonymous_2)
FN:37,(anonymous_3)
FN:51,(anonymous_4)
FN:71,(anonymous_5)
FN:82,(anonymous_6)
FN:98,(anonymous_7)
FN:101,(anonymous_8)
FN:117,(anonymous_9)
FN:127,(anonymous_10)
FN:134,(anonymous_11)
FN:138,(anonymous_12)
FN:140,(anonymous_13)
FN:147,(anonymous_14)
FN:171,(anonymous_15)
FN:175,(anonymous_16)
FN:180,(anonymous_17)
FN:187,(anonymous_18)
FN:192,(anonymous_19)
FN:197,(anonymous_20)
FN:202,(anonymous_21)
FN:207,(anonymous_22)
FNF:23
FNH:0
FNDA:0,(anonymous_0)
FNDA:0,(anonymous_1)
FNDA:0,(anonymous_2)
FNDA:0,(anonymous_3)
FNDA:0,(anonymous_4)
FNDA:0,(anonymous_5)
FNDA:0,(anonymous_6)
FNDA:0,(anonymous_7)
FNDA:0,(anonymous_8)
FNDA:0,(anonymous_9)
FNDA:0,(anonymous_10)
FNDA:0,(anonymous_11)
FNDA:0,(anonymous_12)
FNDA:0,(anonymous_13)
FNDA:0,(anonymous_14)
FNDA:0,(anonymous_15)
FNDA:0,(anonymous_16)
FNDA:0,(anonymous_17)
FNDA:0,(anonymous_18)
FNDA:0,(anonymous_19)
FNDA:0,(anonymous_20)
FNDA:0,(anonymous_21)
FNDA:0,(anonymous_22)
DA:8,0
DA:9,0
DA:10,0
DA:17,0
DA:25,0
DA:28,0
DA:29,0
DA:31,0
DA:38,0
DA:40,0
DA:41,0
DA:42,0
DA:45,0
DA:52,0
DA:53,0
DA:54,0
DA:57,0
DA:58,0
DA:60,0
DA:63,0
DA:65,0
DA:72,0
DA:73,0
DA:74,0
DA:76,0
DA:83,0
DA:84,0
DA:85,0
DA:86,0
DA:88,0
DA:89,0
DA:91,0
DA:92,0
DA:99,0
DA:100,0
DA:101,0
DA:103,0
DA:105,0
DA:106,0
DA:108,0
DA:109,0
DA:110,0
DA:118,0
DA:119,0
DA:120,0
DA:121,0
DA:128,0
DA:129,0
DA:130,0
DA:132,0
DA:134,0
DA:135,0
DA:138,0
DA:139,0
DA:140,0
DA:148,0
DA:150,0
DA:151,0
DA:152,0
DA:153,0
DA:164,0
DA:165,0
DA:172,0
DA:173,0
DA:175,0
DA:176,0
DA:180,0
DA:181,0
DA:182,0
DA:187,0
DA:188,0
DA:189,0
DA:192,0
DA:193,0
DA:194,0
DA:197,0
DA:198,0
DA:199,0
DA:202,0
DA:203,0
DA:204,0
DA:207,0
DA:208,0
DA:209,0
DA:215,0
DA:216,0
LF:86
LH:0
BRDA:23,0,0,0
BRDA:23,1,0,0
BRDA:37,2,0,0
BRDA:37,3,0,0
BRDA:40,4,0,0
BRDA:40,4,1,0
BRDA:51,5,0,0
BRDA:71,6,0,0
BRDA:127,7,0,0
BRDA:148,8,0,0
BRDA:148,8,1,0
BRDA:181,9,0,0
BRDA:181,9,1,0
BRDA:215,10,0,0
BRDA:215,10,1,0
BRF:15
BRH:0
end_of_record
TN:
SF:Simulator/web/js/theme-manager.mjs
FN:6,(anonymous_0)
FN:14,(anonymous_1)
FN:31,(anonymous_2)
FN:41,(anonymous_3)
FN:57,(anonymous_4)
FN:65,(anonymous_5)
FN:73,(anonymous_6)
FN:80,(anonymous_7)
FN:100,(anonymous_8)
FN:103,(anonymous_9)
FN:110,(anonymous_10)
FNF:11
FNH:0
FNDA:0,(anonymous_0)
FNDA:0,(anonymous_1)
FNDA:0,(anonymous_2)
FNDA:0,(anonymous_3)
FNDA:0,(anonymous_4)
FNDA:0,(anonymous_5)
FNDA:0,(anonymous_6)
FNDA:0,(anonymous_7)
FNDA:0,(anonymous_8)
FNDA:0,(anonymous_9)
FNDA:0,(anonymous_10)
DA:7,0
DA:8,0
DA:16,0
DA:18,0
DA:19,0
DA:22,0
DA:23,0
DA:26,0
DA:27,0
DA:28,0
DA:31,0
DA:32,0
DA:33,0
DA:42,0
DA:43,0
DA:44,0
DA:47,0
DA:48,0
DA:49,0
DA:50,0
DA:58,0
DA:59,0
DA:66,0
DA:67,0
DA:74,0
DA:82,0
DA:84,0
DA:85,0
DA:86,0
DA:87,0
DA:88,0
DA:92,0
DA:94,0
DA:101,0
DA:102,0
DA:103,0
DA:111,0
DA:116,0
DA:117,0
LF:39
LH:0
BRDA:18,0,0,0
BRDA:18,0,1,0
BRDA:23,1,0,0
BRDA:23,1,1,0
BRDA:32,2,0,0
BRDA:32,2,1,0
BRDA:33,3,0,0
BRDA:33,3,1,0
BRDA:48,4,0,0
BRDA:48,4,1,0
BRDA:49,5,0,0
BRDA:49,5,1,0
BRDA:50,6,0,0
BRDA:50,6,1,0
BRDA:66,7,0,0
BRDA:66,7,1,0
BRDA:82,8,0,0
BRDA:82,8,1,0
BRDA:87,9,0,0
BRDA:87,9,1,0
BRDA:90,10,0,0
BRDA:90,10,1,0
BRDA:102,11,0,0
BRDA:102,11,1,0
BRDA:116,12,0,0
BRDA:116,12,1,0
BRF:26
BRH:0
end_of_record
TN:
SF:Simulator/web/js/three-helper.mjs
FN:2,createSceneDefaults
FN:11,initThreeJS
FNF:2
FNH:2
FNDA:13,createSceneDefaults
FNDA:10,initThreeJS
DA:3,13
DA:12,10
DA:13,10
DA:14,9
DA:16,8
DA:17,8
DA:19,8
DA:20,8
DA:22,8
DA:23,8
DA:25,8
DA:26,8
DA:27,8
DA:29,8
DA:30,8
DA:32,8
DA:33,8
DA:34,8
DA:35,8
DA:36,8
DA:38,8
DA:39,8
DA:41,8
DA:42,8
DA:43,8
DA:44,8
DA:45,8
DA:47,8
DA:48,8
DA:49,8
DA:50,8
DA:51,8
DA:53,8
LF:33
LH:33
BRDA:11,0,0,7
BRDA:12,1,0,1
BRDA:12,1,1,9
BRDA:13,2,0,1
BRDA:13,2,1,9
BRDA:14,3,0,1
BRDA:14,3,1,8
BRDA:29,4,0,8
BRDA:29,4,1,7
BRDA:30,5,0,8
BRDA:30,5,1,7
BRF:11
BRH:11
end_of_record
TN:
SF:Simulator/web/js/tool-library.mjs
FNF:0
FNH:0
DA:14,0
DA:15,0
DA:16,0
DA:17,0
LF:4
LH:0
BRDA:14,0,0,0
BRDA:14,0,1,0
BRF:2
BRH:0
end_of_record
TN:
SF:Simulator/web/js/toolpath-renderer.mjs
FNF:0
FNH:0
DA:13,0
DA:14,0
DA:15,0
LF:3
LH:0
BRDA:13,0,0,0
BRDA:13,0,1,0
BRF:2
BRH:0
end_of_record
TN:
SF:Simulator/web/js/toolpath.mjs
FN:4,renderToolpath
FN:21,(anonymous_1)
FNF:2
FNH:0
FNDA:0,renderToolpath
FNDA:0,(anonymous_1)
DA:5,0
DA:6,0
DA:9,0
DA:14,0
DA:15,0
DA:19,0
DA:20,0
DA:21,0
DA:22,0
DA:24,0
DA:26,0
DA:33,0
DA:36,0
DA:37,0
DA:38,0
DA:39,0
DA:44,0
DA:45,0
DA:46,0
DA:47,0
DA:49,0
LF:21
LH:0
BRDA:4,0,0,0
BRDA:5,1,0,0
BRDA:5,1,1,0
BRDA:5,2,0,0
BRDA:5,2,1,0
BRDA:6,3,0,0
BRDA:6,3,1,0
BRDA:9,4,0,0
BRDA:9,4,1,0
BRDA:10,5,0,0
BRDA:10,5,1,0
BRDA:10,5,2,0
BRDA:14,6,0,0
BRDA:14,6,1,0
BRDA:26,7,0,0
BRDA:26,7,1,0
BRDA:26,8,0,0
BRDA:26,8,1,0
BRDA:28,9,0,0
BRDA:28,9,1,0
BRDA:30,10,0,0
BRDA:30,10,1,0
BRDA:41,11,0,0
BRDA:41,11,1,0
BRF:24
BRH:0
end_of_record
TN:
SF:Simulator/web/js/touch-controls.mjs
FNF:0
FNH:0
LF:0
LH:0
BRF:0
BRH:0
end_of_record
TN:
SF:Simulator/web/js/user-preferences.mjs
FN:7,(anonymous_0)
FN:28,(anonymous_1)
FN:36,(anonymous_2)
FN:53,(anonymous_3)
FN:69,(anonymous_4)
FN:76,(anonymous_5)
FN:84,(anonymous_6)
FN:92,(anonymous_7)
FN:96,(anonymous_8)
FN:108,(anonymous_9)
FN:115,(anonymous_10)
FN:125,(anonymous_11)
FN:136,(anonymous_12)
FN:217,(anonymous_13)
FN:219,(anonymous_14)
FN:224,(anonymous_15)
FN:231,(anonymous_16)
FN:237,(anonymous_17)
FN:245,(anonymous_18)
FN:249,(anonymous_19)
FN:257,(anonymous_20)
FN:265,(anonymous_21)
FN:272,(anonymous_22)
FN:287,(anonymous_23)
FNF:24
FNH:0
FNDA:0,(anonymous_0)
FNDA:0,(anonymous_1)
FNDA:0,(anonymous_2)
FNDA:0,(anonymous_3)
FNDA:0,(anonymous_4)
FNDA:0,(anonymous_5)
FNDA:0,(anonymous_6)
FNDA:0,(anonymous_7)
FNDA:0,(anonymous_8)
FNDA:0,(anonymous_9)
FNDA:0,(anonymous_10)
FNDA:0,(anonymous_11)
FNDA:0,(anonymous_12)
FNDA:0,(anonymous_13)
FNDA:0,(anonymous_14)
FNDA:0,(anonymous_15)
FNDA:0,(anonymous_16)
FNDA:0,(anonymous_17)
FNDA:0,(anonymous_18)
FNDA:0,(anonymous_19)
FNDA:0,(anonymous_20)
FNDA:0,(anonymous_21)
FNDA:0,(anonymous_22)
FNDA:0,(anonymous_23)
DA:8,0
DA:9,0
DA:22,0
DA:29,0
DA:30,0
DA:37,0
DA:38,0
DA:39,0
DA:40,0
DA:41,0
DA:44,0
DA:45,0
DA:47,0
DA:54,0
DA:55,0
DA:56,0
DA:62,0
DA:70,0
DA:77,0
DA:78,0
DA:85,0
DA:86,0
DA:93,0
DA:96,0
DA:99,0
DA:102,0
DA:109,0
DA:117,0
DA:119,0
DA:120,0
DA:121,0
DA:122,0
DA:123,0
DA:124,0
DA:125,0
DA:127,0
DA:130,0
DA:137,0
DA:139,0
DA:140,0
DA:141,0
DA:142,0
DA:210,0
DA:211,0
DA:219,0
DA:220,0
DA:224,0
DA:225,0
DA:226,0
DA:231,0
DA:232,0
DA:233,0
DA:237,0
DA:238,0
DA:239,0
DA:240,0
DA:245,0
DA:246,0
DA:249,0
DA:250,0
DA:258,0
DA:259,0
DA:266,0
DA:273,0
DA:274,0
DA:275,0
DA:276,0
DA:277,0
DA:278,0
DA:279,0
DA:280,0
DA:281,0
DA:288,0
DA:289,0
DA:290,0
DA:291,0
DA:292,0
DA:293,0
DA:294,0
DA:299,0
DA:300,0
LF:81
LH:0
BRDA:39,0,0,0
BRDA:39,0,1,0
BRDA:93,1,0,0
BRDA:93,1,1,0
BRDA:109,2,0,0
BRDA:109,2,1,0
BRDA:117,3,0,0
BRDA:117,3,1,0
BRDA:137,4,0,0
BRDA:137,4,1,0
BRDA:225,5,0,0
BRDA:225,5,1,0
BRDA:238,6,0,0
BRDA:238,6,1,0
BRDA:299,7,0,0
BRDA:299,7,1,0
BRF:16
BRH:0
end_of_record
TN:
SF:Simulator/web/js/viewport-manager.mjs
FN:7,(anonymous_0)
FN:16,(anonymous_1)
FN:24,(anonymous_2)
FN:50,(anonymous_3)
FN:67,(anonymous_4)
FN:95,(anonymous_5)
FN:123,(anonymous_6)
FN:171,(anonymous_7)
FN:178,(anonymous_8)
FN:180,(anonymous_9)
FN:187,(anonymous_10)
FN:192,(anonymous_11)
FN:212,(anonymous_12)
FN:213,(anonymous_13)
FN:221,(anonymous_14)
FN:232,(anonymous_15)
FN:275,(anonymous_16)
FN:276,(anonymous_17)
FN:277,(anonymous_18)
FNF:19
FNH:0
FNDA:0,(anonymous_0)
FNDA:0,(anonymous_1)
FNDA:0,(anonymous_2)
FNDA:0,(anonymous_3)
FNDA:0,(anonymous_4)
FNDA:0,(anonymous_5)
FNDA:0,(anonymous_6)
FNDA:0,(anonymous_7)
FNDA:0,(anonymous_8)
FNDA:0,(anonymous_9)
FNDA:0,(anonymous_10)
FNDA:0,(anonymous_11)
FNDA:0,(anonymous_12)
FNDA:0,(anonymous_13)
FNDA:0,(anonymous_14)
FNDA:0,(anonymous_15)
FNDA:0,(anonymous_16)
FNDA:0,(anonymous_17)
FNDA:0,(anonymous_18)
DA:8,0
DA:9,0
DA:10,0
DA:17,0
DA:18,0
DA:25,0
DA:26,0
DA:28,0
DA:30,0
DA:31,0
DA:33,0
DA:34,0
DA:36,0
DA:37,0
DA:39,0
DA:40,0
DA:43,0
DA:44,0
DA:51,0
DA:68,0
DA:96,0
DA:124,0
DA:172,0
DA:179,0
DA:180,0
DA:188,0
DA:189,0
DA:190,0
DA:192,0
DA:193,0
DA:194,0
DA:195,0
DA:196,0
DA:198,0
DA:199,0
DA:200,0
DA:202,0
DA:203,0
DA:206,0
DA:213,0
DA:214,0
DA:222,0
DA:233,0
DA:235,0
DA:236,0
DA:237,0
DA:238,0
DA:268,0
DA:269,0
DA:276,0
DA:277,0
DA:278,0
DA:285,0
DA:286,0
LF:54
LH:0
BRDA:28,0,0,0
BRDA:28,0,1,0
BRDA:28,0,2,0
BRDA:28,0,3,0
BRDA:180,1,0,0
BRDA:180,1,1,0
BRDA:180,1,2,0
BRDA:180,1,3,0
BRDA:202,2,0,0
BRDA:202,2,1,0
BRDA:233,3,0,0
BRDA:233,3,1,0
BRDA:285,4,0,0
BRDA:285,4,1,0
BRF:14
BRH:0
end_of_record
TN:
SF:Simulator/web/js/webgl-optimizer.mjs
FN:7,(anonymous_0)
FN:15,(anonymous_1)
FN:23,(anonymous_2)
FN:44,(anonymous_3)
FN:46,(anonymous_4)
FN:56,(anonymous_5)
FN:73,(anonymous_6)
FN:80,(anonymous_7)
FN:87,(anonymous_8)
FN:101,(anonymous_9)
FN:115,(anonymous_10)
FN:137,(anonymous_11)
FN:181,(anonymous_12)
FN:189,(anonymous_13)
FN:200,(anonymous_14)
FN:207,(anonymous_15)
FN:225,(anonymous_16)
FN:226,(anonymous_17)
FN:232,(anonymous_18)
FNF:19
FNH:0
FNDA:0,(anonymous_0)
FNDA:0,(anonymous_1)
FNDA:0,(anonymous_2)
FNDA:0,(anonymous_3)
FNDA:0,(anonymous_4)
FNDA:0,(anonymous_5)
FNDA:0,(anonymous_6)
FNDA:0,(anonymous_7)
FNDA:0,(anonymous_8)
FNDA:0,(anonymous_9)
FNDA:0,(anonymous_10)
FNDA:0,(anonymous_11)
FNDA:0,(anonymous_12)
FNDA:0,(anonymous_13)
FNDA:0,(anonymous_14)
FNDA:0,(anonymous_15)
FNDA:0,(anonymous_16)
FNDA:0,(anonymous_17)
FNDA:0,(anonymous_18)
DA:8,0
DA:9,0
DA:16,0
DA:17,0
DA:25,0
DA:28,0
DA:29,0
DA:30,0
DA:31,0
DA:35,0
DA:38,0
DA:46,0
DA:47,0
DA:48,0
DA:57,0
DA:59,0
DA:60,0
DA:61,0
DA:62,0
DA:63,0
DA:66,0
DA:67,0
DA:74,0
DA:81,0
DA:82,0
DA:85,0
DA:86,0
DA:87,0
DA:89,0
DA:93,0
DA:94,0
DA:102,0
DA:103,0
DA:104,0
DA:105,0
DA:106,0
DA:107,0
DA:109,0
DA:116,0
DA:118,0
DA:138,0
DA:140,0
DA:141,0
DA:147,0
DA:148,0
DA:154,0
DA:155,0
DA:161,0
DA:162,0
DA:168,0
DA:169,0
DA:175,0
DA:182,0
DA:184,0
DA:185,0
DA:186,0
DA:187,0
DA:188,0
DA:189,0
DA:190,0
DA:192,0
DA:201,0
DA:208,0
DA:209,0
DA:212,0
DA:213,0
DA:214,0
DA:215,0
DA:217,0
DA:218,0
DA:226,0
DA:233,0
DA:238,0
DA:239,0
DA:240,0
LF:75
LH:0
BRDA:29,0,0,0
BRDA:29,0,1,0
BRDA:47,1,0,0
BRDA:47,1,1,0
BRDA:81,2,0,0
BRDA:81,2,1,0
BRDA:85,3,0,0
BRDA:85,3,1,0
BRDA:86,4,0,0
BRDA:86,4,1,0
BRDA:93,5,0,0
BRDA:93,5,1,0
BRDA:102,6,0,0
BRDA:102,6,1,0
BRDA:103,7,0,0
BRDA:103,7,1,0
BRDA:104,8,0,0
BRDA:104,8,1,0
BRDA:105,9,0,0
BRDA:105,9,1,0
BRDA:106,10,0,0
BRDA:106,10,1,0
BRDA:107,11,0,0
BRDA:107,11,1,0
BRDA:140,12,0,0
BRDA:140,12,1,0
BRDA:147,13,0,0
BRDA:147,13,1,0
BRDA:154,14,0,0
BRDA:154,14,1,0
BRDA:161,15,0,0
BRDA:161,15,1,0
BRDA:168,16,0,0
BRDA:168,16,1,0
BRDA:208,17,0,0
BRDA:208,17,1,0
BRDA:238,18,0,0
BRDA:238,18,1,0
BRF:38
BRH:0
end_of_record
TN:
SF:modules/backend/websocket-server.mjs
FN:13,(anonymous_0)
FN:26,(anonymous_1)
FN:41,(anonymous_2)
FN:51,(anonymous_3)
FN:63,(anonymous_4)
FN:86,(anonymous_5)
FN:89,(anonymous_6)
FN:105,(anonymous_7)
FN:144,(anonymous_8)
FN:166,(anonymous_9)
FN:182,(anonymous_10)
FN:192,(anonymous_11)
FN:195,(anonymous_12)
FN:198,(anonymous_13)
FN:208,(anonymous_14)
FN:212,(anonymous_15)
FN:223,(anonymous_16)
FN:233,(anonymous_17)
FN:260,(anonymous_18)
FN:300,(anonymous_19)
FN:322,(anonymous_20)
FN:344,(anonymous_21)
FN:363,(anonymous_22)
FN:370,(anonymous_23)
FN:397,(anonymous_24)
FN:402,(anonymous_25)
FN:406,(anonymous_26)
FN:414,(anonymous_27)
FN:424,(anonymous_28)
FN:434,(anonymous_29)
FN:435,(anonymous_30)
FN:445,(anonymous_31)
FN:462,(anonymous_32)
FN:466,(anonymous_33)
FN:480,getCollaborativeServer
FNF:35
FNH:20
FNDA:13,(anonymous_0)
FNDA:6,(anonymous_1)
FNDA:2,(anonymous_2)
FNDA:1,(anonymous_3)
FNDA:5,(anonymous_4)
FNDA:5,(anonymous_5)
FNDA:3,(anonymous_6)
FNDA:3,(anonymous_7)
FNDA:5,(anonymous_8)
FNDA:2,(anonymous_9)
FNDA:9,(anonymous_10)
FNDA:2,(anonymous_11)
FNDA:0,(anonymous_12)
FNDA:0,(anonymous_13)
FNDA:0,(anonymous_14)
FNDA:0,(anonymous_15)
FNDA:3,(anonymous_16)
FNDA:0,(anonymous_17)
FNDA:1,(anonymous_18)
FNDA:0,(anonymous_19)
FNDA:0,(anonymous_20)
FNDA:0,(anonymous_21)
FNDA:0,(anonymous_22)
FNDA:0,(anonymous_23)
FNDA:1,(anonymous_24)
FNDA:0,(anonymous_25)
FNDA:0,(anonymous_26)
FNDA:2,(anonymous_27)
FNDA:0,(anonymous_28)
FNDA:2,(anonymous_29)
FNDA:3,(anonymous_30)
FNDA:1,(anonymous_31)
FNDA:1,(anonymous_32)
FNDA:0,(anonymous_33)
FNDA:0,getCollaborativeServer
DA:14,13
DA:15,13
DA:16,13
DA:17,13
DA:18,13
DA:19,13
DA:20,13
DA:27,6
DA:34,6
DA:35,6
DA:42,2
DA:43,2
DA:44,2
DA:45,2
DA:52,1
DA:53,1
DA:54,1
DA:55,1
DA:56,1
DA:64,5
DA:67,5
DA:70,5
DA:76,5
DA:77,5
DA:79,5
DA:88,5
DA:89,3
DA:92,5
DA:95,5
DA:96,0
DA:99,5
DA:107,3
DA:108,1
DA:109,1
DA:111,0
DA:115,2
DA:116,1
DA:117,1
DA:119,0
DA:123,1
DA:124,1
DA:125,1
DA:127,0
DA:131,0
DA:132,0
DA:133,0
DA:135,0
DA:138,0
DA:145,5
DA:146,3
DA:153,2
DA:154,2
DA:160,0
DA:167,2
DA:183,9
DA:184,9
DA:185,9
DA:186,9
DA:193,2
DA:195,2
DA:196,0
DA:198,0
DA:199,0
DA:200,0
DA:201,0
DA:203,0
DA:204,0
DA:208,0
DA:209,0
DA:212,0
DA:213,0
DA:217,2
DA:224,3
DA:225,3
DA:226,3
DA:234,0
DA:236,0
DA:238,0
DA:239,0
DA:241,0
DA:242,0
DA:244,0
DA:245,0
DA:247,0
DA:248,0
DA:250,0
DA:251,0
DA:253,0
DA:261,1
DA:264,1
DA:265,1
DA:268,1
DA:271,1
DA:279,1
DA:282,1
DA:288,1
DA:294,1
DA:301,0
DA:302,0
DA:304,0
DA:305,0
DA:307,0
DA:310,0
DA:323,0
DA:324,0
DA:326,0
DA:327,0
DA:329,0
DA:332,0
DA:345,0
DA:346,0
DA:349,0
DA:364,0
DA:371,0
DA:372,0
DA:374,0
DA:375,0
DA:376,0
DA:379,0
DA:385,0
DA:386,0
DA:387,0
DA:391,0
DA:399,1
DA:400,1
DA:402,1
DA:403,0
DA:406,1
DA:415,2
DA:417,2
DA:425,0
DA:435,2
DA:436,3
DA:437,1
DA:446,1
DA:456,1
DA:463,1
DA:466,0
DA:478,1
DA:481,0
DA:482,0
DA:484,0
LF:142
LH:76
BRDA:53,0,0,1
BRDA:53,0,1,0
BRDA:89,1,0,3
BRDA:89,1,1,0
BRDA:107,2,0,1
BRDA:107,2,1,2
BRDA:107,3,0,3
BRDA:107,3,1,2
BRDA:108,4,0,1
BRDA:108,4,1,0
BRDA:115,5,0,1
BRDA:115,5,1,1
BRDA:115,6,0,2
BRDA:115,6,1,1
BRDA:116,7,0,1
BRDA:116,7,1,0
BRDA:123,8,0,1
BRDA:123,8,1,0
BRDA:123,9,0,1
BRDA:123,9,1,1
BRDA:124,10,0,1
BRDA:124,10,1,0
BRDA:131,11,0,0
BRDA:131,11,1,0
BRDA:131,12,0,0
BRDA:131,12,1,0
BRDA:132,13,0,0
BRDA:132,13,1,0
BRDA:145,14,0,3
BRDA:145,14,1,2
BRDA:153,15,0,2
BRDA:153,15,1,0
BRDA:182,16,0,1
BRDA:183,17,0,9
BRDA:183,17,1,1
BRDA:224,18,0,3
BRDA:224,18,1,0
BRDA:236,19,0,0
BRDA:236,19,1,0
BRDA:236,19,2,0
BRDA:236,19,3,0
BRDA:236,19,4,0
BRDA:236,19,5,0
BRDA:264,20,0,1
BRDA:264,20,1,0
BRDA:275,21,0,1
BRDA:275,21,1,0
BRDA:302,22,0,0
BRDA:302,22,1,0
BRDA:305,23,0,0
BRDA:305,23,1,0
BRDA:324,24,0,0
BRDA:324,24,1,0
BRDA:327,25,0,0
BRDA:327,25,1,0
BRDA:346,26,0,0
BRDA:346,26,1,0
BRDA:372,27,0,0
BRDA:372,27,1,0
BRDA:375,28,0,0
BRDA:375,28,1,0
BRDA:385,29,0,0
BRDA:385,29,1,0
BRDA:399,30,0,0
BRDA:399,30,1,1
BRDA:415,31,0,2
BRDA:415,31,1,0
BRDA:436,32,0,1
BRDA:436,32,1,2
BRDA:436,33,0,3
BRDA:436,33,1,3
BRDA:481,34,0,0
BRDA:481,34,1,0
BRF:73
BRH:31
end_of_record
TN:
SF:modules/backend/collab/index.js
FN:4,(anonymous_0)
FN:9,(anonymous_1)
FN:23,(anonymous_2)
FN:34,(anonymous_3)
FN:51,(anonymous_4)
FN:62,(anonymous_5)
FN:67,createCollabServer
FNF:7
FNH:7
FNDA:27,(anonymous_0)
FNDA:30,(anonymous_1)
FNDA:6,(anonymous_2)
FNDA:7,(anonymous_3)
FNDA:4,(anonymous_4)
FNDA:5,(anonymous_5)
FNDA:27,createCollabServer
DA:1,5
DA:5,27
DA:6,27
DA:10,30
DA:11,29
DA:18,29
DA:19,29
DA:20,29
DA:24,6
DA:25,6
DA:26,5
DA:27,1
DA:29,4
DA:30,4
DA:31,4
DA:35,7
DA:36,7
DA:39,6
DA:40,1
DA:42,5
DA:43,1
DA:46,4
DA:47,4
DA:48,4
DA:52,4
DA:53,4
DA:54,3
DA:55,1
DA:57,2
DA:58,2
DA:59,2
DA:63,5
DA:68,27
DA:71,5
LF:34
LH:34
BRDA:9,0,0,4
BRDA:9,1,0,19
BRDA:10,2,0,1
BRDA:10,2,1,29
BRDA:15,3,0,29
BRDA:15,3,1,23
BRDA:16,4,0,29
BRDA:16,4,1,20
BRDA:25,5,0,1
BRDA:25,5,1,5
BRDA:26,6,0,1
BRDA:26,6,1,4
BRDA:26,7,0,5
BRDA:26,7,1,2
BRDA:34,8,0,5
BRDA:36,9,0,1
BRDA:36,9,1,6
BRDA:39,10,0,1
BRDA:39,10,1,5
BRDA:42,11,0,1
BRDA:42,11,1,4
BRDA:42,12,0,5
BRDA:42,12,1,2
BRDA:51,13,0,1
BRDA:53,14,0,1
BRDA:53,14,1,3
BRDA:54,15,0,1
BRDA:54,15,1,2
BRDA:54,16,0,3
BRDA:54,16,1,3
BRF:30
BRH:30
end_of_record
TN:
SF:modules/backend/collab/ws-server.js
FN:4,createWsCollabServer
FN:22,addClientToSession
FN:31,removeClient
FN:42,broadcastToSession
FN:51,(anonymous_4)
FN:53,(anonymous_5)
FN:122,(anonymous_6)
FN:128,(anonymous_7)
FN:139,(anonymous_8)
FN:149,(anonymous_9)
FNF:10
FNH:5
FNDA:7,createWsCollabServer
FNDA:0,addClientToSession
FNDA:0,removeClient
FNDA:3,broadcastToSession
FNDA:0,(anonymous_4)
FNDA:0,(anonymous_5)
FNDA:0,(anonymous_6)
FNDA:1,(anonymous_7)
FNDA:1,(anonymous_8)
FNDA:1,(anonymous_9)
DA:6,7
DA:9,7
DA:11,0
DA:14,7
DA:15,7
DA:17,6
DA:20,6
DA:23,0
DA:24,0
DA:25,0
DA:27,0
DA:28,0
DA:32,0
DA:33,0
DA:34,0
DA:35,0
DA:36,0
DA:37,0
DA:43,3
DA:44,3
DA:45,0
DA:46,0
DA:47,0
DA:51,6
DA:53,0
DA:54,0
DA:55,0
DA:56,0
DA:60,0
DA:62,0
DA:63,0
DA:64,0
DA:66,0
DA:67,0
DA:68,0
DA:69,0
DA:70,0
DA:72,0
DA:74,0
DA:75,0
DA:82,0
DA:83,0
DA:84,0
DA:85,0
DA:86,0
DA:88,0
DA:89,0
DA:95,0
DA:96,0
DA:97,0
DA:99,0
DA:100,0
DA:106,0
DA:107,0
DA:108,0
DA:109,0
DA:110,0
DA:117,0
DA:118,0
DA:122,0
DA:123,0
DA:128,6
DA:129,1
DA:130,1
DA:139,6
DA:140,1
DA:149,6
DA:150,1
DA:151,1
DA:159,6
DA:162,2
LF:71
LH:19
BRDA:4,0,0,0
BRDA:14,1,0,6
BRDA:15,2,0,1
BRDA:15,2,1,6
BRDA:23,3,0,0
BRDA:23,3,1,0
BRDA:33,4,0,0
BRDA:33,4,1,0
BRDA:35,5,0,0
BRDA:35,5,1,0
BRDA:37,6,0,0
BRDA:37,6,1,0
BRDA:44,7,0,3
BRDA:44,7,1,0
BRDA:45,8,0,0
BRDA:45,8,1,0
BRDA:47,9,0,0
BRDA:47,9,1,0
BRDA:47,10,0,0
BRDA:47,10,1,0
BRDA:56,11,0,0
BRDA:56,11,1,0
BRDA:60,12,0,0
BRDA:60,12,1,0
BRDA:60,12,2,0
BRDA:63,13,0,0
BRDA:63,13,1,0
BRDA:66,14,0,0
BRDA:66,14,1,0
BRDA:67,15,0,0
BRDA:67,15,1,0
BRDA:67,16,0,0
BRDA:67,16,1,0
BRDA:68,17,0,0
BRDA:68,17,1,0
BRDA:70,18,0,0
BRDA:70,18,1,0
BRDA:82,19,0,0
BRDA:82,19,1,0
BRDA:84,20,0,0
BRDA:84,20,1,0
BRDA:85,21,0,0
BRDA:85,21,1,0
BRDA:92,22,0,0
BRDA:92,22,1,0
BRDA:95,23,0,0
BRDA:95,23,1,0
BRDA:97,24,0,0
BRDA:97,24,1,0
BRDA:99,25,0,0
BRDA:99,25,1,0
BRDA:106,26,0,0
BRDA:106,26,1,0
BRDA:117,27,0,0
BRDA:117,27,1,0
BRDA:117,28,0,0
BRDA:117,28,1,0
BRDA:129,29,0,1
BRDA:129,29,1,0
BRDA:150,30,0,1
BRDA:150,30,1,0
BRF:61
BRH:6
end_of_record
TN:
SF:modules/backend/database/connection.mjs
FN:15,initDatabase
FN:30,(anonymous_1)
FN:34,(anonymous_2)
FN:51,getPool
FN:61,query
FN:77,transaction
FN:96,testConnection
FN:110,closeDatabase
FNF:8
FNH:0
FNDA:0,initDatabase
FNDA:0,(anonymous_1)
FNDA:0,(anonymous_2)
FNDA:0,getPool
FNDA:0,query
FNDA:0,transaction
FNDA:0,testConnection
FNDA:0,closeDatabase
DA:8,0
DA:10,0
DA:16,0
DA:27,0
DA:30,0
DA:31,0
DA:34,0
DA:35,0
DA:38,0
DA:45,0
DA:52,0
DA:53,0
DA:55,0
DA:62,0
DA:63,0
DA:64,0
DA:65,0
DA:66,0
DA:67,0
DA:69,0
DA:70,0
DA:78,0
DA:79,0
DA:80,0
DA:81,0
DA:82,0
DA:83,0
DA:85,0
DA:86,0
DA:87,0
DA:89,0
DA:97,0
DA:98,0
DA:99,0
DA:100,0
DA:102,0
DA:103,0
DA:111,0
DA:112,0
DA:113,0
DA:114,0
LF:41
LH:0
BRDA:15,0,0,0
BRDA:17,1,0,0
BRDA:17,1,1,0
BRDA:17,1,2,0
BRDA:18,2,0,0
BRDA:18,2,1,0
BRDA:18,2,2,0
BRDA:19,3,0,0
BRDA:19,3,1,0
BRDA:19,3,2,0
BRDA:20,4,0,0
BRDA:20,4,1,0
BRDA:20,4,2,0
BRDA:21,5,0,0
BRDA:21,5,1,0
BRDA:21,5,2,0
BRDA:22,6,0,0
BRDA:22,6,1,0
BRDA:22,6,2,0
BRDA:23,7,0,0
BRDA:23,7,1,0
BRDA:24,8,0,0
BRDA:24,8,1,0
BRDA:52,9,0,0
BRDA:52,9,1,0
BRDA:61,10,0,0
BRDA:111,11,0,0
BRDA:111,11,1,0
BRF:28
BRH:0
end_of_record
TN:
SF:modules/backend/database/migrations/migrate.mjs
FN:18,createMigrationsTable
FN:31,getExecutedMigrations
FN:33,(anonymous_2)
FN:39,markMigrationExecuted
FN:46,runMigrations
FN:62,(anonymous_5)
FN:100,initSchema
FN:122,(anonymous_7)
FN:127,(anonymous_8)
FNF:9
FNH:0
FNDA:0,createMigrationsTable
FNDA:0,getExecutedMigrations
FNDA:0,(anonymous_2)
FNDA:0,markMigrationExecuted
FNDA:0,runMigrations
FNDA:0,(anonymous_5)
FNDA:0,initSchema
FNDA:0,(anonymous_7)
FNDA:0,(anonymous_8)
DA:13,0
DA:19,0
DA:32,0
DA:33,0
DA:40,0
DA:47,0
DA:49,0
DA:50,0
DA:53,0
DA:56,0
DA:57,0
DA:60,0
DA:61,0
DA:62,0
DA:64,0
DA:67,0
DA:68,0
DA:69,0
DA:70,0
DA:71,0
DA:74,0
DA:75,0
DA:77,0
DA:78,0
DA:79,0
DA:80,0
DA:81,0
DA:83,0
DA:84,0
DA:88,0
DA:90,0
DA:91,0
DA:93,0
DA:101,0
DA:102,0
DA:103,0
DA:105,0
DA:106,0
DA:108,0
DA:109,0
DA:111,0
DA:112,0
DA:114,0
DA:119,0
DA:121,0
DA:122,0
DA:123,0
DA:124,0
DA:126,0
DA:127,0
DA:128,0
DA:129,0
DA:132,0
DA:146,0
LF:54
LH:0
BRDA:62,0,0,0
BRDA:62,0,1,0
BRDA:69,1,0,0
BRDA:69,1,1,0
BRDA:121,2,0,0
BRDA:121,2,1,0
BRDA:126,3,0,0
BRDA:126,3,1,0
BRF:8
BRH:0
end_of_record
TN:
SF:modules/backend/database/repositories/GCodeFileRepository.mjs
FN:12,(anonymous_0)
FN:19,(anonymous_1)
FN:29,(anonymous_2)
FN:48,(anonymous_3)
FN:54,(anonymous_4)
FN:55,(anonymous_5)
FN:81,(anonymous_6)
FN:82,(anonymous_7)
FN:113,(anonymous_8)
FN:128,(anonymous_9)
FN:169,(anonymous_10)
FN:205,(anonymous_11)
FN:220,(anonymous_12)
FN:231,(anonymous_13)
FNF:14
FNH:13
FNDA:4,(anonymous_0)
FNDA:2,(anonymous_1)
FNDA:2,(anonymous_2)
FNDA:3,(anonymous_3)
FNDA:5,(anonymous_4)
FNDA:0,(anonymous_5)
FNDA:2,(anonymous_6)
FNDA:2,(anonymous_7)
FNDA:2,(anonymous_8)
FNDA:5,(anonymous_9)
FNDA:3,(anonymous_10)
FNDA:1,(anonymous_11)
FNDA:1,(anonymous_12)
FNDA:1,(anonymous_13)
DA:13,4
DA:20,2
DA:23,2
DA:30,2
DA:32,2
DA:33,2
DA:35,2
DA:42,2
DA:49,3
DA:50,3
DA:51,3
DA:52,3
DA:54,3
DA:55,5
DA:56,5
DA:57,4
DA:58,4
DA:62,3
DA:63,1
DA:66,2
DA:67,2
DA:75,2
DA:82,2
DA:84,2
DA:89,2
DA:90,1
DA:94,1
DA:95,1
DA:98,1
DA:106,1
DA:114,2
DA:122,2
DA:129,5
DA:131,5
DA:132,5
DA:133,5
DA:135,5
DA:136,1
DA:137,1
DA:138,4
DA:139,1
DA:142,5
DA:143,1
DA:144,1
DA:147,5
DA:148,1
DA:149,1
DA:152,5
DA:154,5
DA:163,5
DA:170,3
DA:172,3
DA:173,3
DA:174,3
DA:176,3
DA:177,1
DA:178,1
DA:180,2
DA:181,2
DA:184,3
DA:185,3
DA:186,3
DA:188,3
DA:190,3
DA:199,3
DA:206,1
DA:214,1
DA:221,1
DA:225,1
DA:232,1
DA:242,1
LF:71
LH:71
BRDA:23,0,0,2
BRDA:23,0,1,1
BRDA:30,1,0,1
BRDA:30,2,0,1
BRDA:56,3,0,4
BRDA:56,3,1,1
BRDA:62,4,0,1
BRDA:62,4,1,2
BRDA:75,5,0,2
BRDA:75,5,1,1
BRDA:89,6,0,1
BRDA:89,6,1,1
BRDA:122,7,0,2
BRDA:122,7,1,1
BRDA:128,8,0,1
BRDA:129,9,0,5
BRDA:129,10,0,5
BRDA:135,11,0,1
BRDA:135,11,1,4
BRDA:138,12,0,1
BRDA:138,12,1,3
BRDA:142,13,0,1
BRDA:142,13,1,4
BRDA:142,14,0,5
BRDA:142,14,1,1
BRDA:147,15,0,1
BRDA:147,15,1,4
BRDA:169,16,0,1
BRDA:170,17,0,2
BRDA:170,18,0,2
BRDA:176,19,0,1
BRDA:176,19,1,2
BRF:32
BRH:32
end_of_record
TN:
SF:modules/backend/database/repositories/GCodeFolderRepository.mjs
FN:12,(anonymous_0)
FN:20,(anonymous_1)
FN:39,(anonymous_2)
FN:64,(anonymous_3)
FN:70,(anonymous_4)
FN:96,(anonymous_5)
FN:108,(anonymous_6)
FN:119,(anonymous_7)
FN:124,(anonymous_8)
FN:129,(anonymous_9)
FNF:10
FNH:10
FNDA:4,(anonymous_0)
FNDA:2,(anonymous_1)
FNDA:3,(anonymous_2)
FNDA:3,(anonymous_3)
FNDA:3,(anonymous_4)
FNDA:2,(anonymous_5)
FNDA:2,(anonymous_6)
FNDA:4,(anonymous_7)
FNDA:11,(anonymous_8)
FNDA:11,(anonymous_9)
DA:13,4
DA:14,4
DA:21,2
DA:22,2
DA:24,2
DA:25,1
DA:26,1
DA:28,1
DA:31,2
DA:33,2
DA:40,3
DA:43,3
DA:44,3
DA:45,2
DA:46,2
DA:47,1
DA:51,3
DA:58,3
DA:65,3
DA:66,3
DA:67,3
DA:68,3
DA:70,3
DA:71,3
DA:72,2
DA:73,2
DA:77,3
DA:78,1
DA:81,2
DA:82,2
DA:90,2
DA:97,2
DA:102,2
DA:109,2
DA:113,2
DA:120,4
DA:121,4
DA:124,4
DA:125,11
DA:129,4
DA:130,11
DA:131,7
DA:132,7
DA:133,6
DA:136,4
DA:140,4
LF:46
LH:46
BRDA:14,0,0,4
BRDA:14,0,1,2
BRDA:20,1,0,1
BRDA:24,2,0,1
BRDA:24,2,1,1
BRDA:40,3,0,1
BRDA:44,4,0,2
BRDA:44,4,1,1
BRDA:46,5,0,1
BRDA:46,5,1,1
BRDA:71,6,0,2
BRDA:71,6,1,1
BRDA:77,7,0,1
BRDA:77,7,1,2
BRDA:90,8,0,2
BRDA:90,8,1,1
BRDA:102,9,0,2
BRDA:102,9,1,1
BRDA:130,10,0,7
BRDA:130,10,1,4
BRDA:132,11,0,6
BRDA:132,11,1,1
BRF:22
BRH:22
end_of_record
TN:
SF:modules/backend/database/repositories/UserRepository.mjs
FN:13,(anonymous_0)
FN:21,(anonymous_1)
FN:31,(anonymous_2)
FN:41,(anonymous_3)
FN:60,(anonymous_4)
FN:66,(anonymous_5)
FN:67,(anonymous_6)
FN:90,(anonymous_7)
FN:102,(anonymous_8)
FN:109,(anonymous_9)
FN:119,(anonymous_10)
FN:153,(anonymous_11)
FN:177,(anonymous_12)
FNF:13
FNH:13
FNDA:2,(anonymous_0)
FNDA:2,(anonymous_1)
FNDA:1,(anonymous_2)
FNDA:2,(anonymous_3)
FNDA:3,(anonymous_4)
FNDA:4,(anonymous_5)
FNDA:1,(anonymous_6)
FNDA:1,(anonymous_7)
FNDA:1,(anonymous_8)
FNDA:1,(anonymous_9)
FNDA:4,(anonymous_10)
FNDA:2,(anonymous_11)
FNDA:2,(anonymous_12)
DA:14,2
DA:15,2
DA:22,2
DA:25,2
DA:32,1
DA:35,1
DA:42,2
DA:45,2
DA:47,2
DA:54,2
DA:61,3
DA:62,3
DA:63,3
DA:64,3
DA:66,3
DA:67,4
DA:68,4
DA:69,3
DA:70,3
DA:74,3
DA:75,1
DA:78,2
DA:79,2
DA:84,2
DA:91,1
DA:92,1
DA:96,1
DA:103,1
DA:110,1
DA:113,1
DA:120,4
DA:122,4
DA:123,4
DA:124,4
DA:126,4
DA:127,2
DA:128,2
DA:131,4
DA:132,2
DA:133,2
DA:136,4
DA:138,4
DA:147,4
DA:154,2
DA:156,2
DA:157,2
DA:158,2
DA:160,2
DA:161,1
DA:162,1
DA:165,2
DA:166,0
DA:167,0
DA:170,2
DA:171,2
DA:178,2
DA:188,2
LF:57
LH:55
BRDA:15,0,0,2
BRDA:15,0,1,1
BRDA:25,1,0,2
BRDA:25,1,1,1
BRDA:35,2,0,1
BRDA:35,2,1,0
BRDA:42,3,0,1
BRDA:68,4,0,3
BRDA:68,4,1,1
BRDA:74,5,0,1
BRDA:74,5,1,2
BRDA:84,6,0,2
BRDA:84,6,1,1
BRDA:96,7,0,1
BRDA:96,7,1,0
BRDA:113,8,0,1
BRDA:113,8,1,0
BRDA:119,9,0,1
BRDA:120,10,0,2
BRDA:120,11,0,2
BRDA:126,12,0,2
BRDA:126,12,1,2
BRDA:131,13,0,2
BRDA:131,13,1,2
BRDA:153,14,0,1
BRDA:160,15,0,1
BRDA:160,15,1,1
BRDA:165,16,0,0
BRDA:165,16,1,2
BRDA:177,17,0,1
BRF:30
BRH:26
end_of_record
TN:
SF:modules/backend/firmware/mock-grbl.js
FN:5,(anonymous_0)
FN:16,(anonymous_1)
FN:22,(anonymous_2)
FN:24,(anonymous_3)
FN:29,(anonymous_4)
FN:60,(anonymous_5)
FN:63,(anonymous_6)
FN:92,(anonymous_7)
FN:98,(anonymous_8)
FN:108,(anonymous_9)
FN:112,(anonymous_10)
FN:119,(anonymous_11)
FN:135,(anonymous_12)
FN:139,(anonymous_13)
FN:142,(anonymous_14)
FN:150,(anonymous_15)
FN:156,(anonymous_16)
FN:165,(anonymous_17)
FN:170,(anonymous_18)
FN:181,(anonymous_19)
FN:192,createMockGRBL
FNF:21
FNH:21
FNDA:21,(anonymous_0)
FNDA:13,(anonymous_1)
FNDA:61,(anonymous_2)
FNDA:31,(anonymous_3)
FNDA:23,(anonymous_4)
FNDA:15,(anonymous_5)
FNDA:15,(anonymous_6)
FNDA:14,(anonymous_7)
FNDA:15,(anonymous_8)
FNDA:18,(anonymous_9)
FNDA:1,(anonymous_10)
FNDA:1,(anonymous_11)
FNDA:13,(anonymous_12)
FNDA:1,(anonymous_13)
FNDA:1,(anonymous_14)
FNDA:2,(anonymous_15)
FNDA:2,(anonymous_16)
FNDA:3,(anonymous_17)
FNDA:11,(anonymous_18)
FNDA:1,(anonymous_19)
FNDA:21,createMockGRBL
DA:6,21
DA:7,21
DA:8,21
DA:9,21
DA:10,21
DA:11,21
DA:12,21
DA:13,21
DA:17,13
DA:18,13
DA:23,61
DA:24,61
DA:30,23
DA:33,23
DA:34,1
DA:35,1
DA:37,22
DA:38,1
DA:39,1
DA:41,21
DA:42,1
DA:43,1
DA:45,20
DA:46,2
DA:47,2
DA:49,18
DA:50,2
DA:51,2
DA:53,16
DA:54,1
DA:55,1
DA:59,15
DA:60,15
DA:64,15
DA:67,15
DA:68,4
DA:69,4
DA:70,4
DA:71,4
DA:72,4
DA:76,15
DA:77,15
DA:78,15
DA:79,15
DA:82,15
DA:83,3
DA:85,15
DA:86,1
DA:89,15
DA:92,15
DA:93,14
DA:94,14
DA:99,15
DA:100,15
DA:102,15
DA:103,26
DA:105,15
DA:109,18
DA:113,1
DA:116,1
DA:120,1
DA:135,13
DA:136,1
DA:140,1
DA:141,1
DA:142,1
DA:143,1
DA:144,1
DA:145,1
DA:146,1
DA:151,2
DA:152,2
DA:153,2
DA:157,2
DA:158,2
DA:159,2
DA:161,2
DA:166,3
DA:171,11
DA:182,1
DA:183,1
DA:184,1
DA:185,1
DA:186,1
DA:187,1
DA:188,1
DA:193,21
DA:196,1
LF:88
LH:88
BRDA:5,0,0,0
BRDA:12,1,0,21
BRDA:12,1,1,0
BRDA:17,2,0,13
BRDA:17,2,1,0
BRDA:23,3,0,61
BRDA:23,3,1,0
BRDA:33,4,0,1
BRDA:33,4,1,22
BRDA:37,5,0,1
BRDA:37,5,1,21
BRDA:41,6,0,1
BRDA:41,6,1,20
BRDA:45,7,0,2
BRDA:45,7,1,18
BRDA:49,8,0,2
BRDA:49,8,1,16
BRDA:53,9,0,1
BRDA:53,9,1,15
BRDA:67,10,0,4
BRDA:67,10,1,11
BRDA:67,11,0,15
BRDA:67,11,1,13
BRDA:68,12,0,2
BRDA:68,12,1,2
BRDA:69,13,0,2
BRDA:69,13,1,2
BRDA:70,14,0,3
BRDA:70,14,1,1
BRDA:71,15,0,2
BRDA:71,15,1,2
BRDA:76,16,0,1
BRDA:76,16,1,14
BRDA:77,17,0,2
BRDA:77,17,1,13
BRDA:78,18,0,2
BRDA:78,18,1,13
BRDA:79,19,0,1
BRDA:79,19,1,14
BRDA:82,20,0,3
BRDA:82,20,1,12
BRDA:82,21,0,15
BRDA:82,21,1,13
BRDA:85,22,0,1
BRDA:85,22,1,14
BRDA:157,23,0,2
BRDA:157,23,1,0
BRF:47
BRH:42
end_of_record
TN:
SF:modules/backend/firmware-gateway/index.js
FN:8,(anonymous_0)
FN:15,(anonymous_1)
FN:18,(anonymous_2)
FN:27,(anonymous_3)
FN:30,(anonymous_4)
FN:39,(anonymous_5)
FN:45,(anonymous_6)
FN:52,(anonymous_7)
FN:55,createGateway
FNF:9
FNH:9
FNDA:8,(anonymous_0)
FNDA:4,(anonymous_1)
FNDA:3,(anonymous_2)
FNDA:5,(anonymous_3)
FNDA:3,(anonymous_4)
FNDA:3,(anonymous_5)
FNDA:1,(anonymous_6)
FNDA:2,(anonymous_7)
FNDA:8,createGateway
DA:1,1
DA:9,8
DA:10,8
DA:11,8
DA:12,8
DA:16,4
DA:18,3
DA:19,3
DA:20,3
DA:21,3
DA:24,1
DA:28,5
DA:29,4
DA:30,3
DA:31,3
DA:32,3
DA:33,3
DA:35,1
DA:36,1
DA:40,3
DA:41,2
DA:42,2
DA:43,2
DA:45,1
DA:46,1
DA:47,1
DA:49,1
DA:52,2
DA:56,8
DA:59,1
LF:30
LH:30
BRDA:8,0,0,0
BRDA:8,1,0,0
BRDA:16,2,0,3
BRDA:16,2,1,1
BRDA:28,3,0,1
BRDA:28,3,1,4
BRDA:29,4,0,3
BRDA:29,4,1,1
BRDA:40,5,0,1
BRDA:40,5,1,2
BRDA:43,6,0,1
BRDA:43,6,1,1
BRDA:55,7,0,0
BRF:13
BRH:10
end_of_record
TN:
SF:modules/backend/firmware-queue/index.js
FN:4,(anonymous_0)
FN:10,(anonymous_1)
FN:16,(anonymous_2)
FN:22,(anonymous_3)
FN:24,(anonymous_4)
FN:26,(anonymous_5)
FN:31,(anonymous_6)
FN:47,createQueue
FNF:8
FNH:8
FNDA:15,(anonymous_0)
FNDA:18,(anonymous_1)
FNDA:10,(anonymous_2)
FNDA:1,(anonymous_3)
FNDA:7,(anonymous_4)
FNDA:2,(anonymous_5)
FNDA:8,(anonymous_6)
FNDA:15,createQueue
DA:1,1
DA:5,15
DA:6,15
DA:7,15
DA:11,18
DA:12,18
DA:13,18
DA:17,10
DA:18,10
DA:19,10
DA:22,1
DA:24,7
DA:27,2
DA:28,2
DA:32,8
DA:33,7
DA:34,7
DA:35,6
DA:36,6
DA:37,6
DA:38,6
DA:39,6
DA:40,6
DA:42,6
DA:47,15
DA:49,1
LF:26
LH:26
BRDA:18,0,0,8
BRDA:18,0,1,2
BRDA:32,1,0,1
BRDA:32,1,1,7
BRDA:34,2,0,1
BRDA:34,2,1,6
BRF:6
BRH:6
end_of_record
TN:
SF:modules/backend/gateway/ws-bridge.js
FN:5,createWsBridge
FN:22,(anonymous_1)
FN:24,(anonymous_2)
FN:35,(anonymous_3)
FN:42,(anonymous_4)
FNF:5
FNH:0
FNDA:0,createWsBridge
FNDA:0,(anonymous_1)
FNDA:0,(anonymous_2)
FNDA:0,(anonymous_3)
FNDA:0,(anonymous_4)
DA:8,0
DA:11,0
DA:13,0
DA:16,0
DA:17,0
DA:19,0
DA:22,0
DA:24,0
DA:25,0
DA:27,0
DA:30,0
DA:35,0
DA:36,0
DA:39,0
DA:42,0
DA:45,0
DA:48,0
LF:17
LH:0
BRDA:5,0,0,0
BRDA:16,1,0,0
BRDA:17,2,0,0
BRDA:17,2,1,0
BRDA:30,3,0,0
BRDA:30,3,1,0
BRDA:30,4,0,0
BRDA:30,4,1,0
BRDA:36,5,0,0
BRDA:36,5,1,0
BRDA:36,6,0,0
BRDA:36,6,1,0
BRF:12
BRH:0
end_of_record
TN:
SF:modules/backend/logging/logger.mjs
FN:42,(anonymous_0)
FN:88,httpLogger
FN:91,(anonymous_2)
FNF:3
FNH:0
FNDA:0,(anonymous_0)
FNDA:0,httpLogger
FNDA:0,(anonymous_2)
DA:8,1
DA:11,1
DA:20,1
DA:28,1
DA:31,1
DA:39,1
DA:43,0
DA:44,0
DA:45,0
DA:50,1
DA:89,0
DA:91,0
DA:92,0
DA:93,0
DA:101,0
LF:15
LH:7
BRDA:8,0,0,1
BRDA:8,0,1,1
BRDA:44,1,0,0
BRDA:44,1,1,0
BRDA:51,2,0,1
BRDA:51,2,1,1
BRF:6
BRH:4
end_of_record
TN:
SF:modules/backend/monitoring/health.mjs
FN:14,registerHealthCheck
FN:29,(anonymous_1)
FN:31,(anonymous_2)
FN:40,runHealthCheck
FN:66,getHealthStatus
FN:67,(anonymous_5)
FN:74,(anonymous_6)
FN:86,healthCheckHandler
FN:95,livenessHandler
FN:102,readinessHandler
FNF:10
FNH:10
FNDA:13,registerHealthCheck
FNDA:12,(anonymous_1)
FNDA:13,(anonymous_2)
FNDA:25,runHealthCheck
FNDA:5,getHealthStatus
FNDA:5,(anonymous_5)
FNDA:5,(anonymous_6)
FNDA:2,healthCheckHandler
FNDA:1,livenessHandler
FNDA:2,readinessHandler
DA:8,1
DA:9,1
DA:15,13
DA:23,13
DA:26,13
DA:29,13
DA:31,13
DA:32,13
DA:33,13
DA:41,25
DA:42,25
DA:44,25
DA:45,25
DA:46,21
DA:47,21
DA:48,21
DA:50,21
DA:51,8
DA:52,8
DA:55,4
DA:56,4
DA:57,4
DA:58,4
DA:59,4
DA:67,5
DA:74,5
DA:76,5
DA:87,2
DA:88,2
DA:89,2
DA:96,1
DA:103,2
DA:104,2
DA:105,2
LF:34
LH:34
BRDA:14,0,0,11
BRDA:42,1,0,0
BRDA:42,1,1,25
BRDA:46,2,0,13
BRDA:46,2,1,8
BRDA:50,3,0,8
BRDA:50,3,1,13
BRDA:77,4,0,2
BRDA:77,4,1,3
BRDA:88,5,0,1
BRDA:88,5,1,1
BRDA:104,6,0,0
BRDA:104,6,1,2
BRDA:106,7,0,0
BRDA:106,7,1,2
BRF:15
BRH:12
end_of_record
TN:
SF:modules/backend/monitoring/metrics.mjs
FN:48,metricsMiddleware
FN:51,(anonymous_1)
FN:66,metricsHandler
FNF:3
FNH:3
FNDA:5,metricsMiddleware
FNDA:3,(anonymous_1)
FNDA:3,metricsHandler
DA:8,1
DA:15,1
DA:22,1
DA:27,1
DA:34,1
DA:39,1
DA:49,5
DA:51,5
DA:52,3
DA:53,3
DA:55,3
DA:57,3
DA:60,5
DA:67,3
DA:68,3
LF:15
LH:15
BRDA:53,0,0,3
BRDA:53,0,1,2
BRF:2
BRH:2
end_of_record
TN:
SF:modules/backend/routes/auth.mjs
FN:18,(anonymous_0)
FN:86,(anonymous_1)
FN:143,(anonymous_2)
FN:171,(anonymous_3)
FN:205,(anonymous_4)
FN:242,(anonymous_5)
FNF:6
FNH:0
FNDA:0,(anonymous_0)
FNDA:0,(anonymous_1)
FNDA:0,(anonymous_2)
FNDA:0,(anonymous_3)
FNDA:0,(anonymous_4)
FNDA:0,(anonymous_5)
DA:12,0
DA:18,0
DA:19,0
DA:20,0
DA:23,0
DA:24,0
DA:28,0
DA:29,0
DA:33,0
DA:34,0
DA:38,0
DA:39,0
DA:40,0
DA:43,0
DA:44,0
DA:45,0
DA:49,0
DA:57,0
DA:63,0
DA:64,0
DA:66,0
DA:77,0
DA:78,0
DA:86,0
DA:87,0
DA:88,0
DA:90,0
DA:91,0
DA:95,0
DA:96,0
DA:97,0
DA:100,0
DA:101,0
DA:105,0
DA:106,0
DA:107,0
DA:111,0
DA:114,0
DA:120,0
DA:121,0
DA:123,0
DA:134,0
DA:135,0
DA:143,0
DA:144,0
DA:145,0
DA:147,0
DA:148,0
DA:151,0
DA:162,0
DA:163,0
DA:171,0
DA:172,0
DA:173,0
DA:174,0
DA:176,0
DA:177,0
DA:179,0
DA:181,0
DA:182,0
DA:185,0
DA:186,0
DA:188,0
DA:196,0
DA:197,0
DA:205,0
DA:206,0
DA:207,0
DA:209,0
DA:210,0
DA:213,0
DA:214,0
DA:218,0
DA:219,0
DA:221,0
DA:222,0
DA:226,0
DA:228,0
DA:229,0
DA:231,0
DA:233,0
DA:234,0
DA:242,0
DA:243,0
DA:244,0
DA:245,0
LF:86
LH:0
BRDA:23,0,0,0
BRDA:23,0,1,0
BRDA:23,1,0,0
BRDA:23,1,1,0
BRDA:23,1,2,0
BRDA:28,2,0,0
BRDA:28,2,1,0
BRDA:28,3,0,0
BRDA:28,3,1,0
BRDA:33,4,0,0
BRDA:33,4,1,0
BRDA:39,5,0,0
BRDA:39,5,1,0
BRDA:44,6,0,0
BRDA:44,6,1,0
BRDA:53,7,0,0
BRDA:53,7,1,0
BRDA:90,8,0,0
BRDA:90,8,1,0
BRDA:90,9,0,0
BRDA:90,9,1,0
BRDA:96,10,0,0
BRDA:96,10,1,0
BRDA:100,11,0,0
BRDA:100,11,1,0
BRDA:106,12,0,0
BRDA:106,12,1,0
BRDA:147,13,0,0
BRDA:147,13,1,0
BRDA:176,14,0,0
BRDA:176,14,1,0
BRDA:177,15,0,0
BRDA:177,15,1,0
BRDA:181,16,0,0
BRDA:181,16,1,0
BRDA:209,17,0,0
BRDA:209,17,1,0
BRDA:209,18,0,0
BRDA:209,18,1,0
BRDA:213,19,0,0
BRDA:213,19,1,0
BRDA:221,20,0,0
BRDA:221,20,1,0
BRF:43
BRH:0
end_of_record
TN:
SF:modules/backend/routes/files.mjs
FN:17,(anonymous_0)
FN:50,(anonymous_1)
FN:73,(anonymous_2)
FN:87,(anonymous_3)
FN:111,(anonymous_4)
FN:143,(anonymous_5)
FN:175,(anonymous_6)
FN:203,(anonymous_7)
FN:222,(anonymous_8)
FN:244,(anonymous_9)
FNF:10
FNH:0
FNDA:0,(anonymous_0)
FNDA:0,(anonymous_1)
FNDA:0,(anonymous_2)
FNDA:0,(anonymous_3)
FNDA:0,(anonymous_4)
FNDA:0,(anonymous_5)
FNDA:0,(anonymous_6)
FNDA:0,(anonymous_7)
FNDA:0,(anonymous_8)
FNDA:0,(anonymous_9)
DA:11,0
DA:17,0
DA:18,0
DA:19,0
DA:21,0
DA:29,0
DA:30,0
DA:32,0
DA:41,0
DA:42,0
DA:50,0
DA:51,0
DA:52,0
DA:54,0
DA:55,0
DA:58,0
DA:62,0
DA:64,0
DA:65,0
DA:73,0
DA:74,0
DA:75,0
DA:76,0
DA:78,0
DA:79,0
DA:87,0
DA:88,0
DA:89,0
DA:91,0
DA:92,0
DA:96,0
DA:97,0
DA:100,0
DA:102,0
DA:103,0
DA:111,0
DA:112,0
DA:113,0
DA:115,0
DA:116,0
DA:119,0
DA:129,0
DA:130,0
DA:132,0
DA:134,0
DA:135,0
DA:143,0
DA:144,0
DA:145,0
DA:147,0
DA:148,0
DA:149,0
DA:150,0
DA:151,0
DA:152,0
DA:153,0
DA:155,0
DA:157,0
DA:158,0
DA:161,0
DA:162,0
DA:164,0
DA:166,0
DA:167,0
DA:175,0
DA:176,0
DA:177,0
DA:179,0
DA:180,0
DA:183,0
DA:185,0
DA:186,0
DA:192,0
DA:194,0
DA:195,0
DA:203,0
DA:204,0
DA:205,0
DA:207,0
DA:208,0
DA:211,0
DA:213,0
DA:214,0
DA:222,0
DA:223,0
DA:224,0
DA:226,0
DA:227,0
DA:230,0
DA:231,0
DA:233,0
DA:235,0
DA:236,0
DA:244,0
DA:245,0
DA:246,0
DA:248,0
DA:249,0
DA:253,0
DA:254,0
DA:257,0
DA:267,0
DA:268,0
DA:270,0
DA:272,0
DA:273,0
LF:106
LH:0
BRDA:19,0,0,0
BRDA:19,1,0,0
BRDA:24,2,0,0
BRDA:24,2,1,0
BRDA:25,3,0,0
BRDA:25,3,1,0
BRDA:26,4,0,0
BRDA:26,4,1,0
BRDA:26,5,0,0
BRDA:26,5,1,0
BRDA:52,6,0,0
BRDA:54,7,0,0
BRDA:54,7,1,0
BRDA:91,8,0,0
BRDA:91,8,1,0
BRDA:96,9,0,0
BRDA:96,9,1,0
BRDA:96,10,0,0
BRDA:96,10,1,0
BRDA:115,11,0,0
BRDA:115,11,1,0
BRDA:115,12,0,0
BRDA:115,12,1,0
BRDA:124,13,0,0
BRDA:124,13,1,0
BRDA:125,14,0,0
BRDA:125,14,1,0
BRDA:126,15,0,0
BRDA:126,15,1,0
BRDA:148,16,0,0
BRDA:148,16,1,0
BRDA:149,17,0,0
BRDA:149,17,1,0
BRDA:150,18,0,0
BRDA:150,18,1,0
BRDA:151,19,0,0
BRDA:151,19,1,0
BRDA:152,20,0,0
BRDA:152,20,1,0
BRDA:153,21,0,0
BRDA:153,21,1,0
BRDA:157,22,0,0
BRDA:157,22,1,0
BRDA:179,23,0,0
BRDA:179,23,1,0
BRDA:207,24,0,0
BRDA:207,24,1,0
BRDA:226,25,0,0
BRDA:226,25,1,0
BRDA:248,26,0,0
BRDA:248,26,1,0
BRDA:253,27,0,0
BRDA:253,27,1,0
BRDA:253,28,0,0
BRDA:253,28,1,0
BRF:55
BRH:0
end_of_record
TN:
SF:modules/backend/routes/folders.mjs
FN:17,(anonymous_0)
FN:33,(anonymous_1)
FN:47,(anonymous_2)
FN:70,(anonymous_3)
FN:98,(anonymous_4)
FN:128,(anonymous_5)
FNF:6
FNH:0
FNDA:0,(anonymous_0)
FNDA:0,(anonymous_1)
FNDA:0,(anonymous_2)
FNDA:0,(anonymous_3)
FNDA:0,(anonymous_4)
FNDA:0,(anonymous_5)
DA:11,0
DA:17,0
DA:18,0
DA:19,0
DA:20,0
DA:22,0
DA:24,0
DA:25,0
DA:33,0
DA:34,0
DA:35,0
DA:36,0
DA:38,0
DA:39,0
DA:47,0
DA:48,0
DA:49,0
DA:51,0
DA:52,0
DA:55,0
DA:56,0
DA:59,0
DA:61,0
DA:62,0
DA:70,0
DA:71,0
DA:72,0
DA:74,0
DA:75,0
DA:78,0
DA:84,0
DA:85,0
DA:87,0
DA:89,0
DA:90,0
DA:98,0
DA:99,0
DA:100,0
DA:102,0
DA:103,0
DA:106,0
DA:110,0
DA:111,0
DA:114,0
DA:115,0
DA:117,0
DA:119,0
DA:120,0
DA:128,0
DA:129,0
DA:130,0
DA:132,0
DA:133,0
DA:136,0
DA:137,0
DA:139,0
DA:141,0
DA:142,0
LF:58
LH:0
BRDA:20,0,0,0
BRDA:20,0,1,0
BRDA:51,1,0,0
BRDA:51,1,1,0
BRDA:55,2,0,0
BRDA:55,2,1,0
BRDA:74,3,0,0
BRDA:74,3,1,0
BRDA:81,4,0,0
BRDA:81,4,1,0
BRDA:102,5,0,0
BRDA:102,5,1,0
BRDA:110,6,0,0
BRDA:110,6,1,0
BRDA:132,7,0,0
BRDA:132,7,1,0
BRF:16
BRH:0
end_of_record
TN:
SF:modules/backend/security/auth.mjs
FN:15,hashPassword
FN:22,verifyPassword
FN:29,generateToken
FN:38,verifyToken
FN:49,authenticate
FN:70,authorize
FN:71,(anonymous_6)
FNF:7
FNH:7
FNDA:3,hashPassword
FNDA:2,verifyPassword
FNDA:4,generateToken
FNDA:6,verifyToken
FNDA:4,authenticate
FNDA:4,authorize
FNDA:4,(anonymous_6)
DA:8,1
DA:9,1
DA:10,1
DA:16,3
DA:23,2
DA:30,4
DA:39,6
DA:40,6
DA:42,4
DA:50,4
DA:52,4
DA:53,2
DA:56,2
DA:57,2
DA:59,2
DA:60,1
DA:63,1
DA:64,1
DA:71,4
DA:72,4
DA:73,1
DA:76,3
DA:77,1
DA:80,2
LF:24
LH:24
BRDA:8,0,0,1
BRDA:8,0,1,1
BRDA:9,1,0,1
BRDA:9,1,1,1
BRDA:52,2,0,2
BRDA:52,2,1,2
BRDA:52,3,0,4
BRDA:52,3,1,3
BRDA:59,4,0,1
BRDA:59,4,1,1
BRDA:72,5,0,1
BRDA:72,5,1,3
BRDA:76,6,0,1
BRDA:76,6,1,2
BRF:14
BRH:14
end_of_record
TN:
SF:modules/backend/security/middleware.mjs
FN:12,configureSecurityHeaders
FN:37,configureCORS
FN:39,(anonymous_2)
FN:60,configureRateLimiting
FN:86,sanitizeInput
FN:89,(anonymous_5)
FN:98,(anonymous_6)
FN:111,validateEnvironment
FN:113,(anonymous_8)
FNF:9
FNH:5
FNDA:0,configureSecurityHeaders
FNDA:0,configureCORS
FNDA:0,(anonymous_2)
FNDA:0,configureRateLimiting
FNDA:6,sanitizeInput
FNDA:2,(anonymous_5)
FNDA:8,(anonymous_6)
FNDA:9,validateEnvironment
FNDA:18,(anonymous_8)
DA:13,0
DA:38,0
DA:41,0
DA:43,0
DA:44,0
DA:46,0
DA:54,0
DA:62,0
DA:71,0
DA:77,0
DA:78,0
DA:80,0
DA:88,6
DA:89,5
DA:90,2
DA:91,2
DA:97,6
DA:98,5
DA:99,8
DA:100,2
DA:105,6
DA:112,9
DA:113,18
DA:115,9
DA:116,3
DA:120,6
DA:121,6
DA:122,3
LF:28
LH:16
BRDA:37,0,0,0
BRDA:41,1,0,0
BRDA:41,1,1,0
BRDA:43,2,0,0
BRDA:43,2,1,0
BRDA:43,3,0,0
BRDA:43,3,1,0
BRDA:88,4,0,5
BRDA:88,4,1,1
BRDA:90,5,0,2
BRDA:90,5,1,0
BRDA:97,6,0,5
BRDA:97,6,1,1
BRDA:99,7,0,2
BRDA:99,7,1,6
BRDA:115,8,0,3
BRDA:115,8,1,6
BRDA:121,9,0,3
BRDA:121,9,1,3
BRDA:121,10,0,6
BRDA:121,10,1,5
BRDA:121,10,2,4
BRF:22
BRH:14
end_of_record
TN:
SF:modules/backend/server/http-server.js
FN:8,parseJSONBody
FN:9,(anonymous_1)
FN:11,(anonymous_2)
FN:12,(anonymous_3)
FN:23,createSimpleHttpServer
FN:24,(anonymous_5)
FNF:6
FNH:6
FNDA:12,parseJSONBody
FNDA:12,(anonymous_1)
FNDA:12,(anonymous_2)
FNDA:12,(anonymous_3)
FNDA:4,createSimpleHttpServer
FNDA:27,(anonymous_5)
DA:1,4
DA:2,4
DA:3,4
DA:4,4
DA:5,4
DA:6,4
DA:9,12
DA:10,12
DA:11,12
DA:12,12
DA:13,12
DA:14,12
DA:16,2
DA:19,12
DA:24,4
DA:25,27
DA:26,27
DA:27,27
DA:28,1
DA:29,1
DA:33,26
DA:34,3
DA:35,3
DA:36,3
DA:39,23
DA:40,7
DA:41,7
DA:42,6
DA:43,6
DA:44,4
DA:45,4
DA:46,4
DA:48,3
DA:49,3
DA:53,16
DA:54,5
DA:55,5
DA:56,4
DA:57,4
DA:58,3
DA:59,3
DA:60,3
DA:62,2
DA:63,2
DA:67,11
DA:68,4
DA:69,4
DA:70,4
DA:71,2
DA:72,2
DA:73,2
DA:75,2
DA:76,2
DA:81,7
DA:82,4
DA:83,4
DA:84,4
DA:85,2
DA:86,2
DA:88,2
DA:89,2
DA:90,2
DA:94,3
DA:95,3
DA:96,3
DA:100,3
DA:101,2
DA:102,2
DA:103,2
DA:104,2
DA:105,2
DA:106,2
DA:110,1
DA:111,1
DA:114,4
DA:117,4
LF:76
LH:76
BRDA:14,0,0,12
BRDA:14,0,1,0
BRDA:27,1,0,1
BRDA:27,1,1,26
BRDA:33,2,0,3
BRDA:33,2,1,23
BRDA:33,3,0,26
BRDA:33,3,1,14
BRDA:39,4,0,7
BRDA:39,4,1,16
BRDA:39,5,0,23
BRDA:39,5,1,12
BRDA:53,6,0,5
BRDA:53,6,1,11
BRDA:53,7,0,16
BRDA:53,7,1,5
BRDA:56,8,0,4
BRDA:56,8,1,0
BRDA:67,9,0,4
BRDA:67,9,1,7
BRDA:67,10,0,11
BRDA:67,10,1,11
BRDA:81,11,0,4
BRDA:81,11,1,3
BRDA:81,12,0,7
BRDA:81,12,1,7
BRDA:84,13,0,2
BRDA:84,13,1,2
BRDA:95,14,0,3
BRDA:95,14,1,0
BRDA:98,15,0,1
BRDA:98,15,1,2
BRDA:100,16,0,2
BRDA:100,16,1,1
BRDA:100,17,0,3
BRDA:100,17,1,2
BRDA:102,18,0,2
BRDA:102,18,1,0
BRDA:103,19,0,0
BRDA:103,19,1,2
BRDA:104,20,0,0
BRDA:104,20,1,2
BRF:42
BRH:36
end_of_record
TN:
SF:modules/backend/server/index.js
FN:8,writeGCodeFile
FN:16,readGCodeFile
FN:26,createAppIfAvailable
FN:33,(anonymous_3)
FN:34,(anonymous_4)
FN:41,(anonymous_5)
FN:62,start
FN:65,(anonymous_7)
FNF:8
FNH:7
FNDA:33,writeGCodeFile
FNDA:20,readGCodeFile
FNDA:10,createAppIfAvailable
FNDA:1,(anonymous_3)
FNDA:3,(anonymous_4)
FNDA:2,(anonymous_5)
FNDA:2,start
FNDA:0,(anonymous_7)
DA:1,8
DA:2,8
DA:4,8
DA:5,8
DA:9,33
DA:10,19
DA:11,19
DA:12,19
DA:13,19
DA:17,20
DA:18,20
DA:19,20
DA:20,14
DA:27,10
DA:30,10
DA:31,10
DA:32,10
DA:33,10
DA:34,10
DA:35,3
DA:36,3
DA:37,3
DA:38,1
DA:39,2
DA:41,10
DA:42,2
DA:43,2
DA:44,1
DA:45,1
DA:47,1
DA:52,10
DA:53,10
DA:55,10
DA:57,0
DA:63,2
DA:64,2
DA:65,2
DA:66,2
DA:69,8
LF:39
LH:38
BRDA:5,0,0,0
BRDA:5,0,1,8
BRDA:9,1,0,14
BRDA:9,1,1,19
BRDA:9,2,0,33
BRDA:9,2,1,27
BRDA:17,3,0,20
BRDA:17,3,1,6
BRDA:19,4,0,6
BRDA:19,4,1,14
BRDA:36,5,0,3
BRDA:36,5,1,0
BRDA:53,6,0,10
BRDA:53,6,1,0
BRDA:62,7,0,0
BRDA:64,8,0,0
BRDA:64,8,1,2
BRF:17
BRH:12
end_of_record
TN:
SF:modules/backend/session/index.js
FN:7,saveSession
FN:15,loadSession
FN:23,listSessions
FN:24,(anonymous_3)
FNF:4
FNH:4
FNDA:8,saveSession
FNDA:7,loadSession
FNDA:1,listSessions
FNDA:3,(anonymous_3)
DA:1,6
DA:2,6
DA:4,6
DA:5,6
DA:8,8
DA:9,7
DA:10,7
DA:11,7
DA:12,7
DA:16,7
DA:17,7
DA:18,7
DA:19,4
DA:20,4
DA:24,3
DA:27,6
LF:16
LH:16
BRDA:5,0,0,0
BRDA:5,0,1,6
BRDA:8,1,0,1
BRDA:8,1,1,7
BRDA:8,2,0,8
BRDA:8,2,1,7
BRDA:16,3,0,7
BRDA:16,3,1,0
BRDA:18,4,0,3
BRDA:18,4,1,4
BRF:10
BRH:8
end_of_record
TN:
SF:modules/backend/streaming/position-streamer.js
FN:4,(anonymous_0)
FN:12,(anonymous_1)
FN:15,(anonymous_2)
FN:25,(anonymous_3)
FN:32,(anonymous_4)
FN:35,createStreamer
FNF:6
FNH:6
FNDA:1,(anonymous_0)
FNDA:1,(anonymous_1)
FNDA:5,(anonymous_2)
FNDA:1,(anonymous_3)
FNDA:2,(anonymous_4)
FNDA:1,createStreamer
DA:1,1
DA:5,1
DA:6,1
DA:7,1
DA:8,1
DA:9,1
DA:13,1
DA:14,1
DA:15,1
DA:17,5
DA:18,5
DA:19,5
DA:20,5
DA:21,5
DA:26,1
DA:27,1
DA:28,1
DA:29,1
DA:32,2
DA:35,1
DA:37,1
LF:21
LH:21
BRDA:4,0,0,0
BRDA:4,1,0,0
BRDA:13,2,0,0
BRDA:13,2,1,1
BRDA:26,3,0,0
BRDA:26,3,1,1
BRF:6
BRH:2
end_of_record
TN:
SF:modules/cli/gcode-convert.mjs
FN:3,convertToTwoDigitGCodes
FN:4,(anonymous_1)
FN:5,(anonymous_2)
FN:9,convert
FNF:4
FNH:4
FNDA:7,convertToTwoDigitGCodes
FNDA:13,(anonymous_1)
FNDA:7,(anonymous_2)
FNDA:3,convert
DA:4,7
DA:5,13
DA:10,3
DA:11,2
DA:13,1
LF:5
LH:5
BRDA:4,0,0,7
BRDA:4,0,1,2
BRDA:9,1,0,1
BRDA:10,2,0,1
BRDA:10,2,1,2
BRDA:11,3,0,1
BRDA:11,3,1,1
BRF:7
BRH:7
end_of_record
TN:
SF:modules/cli/gcode-validate.mjs
FN:4,validateGCode
FN:7,(anonymous_1)
FN:8,(anonymous_2)
FN:11,(anonymous_3)
FN:16,(anonymous_4)
FNF:5
FNH:5
FNDA:18,validateGCode
FNDA:31,(anonymous_1)
FNDA:31,(anonymous_2)
FNDA:26,(anonymous_3)
FNDA:56,(anonymous_4)
DA:5,18
DA:7,31
DA:8,31
DA:9,18
DA:11,18
DA:13,26
DA:14,24
DA:16,24
DA:18,56
DA:19,56
DA:20,4
DA:22,52
DA:24,52
DA:25,52
DA:26,1
DA:32,18
LF:16
LH:16
BRDA:5,0,0,18
BRDA:5,0,1,3
BRDA:13,1,0,2
BRDA:13,1,1,24
BRDA:13,2,0,26
BRDA:13,2,1,25
BRDA:19,3,0,4
BRDA:19,3,1,52
BRDA:25,4,0,1
BRDA:25,4,1,51
BRF:10
BRH:10
end_of_record
TN:
SF:modules/cli/simulate-batch.mjs
FN:3,simulateBatchFromText
FN:7,(anonymous_1)
FN:19,(anonymous_2)
FN:20,(anonymous_3)
FN:21,(anonymous_4)
FN:22,(anonymous_5)
FNF:6
FNH:6
FNDA:4,simulateBatchFromText
FNDA:10,(anonymous_1)
FNDA:10,(anonymous_2)
FNDA:10,(anonymous_3)
FNDA:10,(anonymous_4)
FNDA:10,(anonymous_5)
DA:4,4
DA:5,4
DA:6,4
DA:7,4
DA:8,10
DA:9,10
DA:10,10
DA:11,10
DA:12,10
DA:15,4
DA:19,10
DA:20,10
DA:21,10
DA:22,10
DA:26,4
LF:15
LH:15
BRDA:8,0,0,10
BRDA:8,0,1,0
BRDA:9,1,0,7
BRDA:9,1,1,3
BRDA:10,2,0,7
BRDA:10,2,1,3
BRDA:11,3,0,1
BRDA:11,3,1,9
BRDA:12,4,0,4
BRDA:12,4,1,6
BRDA:12,5,0,6
BRDA:12,5,1,0
BRF:12
BRH:10
end_of_record
TN:
SF:modules/cli/toolpath-stats.mjs
FN:1,distance
FN:8,computeToolpathStats
FNF:2
FNH:2
FNDA:3,distance
FNDA:2,computeToolpathStats
DA:2,3
DA:3,3
DA:4,3
DA:5,3
DA:10,2
DA:11,2
DA:13,1
DA:14,1
DA:15,1
DA:16,1
DA:17,1
DA:18,1
DA:20,1
DA:21,1
DA:22,1
DA:23,1
LF:16
LH:16
BRDA:2,0,0,3
BRDA:2,0,1,1
BRDA:2,1,0,3
BRDA:2,1,1,2
BRDA:3,2,0,3
BRDA:3,2,1,1
BRDA:3,3,0,3
BRDA:3,3,1,3
BRDA:4,4,0,3
BRDA:4,4,1,3
BRDA:4,5,0,3
BRDA:4,5,1,3
BRDA:8,6,0,0
BRDA:8,7,0,2
BRDA:11,8,0,1
BRDA:11,8,1,1
BRDA:11,9,0,2
BRDA:11,9,1,2
BRDA:13,10,0,1
BRDA:13,10,1,1
BRDA:22,11,0,1
BRDA:22,11,1,0
BRF:22
BRH:20
end_of_record
TN:
SF:modules/cli/bin/apply-leveling.js
FN:4,main
FN:34,(anonymous_1)
FNF:2
FNH:0
FNDA:0,main
FNDA:0,(anonymous_1)
DA:2,0
DA:5,0
DA:6,0
DA:7,0
DA:8,0
DA:10,0
DA:11,0
DA:12,0
DA:13,0
DA:15,0
DA:16,0
DA:17,0
DA:20,0
DA:21,0
DA:23,0
DA:24,0
DA:26,0
DA:27,0
DA:28,0
DA:30,0
DA:34,0
DA:35,0
DA:36,0
LF:23
LH:0
BRDA:6,0,0,0
BRDA:6,0,1,0
BRDA:11,1,0,0
BRDA:11,1,1,0
BRDA:15,2,0,0
BRDA:15,2,1,0
BRDA:26,3,0,0
BRDA:26,3,1,0
BRDA:26,4,0,0
BRDA:26,4,1,0
BRF:10
BRH:0
end_of_record
TN:
SF:modules/cli/bin/gcode-convert.js
FN:5,main
FNF:1
FNH:0
FNDA:0,main
DA:2,0
DA:3,0
DA:5,0
DA:6,0
DA:7,0
DA:8,0
DA:9,0
DA:10,0
DA:11,0
DA:12,0
DA:13,0
DA:14,0
DA:15,0
LF:13
LH:0
BRDA:7,0,0,0
BRDA:7,0,1,0
BRDA:10,1,0,0
BRDA:10,1,1,0
BRDA:11,2,0,0
BRDA:11,2,1,0
BRF:6
BRH:0
end_of_record
TN:
SF:modules/cli/bin/gcode-validate.js
FN:27,(anonymous_0)
FNF:1
FNH:0
FNDA:0,(anonymous_0)
DA:2,0
DA:3,0
DA:4,0
DA:6,0
DA:7,0
DA:8,0
DA:9,0
DA:10,0
DA:13,0
DA:14,0
DA:15,0
DA:16,0
DA:17,0
DA:20,0
DA:21,0
DA:22,0
DA:23,0
DA:24,0
DA:26,0
DA:27,0
DA:28,0
LF:21
LH:0
BRDA:7,0,0,0
BRDA:7,0,1,0
BRDA:14,1,0,0
BRDA:14,1,1,0
BRDA:22,2,0,0
BRDA:22,2,1,0
BRF:6
BRH:0
end_of_record
TN:
SF:modules/cli/bin/simulate-batch.js
FN:5,main
FNF:1
FNH:0
FNDA:0,main
DA:2,0
DA:3,0
DA:5,0
DA:6,0
DA:7,0
DA:8,0
DA:9,0
DA:11,0
DA:12,0
DA:13,0
DA:14,0
DA:15,0
DA:16,0
DA:17,0
DA:18,0
LF:15
LH:0
BRDA:7,0,0,0
BRDA:7,0,1,0
BRDA:12,1,0,0
BRDA:12,1,1,0
BRF:4
BRH:0
end_of_record
TN:
SF:modules/cli/bin/toolpath-stats.js
FN:5,main
FNF:1
FNH:0
FNDA:0,main
DA:2,0
DA:3,0
DA:5,0
DA:6,0
DA:7,0
DA:8,0
DA:9,0
DA:10,0
DA:11,0
DA:12,0
DA:13,0
DA:14,0
DA:15,0
LF:13
LH:0
BRDA:7,0,0,0
BRDA:7,0,1,0
BRDA:9,1,0,0
BRDA:9,1,1,0
BRDA:11,2,0,0
BRDA:11,2,1,0
BRF:6
BRH:0
end_of_record
TN:
SF:modules/gcode/collision-detector.mjs
FN:70,checkBounds
FN:112,checkRapidPlunge
FN:148,checkFeedRate
FN:178,checkSpindleSpeed
FN:196,checkWorkpieceCollision
FN:234,detectCollisions
FN:258,(anonymous_6)
FN:322,(anonymous_7)
FN:323,(anonymous_8)
FN:324,(anonymous_9)
FN:325,(anonymous_10)
FN:340,getSummaryText
FNF:12
FNH:12
FNDA:37,checkBounds
FNDA:37,checkRapidPlunge
FNDA:37,checkFeedRate
FNDA:3,checkSpindleSpeed
FNDA:4,checkWorkpieceCollision
FNDA:24,detectCollisions
FNDA:40,(anonymous_6)
FNDA:33,(anonymous_7)
FNDA:33,(anonymous_8)
FNDA:33,(anonymous_9)
FNDA:33,(anonymous_10)
FNDA:5,getSummaryText
DA:13,1
DA:44,1
DA:54,1
DA:71,37
DA:73,37
DA:74,6
DA:84,37
DA:85,5
DA:95,37
DA:96,7
DA:106,37
DA:113,37
DA:115,19
DA:116,19
DA:117,5
DA:131,14
DA:132,1
DA:142,13
DA:149,37
DA:150,1
DA:160,36
DA:161,5
DA:172,31
DA:179,3
DA:180,1
DA:190,2
DA:197,4
DA:200,4
DA:201,4
DA:202,4
DA:203,4
DA:205,4
DA:208,4
DA:209,2
DA:214,2
DA:215,2
DA:216,2
DA:217,2
DA:219,2
DA:220,2
DA:228,2
DA:235,24
DA:236,2
DA:249,22
DA:250,22
DA:251,22
DA:253,22
DA:254,22
DA:255,22
DA:256,22
DA:258,22
DA:259,40
DA:261,40
DA:262,40
DA:265,40
DA:272,40
DA:273,14
DA:277,40
DA:278,3
DA:279,3
DA:283,40
DA:284,3
DA:285,3
DA:286,0
DA:287,0
DA:292,40
DA:293,37
DA:294,37
DA:295,37
DA:296,37
DA:298,37
DA:300,37
DA:303,37
DA:306,37
DA:309,37
DA:310,4
DA:314,37
DA:320,22
DA:322,33
DA:323,33
DA:324,33
DA:325,33
DA:328,22
DA:330,22
DA:341,5
DA:342,1
DA:345,4
DA:347,4
DA:348,2
DA:350,4
DA:351,2
DA:353,4
DA:354,2
DA:356,4
DA:357,0
DA:360,4
LF:96
LH:93
BRDA:73,0,0,6
BRDA:73,0,1,31
BRDA:73,1,0,37
BRDA:73,1,1,37
BRDA:84,2,0,5
BRDA:84,2,1,32
BRDA:84,3,0,37
BRDA:84,3,1,37
BRDA:95,4,0,7
BRDA:95,4,1,30
BRDA:95,5,0,37
BRDA:95,5,1,36
BRDA:113,6,0,18
BRDA:113,6,1,19
BRDA:116,7,0,5
BRDA:116,7,1,14
BRDA:131,8,0,1
BRDA:131,8,1,13
BRDA:131,9,0,14
BRDA:131,9,1,1
BRDA:149,10,0,1
BRDA:149,10,1,36
BRDA:149,11,0,37
BRDA:149,11,1,17
BRDA:160,12,0,5
BRDA:160,12,1,31
BRDA:160,13,0,36
BRDA:160,13,1,18
BRDA:179,14,0,1
BRDA:179,14,1,2
BRDA:208,15,0,2
BRDA:208,15,1,2
BRDA:215,16,0,2
BRDA:215,16,1,2
BRDA:216,17,0,2
BRDA:216,17,1,2
BRDA:217,18,0,2
BRDA:217,18,1,2
BRDA:219,19,0,2
BRDA:219,19,1,0
BRDA:219,20,0,2
BRDA:219,20,1,0
BRDA:219,20,2,2
BRDA:234,21,0,21
BRDA:235,22,0,2
BRDA:235,22,1,22
BRDA:235,23,0,24
BRDA:235,23,1,22
BRDA:259,24,0,0
BRDA:259,24,1,40
BRDA:266,25,0,29
BRDA:266,25,1,11
BRDA:267,26,0,29
BRDA:267,26,1,11
BRDA:268,27,0,14
BRDA:268,27,1,26
BRDA:272,28,0,14
BRDA:272,28,1,26
BRDA:277,29,0,3
BRDA:277,29,1,37
BRDA:283,30,0,3
BRDA:283,30,1,37
BRDA:284,31,0,3
BRDA:284,31,1,0
BRDA:284,32,0,3
BRDA:284,32,1,0
BRDA:286,33,0,0
BRDA:286,33,1,0
BRDA:292,34,0,37
BRDA:292,34,1,3
BRDA:296,35,0,37
BRDA:296,35,1,18
BRDA:296,35,2,1
BRDA:296,35,3,0
BRDA:298,36,0,37
BRDA:298,36,1,0
BRDA:309,37,0,4
BRDA:309,37,1,33
BRDA:328,38,0,22
BRDA:328,38,1,14
BRDA:341,39,0,1
BRDA:341,39,1,4
BRDA:341,40,0,5
BRDA:341,40,1,2
BRDA:347,41,0,2
BRDA:347,41,1,2
BRDA:350,42,0,2
BRDA:350,42,1,2
BRDA:353,43,0,2
BRDA:353,43,1,2
BRDA:356,44,0,0
BRDA:356,44,1,4
BRF:92
BRH:82
end_of_record
TN:
SF:modules/gcode/optimizer.mjs
FN:25,positionsEqual
FN:35,vectorAngle
FN:48,areCollinear
FN:68,reconstructLine
FN:97,isMoveCommand
FN:104,removeRedundantMoves
FN:156,combineCollinearSegments
FN:238,removeDuplicateCommands
FN:295,optimizeGCode
FN:361,(anonymous_9)
FN:378,analyzeOptimizationPotential
FNF:11
FNH:11
FNDA:68,positionsEqual
FNDA:13,vectorAngle
FNDA:13,areCollinear
FNDA:121,reconstructLine
FNDA:75,isMoveCommand
FNDA:24,removeRedundantMoves
FNDA:25,combineCollinearSegments
FNDA:24,removeDuplicateCommands
FNDA:31,optimizeGCode
FNDA:54,(anonymous_9)
FNDA:5,analyzeOptimizationPotential
DA:14,2
DA:26,68
DA:27,68
DA:28,68
DA:29,68
DA:36,13
DA:37,13
DA:39,13
DA:41,11
DA:42,11
DA:49,13
DA:55,13
DA:61,13
DA:62,13
DA:69,121
DA:71,121
DA:72,121
DA:75,121
DA:76,121
DA:77,121
DA:80,121
DA:81,121
DA:82,121
DA:83,121
DA:84,121
DA:85,121
DA:86,121
DA:87,121
DA:88,121
DA:89,121
DA:91,121
DA:98,75
DA:105,24
DA:106,24
DA:107,24
DA:109,24
DA:110,75
DA:111,0
DA:112,0
DA:115,75
DA:116,75
DA:122,75
DA:123,75
DA:125,75
DA:127,29
DA:130,29
DA:131,9
DA:132,9
DA:133,9
DA:134,9
DA:135,9
DA:143,46
DA:144,46
DA:145,39
DA:150,24
DA:157,25
DA:158,25
DA:159,25
DA:161,25
DA:162,46
DA:164,46
DA:165,14
DA:166,14
DA:167,14
DA:171,32
DA:172,32
DA:173,32
DA:175,32
DA:176,34
DA:178,34
DA:179,1
DA:180,1
DA:183,33
DA:186,32
DA:187,32
DA:190,29
DA:191,13
DA:196,13
DA:201,13
DA:207,13
DA:210,26
DA:211,26
DA:214,32
DA:216,7
DA:217,7
DA:218,7
DA:220,7
DA:224,7
DA:225,7
DA:227,25
DA:228,25
DA:232,25
DA:239,24
DA:240,24
DA:241,24
DA:242,24
DA:244,24
DA:245,51
DA:246,0
DA:247,0
DA:250,51
DA:251,51
DA:253,51
DA:254,20
DA:255,6
DA:256,6
DA:257,6
DA:259,14
DA:263,51
DA:264,4
DA:265,1
DA:266,1
DA:267,1
DA:269,3
DA:274,51
DA:276,51
DA:278,51
DA:280,0
DA:283,51
DA:286,24
DA:296,31
DA:297,4
DA:311,27
DA:312,27
DA:313,27
DA:316,27
DA:317,1
DA:331,26
DA:342,26
DA:343,21
DA:344,21
DA:345,21
DA:348,26
DA:349,21
DA:350,21
DA:351,21
DA:354,26
DA:355,20
DA:356,20
DA:357,20
DA:361,54
DA:362,26
DA:363,26
DA:366,26
DA:379,5
DA:381,4
DA:382,4
DA:384,4
DA:393,4
DA:394,3
DA:395,3
DA:398,4
DA:399,4
DA:400,4
DA:403,4
DA:404,4
DA:405,4
DA:408,4
DA:411,4
LF:159
LH:154
BRDA:25,0,0,0
BRDA:26,1,0,68
BRDA:26,1,1,33
BRDA:26,2,0,68
BRDA:26,2,1,11
BRDA:27,3,0,68
BRDA:27,3,1,41
BRDA:27,4,0,68
BRDA:27,4,1,22
BRDA:28,5,0,68
BRDA:28,5,1,65
BRDA:28,6,0,68
BRDA:28,6,1,64
BRDA:29,7,0,68
BRDA:29,7,1,29
BRDA:29,7,2,29
BRDA:39,8,0,2
BRDA:39,8,1,11
BRDA:39,9,0,13
BRDA:39,9,1,12
BRDA:48,10,0,0
BRDA:50,11,0,13
BRDA:50,11,1,0
BRDA:50,12,0,13
BRDA:50,12,1,8
BRDA:51,13,0,13
BRDA:51,13,1,9
BRDA:51,14,0,13
BRDA:51,14,1,11
BRDA:52,15,0,13
BRDA:52,15,1,13
BRDA:52,16,0,13
BRDA:52,16,1,13
BRDA:56,17,0,13
BRDA:56,17,1,0
BRDA:56,18,0,13
BRDA:56,18,1,0
BRDA:57,19,0,13
BRDA:57,19,1,6
BRDA:57,20,0,13
BRDA:57,20,1,9
BRDA:58,21,0,13
BRDA:58,21,1,13
BRDA:58,22,0,13
BRDA:58,22,1,13
BRDA:69,23,0,0
BRDA:69,23,1,121
BRDA:69,24,0,121
BRDA:69,24,1,121
BRDA:69,25,0,0
BRDA:69,25,1,0
BRDA:75,26,0,111
BRDA:75,26,1,10
BRDA:76,27,0,10
BRDA:76,27,1,111
BRDA:77,28,0,0
BRDA:77,28,1,121
BRDA:80,29,0,89
BRDA:80,29,1,32
BRDA:81,30,0,89
BRDA:81,30,1,32
BRDA:82,31,0,3
BRDA:82,31,1,118
BRDA:83,32,0,2
BRDA:83,32,1,119
BRDA:84,33,0,2
BRDA:84,33,1,119
BRDA:85,34,0,0
BRDA:85,34,1,121
BRDA:86,35,0,49
BRDA:86,35,1,72
BRDA:87,36,0,6
BRDA:87,36,1,115
BRDA:88,37,0,0
BRDA:88,37,1,121
BRDA:89,38,0,0
BRDA:89,38,1,121
BRDA:91,39,0,121
BRDA:91,39,1,0
BRDA:91,40,0,0
BRDA:91,40,1,0
BRDA:98,41,0,75
BRDA:98,41,1,75
BRDA:98,41,2,72
BRDA:110,42,0,0
BRDA:110,42,1,75
BRDA:117,43,0,68
BRDA:117,43,1,7
BRDA:118,44,0,68
BRDA:118,44,1,7
BRDA:119,45,0,4
BRDA:119,45,1,71
BRDA:123,46,0,75
BRDA:123,46,1,7
BRDA:123,46,2,7
BRDA:125,47,0,29
BRDA:125,47,1,46
BRDA:125,48,0,75
BRDA:125,48,1,68
BRDA:125,48,2,68
BRDA:130,49,0,9
BRDA:130,49,1,20
BRDA:130,50,0,29
BRDA:130,50,1,20
BRDA:132,51,0,9
BRDA:132,51,1,0
BRDA:133,52,0,9
BRDA:133,52,1,0
BRDA:134,53,0,0
BRDA:134,53,1,9
BRDA:144,54,0,39
BRDA:144,54,1,7
BRDA:164,55,0,14
BRDA:164,55,1,32
BRDA:164,56,0,46
BRDA:164,56,1,46
BRDA:164,56,2,43
BRDA:172,57,0,32
BRDA:172,57,1,16
BRDA:178,58,0,1
BRDA:178,58,1,33
BRDA:178,59,0,34
BRDA:178,59,1,34
BRDA:183,60,0,1
BRDA:183,60,1,32
BRDA:186,61,0,32
BRDA:186,61,1,17
BRDA:187,62,0,3
BRDA:187,62,1,29
BRDA:187,63,0,32
BRDA:187,63,1,22
BRDA:187,63,2,14
BRDA:190,64,0,13
BRDA:190,64,1,16
BRDA:192,65,0,13
BRDA:192,65,1,8
BRDA:193,66,0,13
BRDA:193,66,1,11
BRDA:194,67,0,13
BRDA:194,67,1,13
BRDA:197,68,0,13
BRDA:197,68,1,0
BRDA:198,69,0,13
BRDA:198,69,1,9
BRDA:199,70,0,13
BRDA:199,70,1,13
BRDA:202,71,0,13
BRDA:202,71,1,0
BRDA:203,72,0,13
BRDA:203,72,1,6
BRDA:204,73,0,13
BRDA:204,73,1,13
BRDA:207,74,0,3
BRDA:207,74,1,10
BRDA:214,75,0,7
BRDA:214,75,1,25
BRDA:218,76,0,6
BRDA:218,76,1,1
BRDA:245,77,0,0
BRDA:245,77,1,51
BRDA:253,78,0,20
BRDA:253,78,1,31
BRDA:254,79,0,6
BRDA:254,79,1,14
BRDA:263,80,0,4
BRDA:263,80,1,47
BRDA:264,81,0,1
BRDA:264,81,1,3
BRDA:274,82,0,51
BRDA:274,82,1,5
BRDA:274,82,2,0
BRDA:276,83,0,51
BRDA:276,83,1,11
BRDA:276,83,2,11
BRDA:276,83,3,11
BRDA:276,83,4,9
BRDA:278,84,0,0
BRDA:278,84,1,51
BRDA:278,85,0,51
BRDA:278,85,1,7
BRDA:278,85,2,0
BRDA:295,86,0,18
BRDA:296,87,0,4
BRDA:296,87,1,27
BRDA:316,88,0,1
BRDA:316,88,1,26
BRDA:342,89,0,21
BRDA:342,89,1,5
BRDA:348,90,0,21
BRDA:348,90,1,5
BRDA:354,91,0,20
BRDA:354,91,1,6
BRDA:378,92,0,3
BRDA:379,93,0,1
BRDA:379,93,1,4
BRDA:393,94,0,3
BRDA:393,94,1,1
BRDA:398,95,0,4
BRDA:398,95,1,0
BRDA:403,96,0,4
BRDA:403,96,1,0
BRF:201
BRH:174
end_of_record
TN:
SF:modules/gcode/parser.js
FN:4,normalizeLine
FN:8,parseLine
FN:15,(anonymous_2)
FN:33,parse
FN:37,(anonymous_4)
FN:38,(anonymous_5)
FNF:6
FNH:6
FNDA:27131,normalizeLine
FNDA:27131,parseLine
FNDA:134981,(anonymous_2)
FNDA:7,parse
FNDA:17110,(anonymous_4)
FNDA:17110,(anonymous_5)
DA:5,27131
DA:9,27131
DA:10,27131
DA:12,26822
DA:13,26822
DA:15,26822
DA:16,134981
DA:18,134981
DA:19,134981
DA:20,134378
DA:21,134378
DA:22,134378
DA:23,134378
DA:26,603
DA:30,26822
DA:34,7
DA:35,7
DA:37,17110
DA:38,17110
DA:41,3
LF:20
LH:20
BRDA:5,0,0,27131
BRDA:5,0,1,4
BRDA:10,1,0,309
BRDA:10,1,1,26822
BRDA:10,2,0,27131
BRDA:10,2,1,27026
BRDA:10,2,2,26923
BRDA:16,3,0,0
BRDA:16,3,1,134981
BRDA:19,4,0,134378
BRDA:19,4,1,603
BRDA:21,5,0,1
BRDA:21,5,1,134377
BRDA:22,6,0,1
BRDA:22,6,1,134377
BRDA:34,7,0,0
BRDA:34,7,1,7
BRF:17
BRH:15
end_of_record
TN:
SF:modules/gcode/parser.mjs
FN:2,normalizeLine
FN:8,parseLine
FN:15,(anonymous_2)
FN:56,parse
FN:60,(anonymous_4)
FN:61,(anonymous_5)
FNF:6
FNH:6
FNDA:1849,normalizeLine
FNDA:1849,parseLine
FNDA:4019,(anonymous_2)
FNDA:174,parse
FNDA:1821,(anonymous_4)
FNDA:1821,(anonymous_5)
DA:3,1849
DA:9,1849
DA:10,1849
DA:12,1277
DA:13,1277
DA:15,1277
DA:16,4019
DA:17,4019
DA:18,4019
DA:19,3775
DA:20,3775
DA:21,3775
DA:22,3775
DA:24,244
DA:30,1277
DA:31,144
DA:35,1277
DA:36,30
DA:40,1277
DA:41,41
DA:43,41
DA:44,38
DA:49,1277
DA:50,9
DA:53,1277
DA:57,174
DA:58,171
DA:60,1821
DA:61,1821
LF:29
LH:29
BRDA:3,0,0,1849
BRDA:3,0,1,277
BRDA:10,1,0,572
BRDA:10,1,1,1277
BRDA:10,2,0,1849
BRDA:10,2,1,1523
BRDA:10,2,2,1278
BRDA:16,3,0,0
BRDA:16,3,1,4019
BRDA:18,4,0,3775
BRDA:18,4,1,244
[...]
DA:17,0
DA:20,0
LF:14
LH:0
BRDA:2,0,0,0
BRDA:2,1,0,0
BRDA:4,2,0,0
BRDA:4,2,1,0
BRDA:5,3,0,0
BRDA:5,3,1,0
BRDA:6,4,0,0
BRDA:6,4,1,0
BRDA:7,5,0,0
BRDA:7,5,1,0
BRDA:10,6,0,0
BRDA:10,6,1,0
BRDA:11,7,0,0
BRDA:11,7,1,0
BRF:14
BRH:0
end_of_record
TN:
SF:modules/presentation/collaborative-client.mjs
FN:11,(anonymous_0)
FN:27,(anonymous_1)
FN:28,(anonymous_2)
FN:38,(anonymous_3)
FN:45,(anonymous_4)
FN:61,(anonymous_5)
FN:74,(anonymous_6)
FN:80,(anonymous_7)
FN:90,(anonymous_8)
FN:105,(anonymous_9)
FN:126,(anonymous_10)
FN:138,(anonymous_11)
FN:150,(anonymous_12)
FN:184,(anonymous_13)
FN:199,(anonymous_14)
FN:234,(anonymous_15)
FN:242,(anonymous_16)
FN:249,(anonymous_17)
FN:258,(anonymous_18)
FN:268,(anonymous_19)
FN:280,(anonymous_20)
FN:283,(anonymous_21)
FN:295,(anonymous_22)
FN:302,(anonymous_23)
FN:309,(anonymous_24)
FNF:25
FNH:22
FNDA:16,(anonymous_0)
FNDA:9,(anonymous_1)
FNDA:9,(anonymous_2)
FNDA:0,(anonymous_3)
FNDA:9,(anonymous_4)
FNDA:12,(anonymous_5)
FNDA:0,(anonymous_6)
FNDA:9,(anonymous_7)
FNDA:9,(anonymous_8)
FNDA:1,(anonymous_9)
FNDA:1,(anonymous_10)
FNDA:1,(anonymous_11)
FNDA:12,(anonymous_12)
FNDA:1,(anonymous_13)
FNDA:2,(anonymous_14)
FNDA:0,(anonymous_15)
FNDA:1,(anonymous_16)
FNDA:21,(anonymous_17)
FNDA:5,(anonymous_18)
FNDA:1,(anonymous_19)
FNDA:23,(anonymous_20)
FNDA:4,(anonymous_21)
FNDA:16,(anonymous_22)
FNDA:19,(anonymous_23)
FNDA:1,(anonymous_24)
DA:12,16
DA:13,16
DA:14,16
DA:15,16
DA:16,16
DA:17,16
DA:18,16
DA:19,16
DA:20,16
DA:21,16
DA:28,9
DA:29,9
DA:31,9
DA:32,9
DA:34,0
DA:35,0
DA:38,9
DA:39,0
DA:40,0
DA:41,0
DA:45,9
DA:46,9
DA:47,9
DA:50,9
DA:61,9
DA:62,12
DA:63,12
DA:64,12
DA:66,12
DA:67,9
DA:70,0
DA:74,9
DA:75,0
DA:76,0
DA:77,0
DA:80,9
DA:81,9
DA:82,9
DA:91,9
DA:92,9
DA:96,9
DA:97,9
DA:99,9
DA:106,1
DA:107,0
DA:108,0
DA:111,1
DA:112,1
DA:114,1
DA:127,1
DA:129,1
DA:139,1
DA:141,1
DA:151,12
DA:153,12
DA:155,9
DA:156,9
DA:158,1
DA:159,1
DA:161,0
DA:162,0
DA:164,1
DA:165,1
DA:167,0
DA:168,0
DA:170,1
DA:171,1
DA:173,0
DA:174,0
DA:175,0
DA:177,0
DA:186,1
DA:188,1
DA:189,0
DA:192,1
DA:200,2
DA:201,1
DA:202,1
DA:204,0
DA:207,1
DA:208,1
DA:209,1
DA:211,0
DA:214,0
DA:215,0
DA:216,0
DA:218,0
DA:221,0
DA:222,0
DA:223,0
DA:225,0
DA:228,0
DA:235,0
DA:236,0
DA:243,1
DA:250,21
DA:251,21
DA:259,5
DA:260,5
DA:262,5
DA:269,1
DA:270,1
DA:271,1
DA:272,1
DA:273,1
DA:281,23
DA:282,5
DA:283,5
DA:284,4
DA:285,4
DA:287,0
DA:296,16
DA:303,19
DA:310,1
LF:114
LH:80
BRDA:11,0,0,0
BRDA:12,1,0,16
BRDA:12,1,1,0
BRDA:13,2,0,16
BRDA:13,2,1,16
BRDA:14,3,0,16
BRDA:14,3,1,0
BRDA:15,4,0,16
BRDA:15,4,1,16
BRDA:40,5,0,0
BRDA:40,5,1,0
BRDA:66,6,0,9
BRDA:66,6,1,3
BRDA:91,7,0,9
BRDA:91,7,1,0
BRDA:106,8,0,0
BRDA:106,8,1,1
BRDA:127,9,0,0
BRDA:127,9,1,1
BRDA:139,10,0,0
BRDA:139,10,1,1
BRDA:153,11,0,9
BRDA:153,11,1,1
BRDA:153,11,2,0
BRDA:153,11,3,1
BRDA:153,11,4,0
BRDA:153,11,5,1
BRDA:153,11,6,0
BRDA:153,11,7,0
BRDA:200,12,0,1
BRDA:200,12,1,1
BRDA:200,13,0,2
BRDA:200,13,1,2
BRDA:201,14,0,1
BRDA:201,14,1,0
BRDA:207,15,0,1
BRDA:207,15,1,0
BRDA:207,16,0,1
BRDA:207,16,1,1
BRDA:208,17,0,1
BRDA:208,17,1,0
BRDA:214,18,0,0
BRDA:214,18,1,0
BRDA:214,19,0,0
BRDA:214,19,1,0
BRDA:215,20,0,0
BRDA:215,20,1,0
BRDA:221,21,0,0
BRDA:221,21,1,0
BRDA:221,22,0,0
BRDA:221,22,1,0
BRDA:222,23,0,0
BRDA:222,23,1,0
BRDA:250,24,0,21
BRDA:250,24,1,0
BRDA:250,25,0,21
BRDA:250,25,1,21
BRDA:259,26,0,5
BRDA:259,26,1,0
BRDA:269,27,0,0
BRDA:269,27,1,1
BRDA:272,28,0,1
BRDA:272,28,1,0
BRDA:281,29,0,18
BRDA:281,29,1,5
BRDA:303,30,0,19
BRDA:303,30,1,10
BRDA:303,30,2,10
BRF:68
BRH:36
end_of_record
TN:
SF:modules/presentation/controls.mjs
FN:4,createSimpleOrbitControls
FN:13,updateCamera
FN:23,onPointerDown
FN:30,onPointerMove
FN:40,onPointerUp
FN:45,onWheel
FN:56,attach
FN:63,detach
FNF:8
FNH:0
FNDA:0,createSimpleOrbitControls
FNDA:0,updateCamera
FNDA:0,onPointerDown
FNDA:0,onPointerMove
FNDA:0,onPointerUp
FNDA:0,onWheel
FNDA:0,attach
FNDA:0,detach
DA:5,0
DA:6,0
DA:8,0
DA:9,0
DA:10,0
DA:11,0
DA:15,0
DA:16,0
DA:17,0
DA:18,0
DA:19,0
DA:20,0
DA:24,0
DA:25,0
DA:26,0
DA:27,0
DA:31,0
DA:32,0
DA:33,0
DA:34,0
DA:35,0
DA:36,0
DA:37,0
DA:41,0
DA:42,0
DA:46,0
DA:48,0
DA:49,0
DA:50,0
DA:51,0
DA:52,0
DA:53,0
DA:57,0
DA:58,0
DA:59,0
DA:60,0
DA:64,0
DA:65,0
DA:66,0
DA:67,0
DA:70,0
LF:41
LH:0
BRDA:4,0,0,0
BRDA:4,1,0,0
BRDA:5,2,0,0
BRDA:5,2,1,0
BRDA:6,3,0,0
BRDA:6,3,1,0
BRDA:11,4,0,0
BRDA:11,4,1,0
BRDA:27,5,0,0
BRDA:27,5,1,0
BRDA:31,6,0,0
BRDA:31,6,1,0
BRDA:42,7,0,0
BRDA:42,7,1,0
BRDA:49,8,0,0
BRDA:49,8,1,0
BRF:16
BRH:0
end_of_record
TN:
SF:modules/presentation/material-removal.mjs
FN:18,(anonymous_0)
FN:38,(anonymous_1)
FN:48,(anonymous_2)
FN:58,(anonymous_3)
FN:67,(anonymous_4)
FN:101,(anonymous_5)
FN:129,(anonymous_6)
FN:150,(anonymous_7)
FN:161,(anonymous_8)
FN:186,(anonymous_9)
FN:220,(anonymous_10)
FN:230,(anonymous_11)
FN:256,(anonymous_12)
FN:274,(anonymous_13)
FN:281,(anonymous_14)
FN:288,(anonymous_15)
FN:301,(anonymous_16)
FN:311,(anonymous_17)
FN:325,estimateWorkpieceBounds
FNF:19
FNH:16
FNDA:17,(anonymous_0)
FNDA:82,(anonymous_1)
FNDA:676,(anonymous_2)
FNDA:6,(anonymous_3)
FNDA:74,(anonymous_4)
FNDA:5,(anonymous_5)
FNDA:3,(anonymous_6)
FNDA:2,(anonymous_7)
FNDA:7,(anonymous_8)
FNDA:7,(anonymous_9)
FNDA:2,(anonymous_10)
FNDA:4,(anonymous_11)
FNDA:1,(anonymous_12)
FNDA:0,(anonymous_13)
FNDA:1,(anonymous_14)
FNDA:1,(anonymous_15)
FNDA:0,(anonymous_16)
FNDA:0,(anonymous_17)
FNDA:4,estimateWorkpieceBounds
DA:19,17
DA:20,17
DA:23,17
DA:24,17
DA:25,17
DA:28,17
DA:29,17
DA:31,17
DA:32,17
DA:39,82
DA:40,82
DA:41,82
DA:42,82
DA:49,676
DA:50,28
DA:52,648
DA:59,6
DA:60,6
DA:61,6
DA:68,74
DA:69,74
DA:71,74
DA:74,74
DA:75,224
DA:76,682
DA:77,2096
DA:78,2096
DA:79,2096
DA:82,2096
DA:83,2096
DA:84,544
DA:85,544
DA:86,164
DA:87,164
DA:94,74
DA:95,74
DA:102,5
DA:103,5
DA:104,5
DA:105,5
DA:107,5
DA:109,5
DA:110,5
DA:111,5
DA:112,5
DA:114,5
DA:116,5
DA:117,70
DA:118,70
DA:119,70
DA:120,70
DA:123,5
DA:130,3
DA:131,3
DA:132,3
DA:133,3
DA:134,3
DA:136,3
DA:151,2
DA:152,2
DA:162,7
DA:163,7
DA:164,7
DA:173,7
DA:174,7
DA:175,7
DA:176,7
DA:177,7
DA:178,7
DA:180,7
DA:187,7
DA:189,0
DA:190,0
DA:191,0
DA:193,0
DA:194,0
DA:201,0
DA:204,0
DA:205,0
DA:206,0
DA:209,0
DA:210,0
DA:212,0
DA:213,0
DA:221,2
DA:222,2
DA:223,0
DA:231,4
DA:233,4
DA:243,4
DA:246,4
DA:247,1
DA:250,4
DA:257,1
DA:259,0
DA:262,0
DA:263,0
DA:266,0
DA:267,0
DA:275,0
DA:282,1
DA:289,1
DA:290,1
DA:292,1
DA:293,0
DA:294,0
DA:302,0
DA:303,0
DA:304,0
DA:306,0
DA:307,0
DA:308,0
DA:311,0
DA:312,0
DA:313,0
DA:315,0
DA:316,0
DA:318,0
DA:326,4
DA:327,1
DA:333,3
DA:334,3
DA:335,3
DA:336,3
DA:337,3
DA:338,3
DA:340,3
DA:341,6
DA:342,6
DA:343,6
DA:344,6
DA:345,6
DA:346,6
DA:349,3
LF:134
LH:100
BRDA:18,0,0,0
BRDA:49,1,0,28
BRDA:49,1,1,648
BRDA:49,2,0,676
BRDA:49,2,1,668
BRDA:49,2,2,656
BRDA:49,2,3,656
BRDA:49,2,4,652
BRDA:49,2,5,652
BRDA:61,3,0,6
BRDA:61,3,1,4
BRDA:83,4,0,544
BRDA:83,4,1,1552
BRDA:85,5,0,164
BRDA:85,5,1,380
BRDA:85,6,0,544
BRDA:85,6,1,518
BRDA:107,7,0,0
BRDA:107,7,1,5
BRDA:161,8,0,5
BRDA:187,9,0,7
BRDA:187,9,1,0
BRDA:212,10,0,0
BRDA:212,10,1,0
BRDA:222,11,0,0
BRDA:222,11,1,2
BRDA:231,12,0,0
BRDA:231,12,1,4
BRDA:246,13,0,1
BRDA:246,13,1,3
BRDA:257,14,0,1
BRDA:257,14,1,0
BRDA:266,15,0,0
BRDA:266,15,1,0
BRDA:292,16,0,0
BRDA:292,16,1,1
BRDA:302,17,0,0
BRDA:302,17,1,0
BRDA:303,18,0,0
BRDA:303,18,1,0
BRDA:312,19,0,0
BRDA:312,19,1,0
BRDA:325,20,0,0
BRDA:326,21,0,1
BRDA:326,21,1,3
BRF:45
BRH:27
end_of_record
TN:
SF:modules/presentation/material-sim.mjs
FN:4,applyToolpathToMesh
FNF:1
FNH:0
FNDA:0,applyToolpathToMesh
DA:5,0
DA:6,0
DA:7,0
DA:8,0
DA:9,0
DA:10,0
DA:12,0
DA:13,0
DA:14,0
DA:15,0
DA:16,0
DA:17,0
DA:18,0
DA:19,0
DA:23,0
DA:28,0
LF:16
LH:0
BRDA:4,0,0,0
BRDA:5,1,0,0
BRDA:5,1,1,0
BRDA:6,2,0,0
BRDA:6,2,1,0
BRDA:8,3,0,0
BRDA:8,3,1,0
BRDA:19,4,0,0
BRDA:19,4,1,0
BRF:9
BRH:0
end_of_record
TN:
SF:modules/presentation/mesh.mjs
FN:3,renderProbePoints
FN:8,(anonymous_1)
FN:20,renderMeshOverlay
FNF:3
FNH:0
FNDA:0,renderProbePoints
FNDA:0,(anonymous_1)
FNDA:0,renderMeshOverlay
DA:4,0
DA:5,0
DA:6,0
DA:8,0
DA:9,0
DA:10,0
DA:11,0
DA:12,0
DA:13,0
DA:16,0
DA:17,0
DA:21,0
DA:22,0
DA:24,0
DA:25,0
DA:26,0
DA:27,0
DA:28,0
DA:29,0
DA:30,0
DA:31,0
DA:32,0
DA:36,0
DA:39,0
DA:40,0
DA:41,0
DA:42,0
DA:43,0
LF:28
LH:0
BRDA:3,0,0,0
BRDA:3,1,0,0
BRDA:4,2,0,0
BRDA:4,2,1,0
BRDA:6,3,0,0
BRDA:6,3,1,0
BRDA:9,4,0,0
BRDA:9,4,1,0
BRDA:10,5,0,0
BRDA:10,5,1,0
BRDA:20,6,0,0
BRDA:20,7,0,0
BRDA:21,8,0,0
BRDA:21,8,1,0
BRDA:22,9,0,0
BRDA:22,9,1,0
BRDA:22,10,0,0
BRDA:22,10,1,0
BRDA:24,11,0,0
BRDA:24,11,1,0
BRDA:39,12,0,0
BRDA:39,12,1,0
BRDA:39,13,0,0
BRDA:39,13,1,0
BRDA:41,14,0,0
BRDA:41,14,1,0
BRF:26
BRH:0
end_of_record
TN:
SF:modules/presentation/renderer-2d.mjs
FN:18,(anonymous_0)
FN:37,(anonymous_1)
FN:80,(anonymous_2)
FN:89,(anonymous_3)
FN:99,(anonymous_4)
FN:113,(anonymous_5)
FN:136,(anonymous_6)
FN:147,(anonymous_7)
FN:169,(anonymous_8)
FN:185,(anonymous_9)
FN:199,(anonymous_10)
FN:209,(anonymous_11)
FN:217,(anonymous_12)
FN:227,(anonymous_13)
FN:247,(anonymous_14)
FN:260,(anonymous_15)
FN:271,(anonymous_16)
FN:281,(anonymous_17)
FN:290,(anonymous_18)
FN:304,(anonymous_19)
FN:320,(anonymous_20)
FN:351,(anonymous_21)
FN:358,(anonymous_22)
FN:370,(anonymous_23)
FN:382,(anonymous_24)
FN:390,toolpathToSegments
FNF:26
FNH:0
FNDA:0,(anonymous_0)
FNDA:0,(anonymous_1)
FNDA:0,(anonymous_2)
FNDA:0,(anonymous_3)
FNDA:0,(anonymous_4)
FNDA:0,(anonymous_5)
FNDA:0,(anonymous_6)
FNDA:0,(anonymous_7)
FNDA:0,(anonymous_8)
FNDA:0,(anonymous_9)
FNDA:0,(anonymous_10)
FNDA:0,(anonymous_11)
FNDA:0,(anonymous_12)
FNDA:0,(anonymous_13)
FNDA:0,(anonymous_14)
FNDA:0,(anonymous_15)
FNDA:0,(anonymous_16)
FNDA:0,(anonymous_17)
FNDA:0,(anonymous_18)
FNDA:0,(anonymous_19)
FNDA:0,(anonymous_20)
FNDA:0,(anonymous_21)
FNDA:0,(anonymous_22)
FNDA:0,(anonymous_23)
FNDA:0,(anonymous_24)
FNDA:0,toolpathToSegments
DA:19,0
DA:29,0
DA:30,0
DA:38,0
DA:41,0
DA:42,0
DA:45,0
DA:46,0
DA:49,0
DA:50,0
DA:51,0
DA:53,0
DA:54,0
DA:55,0
DA:57,0
DA:59,0
DA:60,0
DA:61,0
DA:64,0
DA:67,0
DA:81,0
DA:82,0
DA:83,0
DA:90,0
DA:91,0
DA:92,0
DA:93,0
DA:100,0
DA:101,0
DA:102,0
DA:114,0
DA:115,0
DA:116,0
DA:120,0
DA:121,0
DA:125,0
DA:126,0
DA:129,0
DA:130,0
DA:137,0
DA:138,0
DA:148,0
DA:149,0
DA:158,0
DA:159,0
DA:160,0
DA:161,0
DA:163,0
DA:170,0
DA:171,0
DA:172,0
DA:173,0
DA:174,0
DA:177,0
DA:178,0
DA:186,0
DA:187,0
DA:188,0
DA:192,0
DA:193,0
DA:200,0
DA:201,0
DA:202,0
DA:203,0
DA:210,0
DA:211,0
DA:218,0
DA:219,0
DA:220,0
DA:221,0
DA:228,0
DA:229,0
DA:232,0
DA:233,0
DA:234,0
DA:235,0
DA:236,0
DA:237,0
DA:238,0
DA:241,0
DA:248,0
DA:249,0
DA:250,0
DA:251,0
DA:252,0
DA:253,0
DA:254,0
DA:261,0
DA:262,0
DA:263,0
DA:264,0
DA:272,0
DA:282,0
DA:283,0
DA:284,0
DA:291,0
DA:292,0
DA:293,0
DA:294,0
DA:295,0
DA:305,0
DA:306,0
DA:312,0
DA:313,0
DA:314,0
DA:321,0
DA:324,0
DA:325,0
DA:329,0
DA:332,0
DA:333,0
DA:336,0
DA:337,0
DA:339,0
DA:342,0
DA:343,0
DA:345,0
DA:352,0
DA:359,0
DA:360,0
DA:361,0
DA:362,0
DA:363,0
DA:371,0
DA:383,0
DA:391,0
DA:393,0
DA:394,0
DA:395,0
DA:397,0
DA:410,0
LF:131
LH:0
BRDA:18,0,0,0
BRDA:38,1,0,0
BRDA:38,2,0,0
BRDA:50,3,0,0
BRDA:50,3,1,0
BRDA:51,4,0,0
BRDA:51,4,1,0
BRDA:53,5,0,0
BRDA:53,5,1,0
BRDA:53,6,0,0
BRDA:53,6,1,0
BRDA:55,7,0,0
BRDA:55,7,1,0
BRDA:60,8,0,0
BRDA:60,8,1,0
BRDA:82,9,0,0
BRDA:82,9,1,0
BRDA:147,10,0,0
BRDA:170,11,0,0
BRDA:170,11,1,0
BRDA:177,12,0,0
BRDA:177,12,1,0
BRDA:186,13,0,0
BRDA:186,13,1,0
BRDA:200,14,0,0
BRDA:200,14,1,0
BRDA:227,15,0,0
BRDA:227,16,0,0
BRDA:232,17,0,0
BRDA:232,17,1,0
BRDA:232,18,0,0
BRDA:232,18,1,0
BRDA:262,19,0,0
BRDA:262,19,1,0
BRDA:304,20,0,0
BRDA:336,21,0,0
BRDA:336,21,1,0
BRDA:361,22,0,0
BRDA:361,22,1,0
BRDA:374,23,0,0
BRDA:374,23,1,0
BRDA:375,24,0,0
BRDA:375,24,1,0
BRDA:398,25,0,0
BRDA:398,25,1,0
BRDA:398,26,0,0
BRDA:398,26,1,0
BRDA:401,27,0,0
BRDA:401,27,1,0
BRDA:402,28,0,0
BRDA:402,28,1,0
BRDA:403,29,0,0
BRDA:403,29,1,0
BRDA:404,30,0,0
BRDA:404,30,1,0
BRDA:405,31,0,0
BRDA:405,31,1,0
BRDA:406,32,0,0
BRDA:406,32,1,0
BRF:59
BRH:0
end_of_record
TN:
SF:modules/presentation/three-helper.mjs
FN:4,createSceneDefaults
FN:16,initThreeJS
FN:66,createPositionIndicator
FN:105,(anonymous_3)
FN:113,update
FN:129,remove
FNF:6
FNH:0
FNDA:0,createSceneDefaults
FNDA:0,initThreeJS
FNDA:0,createPositionIndicator
FNDA:0,(anonymous_3)
FNDA:0,update
FNDA:0,remove
DA:5,0
DA:17,0
DA:18,0
DA:19,0
DA:21,0
DA:22,0
DA:24,0
DA:25,0
DA:27,0
DA:28,0
DA:30,0
DA:31,0
DA:32,0
DA:35,0
DA:36,0
DA:38,0
DA:39,0
DA:40,0
DA:41,0
DA:42,0
DA:44,0
DA:45,0
DA:47,0
DA:48,0
DA:49,0
DA:50,0
DA:51,0
DA:53,0
DA:54,0
DA:55,0
DA:56,0
DA:57,0
DA:60,0
DA:67,0
DA:68,0
DA:69,0
DA:70,0
DA:72,0
DA:75,0
DA:76,0
DA:77,0
DA:78,0
DA:79,0
DA:80,0
DA:81,0
DA:82,0
DA:83,0
DA:84,0
DA:85,0
DA:86,0
DA:87,0
DA:89,0
DA:90,0
DA:91,0
DA:92,0
DA:94,0
DA:95,0
DA:98,0
DA:99,0
DA:100,0
DA:101,0
DA:102,0
DA:103,0
DA:105,0
DA:106,0
DA:107,0
DA:110,0
DA:114,0
DA:115,0
DA:116,0
DA:117,0
DA:120,0
DA:125,0
DA:130,0
DA:131,0
DA:135,0
LF:76
LH:0
BRDA:16,0,0,0
BRDA:17,1,0,0
BRDA:17,1,1,0
BRDA:18,2,0,0
BRDA:18,2,1,0
BRDA:19,3,0,0
BRDA:19,3,1,0
BRDA:35,4,0,0
BRDA:35,4,1,0
BRDA:36,5,0,0
BRDA:36,5,1,0
BRDA:66,6,0,0
BRDA:67,7,0,0
BRDA:67,7,1,0
BRDA:68,8,0,0
BRDA:68,8,1,0
BRDA:69,9,0,0
BRDA:69,9,1,0
BRDA:70,10,0,0
BRDA:70,10,1,0
BRDA:91,11,0,0
BRDA:91,11,1,0
BRDA:91,12,0,0
BRDA:91,12,1,0
BRDA:92,13,0,0
BRDA:92,13,1,0
BRDA:92,14,0,0
BRDA:92,14,1,0
BRDA:94,15,0,0
BRDA:94,15,1,0
BRDA:94,16,0,0
BRDA:94,16,1,0
BRDA:105,17,0,0
BRDA:105,17,1,0
BRDA:106,18,0,0
BRDA:106,18,1,0
BRDA:107,19,0,0
BRDA:107,19,1,0
BRDA:107,20,0,0
BRDA:107,20,1,0
BRDA:113,21,0,0
BRDA:114,22,0,0
BRDA:114,22,1,0
BRDA:115,23,0,0
BRDA:115,23,1,0
BRDA:116,24,0,0
BRDA:116,24,1,0
BRDA:120,25,0,0
BRDA:120,25,1,0
BRDA:131,26,0,0
BRDA:131,26,1,0
BRDA:131,27,0,0
BRDA:131,27,1,0
BRF:53
BRH:0
end_of_record
TN:
SF:modules/presentation/toolpath-renderer.mjs
FN:12,renderMultiToolToolpath
FN:22,(anonymous_1)
FN:24,(anonymous_2)
FN:31,(anonymous_3)
FN:51,(anonymous_4)
FN:59,(anonymous_5)
FN:77,(anonymous_6)
FN:101,(anonymous_7)
FN:123,calculateToolpathStats
FN:156,(anonymous_9)
FNF:10
FNH:2
FNDA:0,renderMultiToolToolpath
FNDA:0,(anonymous_1)
FNDA:0,(anonymous_2)
FNDA:0,(anonymous_3)
FNDA:0,(anonymous_4)
FNDA:0,(anonymous_5)
FNDA:0,(anonymous_6)
FNDA:0,(anonymous_7)
FNDA:11,calculateToolpathStats
FNDA:15,(anonymous_9)
DA:14,0
DA:15,0
DA:16,0
DA:17,0
DA:21,0
DA:22,0
DA:24,0
DA:26,0
DA:29,0
DA:31,0
DA:32,0
DA:33,0
DA:34,0
DA:37,0
DA:38,0
DA:39,0
DA:40,0
DA:41,0
DA:42,0
DA:43,0
DA:46,0
DA:51,0
DA:52,0
DA:53,0
DA:54,0
DA:57,0
DA:58,0
DA:59,0
DA:61,0
DA:67,0
DA:68,0
DA:69,0
DA:70,0
DA:71,0
DA:75,0
DA:76,0
DA:77,0
DA:81,0
DA:82,0
DA:84,0
DA:92,0
DA:93,0
DA:94,0
DA:95,0
DA:96,0
DA:97,0
DA:101,0
DA:102,0
DA:103,0
DA:104,0
DA:109,0
DA:110,0
DA:111,0
DA:112,0
DA:113,0
DA:124,11
DA:125,1
DA:128,10
DA:129,10
DA:130,10
DA:132,10
DA:133,26
DA:134,26
DA:137,26
DA:138,26
DA:139,6
DA:140,6
DA:144,26
DA:145,2
DA:148,24
DA:149,24
DA:153,24
DA:156,15
DA:158,10
LF:74
LH:19
BRDA:12,0,0,0
BRDA:14,1,0,0
BRDA:14,1,1,0
BRDA:14,2,0,0
BRDA:14,2,1,0
BRDA:14,3,0,0
BRDA:14,3,1,0
BRDA:15,4,0,0
BRDA:15,4,1,0
BRDA:22,5,0,0
BRDA:22,5,1,0
BRDA:26,6,0,0
BRDA:26,6,1,0
BRDA:26,7,0,0
BRDA:26,7,1,0
BRDA:32,8,0,0
BRDA:32,8,1,0
BRDA:33,9,0,0
BRDA:33,9,1,0
BRDA:38,10,0,0
BRDA:38,10,1,0
BRDA:40,11,0,0
BRDA:40,11,1,0
BRDA:40,12,0,0
BRDA:40,12,1,0
BRDA:42,13,0,0
BRDA:42,13,1,0
BRDA:42,14,0,0
BRDA:42,14,1,0
BRDA:52,15,0,0
BRDA:52,15,1,0
BRDA:52,15,2,0
BRDA:53,16,0,0
BRDA:53,16,1,0
BRDA:57,17,0,0
BRDA:57,17,1,0
BRDA:75,18,0,0
BRDA:75,18,1,0
BRDA:102,19,0,0
BRDA:102,19,1,0
BRDA:124,20,0,1
BRDA:124,20,1,10
BRDA:124,21,0,11
BRDA:124,21,1,11
BRDA:130,22,0,10
BRDA:130,22,1,1
BRDA:137,23,0,26
BRDA:137,23,1,0
BRDA:138,24,0,6
BRDA:138,24,1,20
BRDA:144,25,0,2
BRDA:144,25,1,24
BRDA:144,26,0,26
BRDA:144,26,1,25
BRDA:148,27,0,24
BRDA:148,27,1,0
BRDA:153,28,0,24
BRDA:153,28,1,18
BRF:58
BRH:16
end_of_record
TN:
SF:modules/presentation/touch-controls.mjs
FN:15,(anonymous_0)
FN:25,(anonymous_1)
FN:34,(anonymous_2)
FN:35,(anonymous_3)
FN:42,(anonymous_4)
FN:46,(anonymous_5)
FN:50,(anonymous_6)
FN:57,(anonymous_7)
FN:64,(anonymous_8)
FN:79,(anonymous_9)
FN:109,(anonymous_10)
FN:123,(anonymous_11)
FN:146,(anonymous_12)
FN:166,(anonymous_13)
FN:181,(anonymous_14)
FN:185,(anonymous_15)
FN:202,(anonymous_16)
FN:221,(anonymous_17)
FN:236,(anonymous_18)
FN:243,(anonymous_19)
FN:247,(anonymous_20)
FN:251,(anonymous_21)
FN:260,(anonymous_22)
FN:274,isTouchDevice
FN:281,getDeviceType
FN:299,applyMobileStyles
FN:326,createTouchControls
FN:329,(anonymous_27)
FN:333,(anonymous_28)
FN:337,(anonymous_29)
FN:338,(anonymous_30)
FN:341,(anonymous_31)
FNF:32
FNH:0
FNDA:0,(anonymous_0)
FNDA:0,(anonymous_1)
FNDA:0,(anonymous_2)
FNDA:0,(anonymous_3)
FNDA:0,(anonymous_4)
FNDA:0,(anonymous_5)
FNDA:0,(anonymous_6)
FNDA:0,(anonymous_7)
FNDA:0,(anonymous_8)
FNDA:0,(anonymous_9)
FNDA:0,(anonymous_10)
FNDA:0,(anonymous_11)
FNDA:0,(anonymous_12)
FNDA:0,(anonymous_13)
FNDA:0,(anonymous_14)
FNDA:0,(anonymous_15)
FNDA:0,(anonymous_16)
FNDA:0,(anonymous_17)
FNDA:0,(anonymous_18)
FNDA:0,(anonymous_19)
FNDA:0,(anonymous_20)
FNDA:0,(anonymous_21)
FNDA:0,(anonymous_22)
FNDA:0,isTouchDevice
FNDA:0,getDeviceType
FNDA:0,applyMobileStyles
FNDA:0,createTouchControls
FNDA:0,(anonymous_27)
FNDA:0,(anonymous_28)
FNDA:0,(anonymous_29)
FNDA:0,(anonymous_30)
FNDA:0,(anonymous_31)
DA:16,0
DA:17,0
DA:18,0
DA:19,0
DA:20,0
DA:21,0
DA:22,0
DA:26,0
DA:27,0
DA:28,0
DA:29,0
DA:30,0
DA:31,0
DA:35,0
DA:43,0
DA:47,0
DA:51,0
DA:52,0
DA:53,0
DA:54,0
DA:58,0
DA:59,0
DA:60,0
DA:61,0
DA:65,0
DA:66,0
DA:68,0
DA:80,0
DA:81,0
DA:82,0
DA:83,0
DA:85,0
DA:97,0
DA:104,0
DA:105,0
DA:106,0
DA:110,0
DA:111,0
DA:112,0
DA:113,0
DA:115,0
DA:118,0
DA:119,0
DA:120,0
DA:124,0
DA:126,0
DA:127,0
DA:129,0
DA:131,0
DA:132,0
DA:133,0
DA:134,0
DA:135,0
DA:136,0
DA:137,0
DA:138,0
DA:139,0
DA:140,0
DA:143,0
DA:147,0
DA:149,0
DA:150,0
DA:152,0
DA:154,0
DA:155,0
DA:156,0
DA:157,0
DA:158,0
DA:160,0
DA:161,0
DA:167,0
DA:169,0
DA:171,0
DA:172,0
DA:173,0
DA:174,0
DA:175,0
DA:176,0
DA:177,0
DA:182,0
DA:186,0
DA:188,0
DA:189,0
DA:190,0
DA:192,0
DA:193,0
DA:194,0
DA:195,0
DA:198,0
DA:199,0
DA:203,0
DA:205,0
DA:206,0
DA:208,0
DA:209,0
DA:210,0
DA:212,0
DA:214,0
DA:217,0
DA:218,0
DA:222,0
DA:224,0
DA:225,0
DA:227,0
DA:228,0
DA:229,0
DA:232,0
DA:233,0
DA:237,0
DA:238,0
DA:239,0
DA:244,0
DA:248,0
DA:252,0
DA:261,0
DA:262,0
DA:263,0
DA:264,0
DA:266,0
DA:267,0
DA:275,0
DA:282,0
DA:283,0
DA:284,0
DA:286,0
DA:291,0
DA:293,0
DA:300,0
DA:302,0
DA:303,0
DA:304,0
DA:322,0
DA:327,0
DA:328,0
DA:330,0
DA:331,0
DA:334,0
DA:335,0
DA:337,0
DA:339,0
DA:342,0
LF:141
LH:0
BRDA:47,0,0,0
BRDA:47,0,1,0
BRDA:51,1,0,0
BRDA:51,1,1,0
BRDA:58,2,0,0
BRDA:58,2,1,0
BRDA:65,3,0,0
BRDA:65,3,1,0
BRDA:66,4,0,0
BRDA:66,4,1,0
BRDA:79,5,0,0
BRDA:124,6,0,0
BRDA:124,6,1,0
BRDA:131,7,0,0
BRDA:131,7,1,0
BRDA:134,8,0,0
BRDA:134,8,1,0
BRDA:147,9,0,0
BRDA:147,9,1,0
BRDA:154,10,0,0
BRDA:154,10,1,0
BRDA:154,11,0,0
BRDA:154,11,1,0
BRDA:156,12,0,0
BRDA:156,12,1,0
BRDA:157,13,0,0
BRDA:157,13,1,0
BRDA:157,14,0,0
BRDA:157,14,1,0
BRDA:160,15,0,0
BRDA:160,15,1,0
BRDA:160,16,0,0
BRDA:160,16,1,0
BRDA:167,17,0,0
BRDA:167,17,1,0
BRDA:171,18,0,0
BRDA:171,18,1,0
BRDA:173,19,0,0
BRDA:173,19,1,0
BRDA:186,20,0,0
BRDA:186,20,1,0
BRDA:186,21,0,0
BRDA:186,21,1,0
BRDA:192,22,0,0
BRDA:192,22,1,0
BRDA:203,23,0,0
BRDA:203,23,1,0
BRDA:203,24,0,0
BRDA:203,24,1,0
BRDA:208,25,0,0
BRDA:208,25,1,0
BRDA:209,26,0,0
BRDA:209,26,1,0
BRDA:222,27,0,0
BRDA:222,27,1,0
BRDA:222,28,0,0
BRDA:222,28,1,0
BRDA:227,29,0,0
BRDA:227,29,1,0
BRDA:238,30,0,0
BRDA:238,30,1,0
BRDA:275,31,0,0
BRDA:275,31,1,0
BRDA:275,31,2,0
BRDA:283,32,0,0
BRDA:283,32,1,0
BRDA:286,33,0,0
BRDA:286,33,1,0
BRDA:300,34,0,0
BRDA:300,34,1,0
BRDA:326,35,0,0
BRDA:339,36,0,0
BRDA:339,36,1,0
BRDA:342,37,0,0
BRDA:342,37,1,0
BRF:75
BRH:0
end_of_record
TN:
SF:modules/simulation/collision.mjs
FN:3,detectCollisions
FN:5,(anonymous_1)
FNF:2
FNH:2
FNDA:20,detectCollisions
FNDA:31,(anonymous_1)
DA:4,20
DA:5,20
DA:6,31
DA:7,31
DA:8,31
DA:9,31
DA:11,20
LF:7
LH:7
BRDA:3,0,0,0
BRDA:3,1,0,1
BRDA:6,2,0,2
BRDA:6,3,0,2
BRDA:6,4,0,2
BRDA:7,5,0,13
BRDA:7,5,1,18
BRDA:7,6,0,31
BRDA:7,6,1,28
BRDA:8,7,0,11
BRDA:8,7,1,20
BRDA:8,8,0,31
BRDA:8,8,1,28
BRDA:9,9,0,10
BRDA:9,9,1,21
BRDA:9,10,0,31
BRDA:9,10,1,28
BRF:17
BRH:16
end_of_record
